In file included from /usr/include/tensorflow/lite/core/api/op_resolver.h:24,
                 from /usr/include/tensorflow/lite/core/interpreter_builder.h:36,
                 from /usr/include/tensorflow/lite/interpreter_builder.h:20,
                 from /usr/include/tensorflow/lite/model.h:20,
                 from test.cpp:35:
/usr/include/tensorflow/lite/schema/schema_generated.h: In member function ‘bool tflite::QuantizationParameters::Verify(flatbuffers::Verifier&) const’:
/usr/include/tensorflow/lite/schema/schema_generated.h:4192:61: error: no matching function for call to ‘tflite::QuantizationParameters::VerifyField<uint8_t>(flatbuffers::Verifier&, tflite::QuantizationParameters::FlatBuffersVTableOffset, int) const’
 4192 |            VerifyField<uint8_t>(verifier, VT_DETAILS_TYPE, 1) &&
      |                                                             ^
In file included from /usr/include/tensorflow/lite/core/interpreter_builder.h:33,
                 from /usr/include/tensorflow/lite/interpreter_builder.h:20,
                 from /usr/include/tensorflow/lite/model.h:20,
                 from test.cpp:35:
/usr/local/include/flatbuffers/flatbuffers.h:2643:8: note: candidate: ‘bool flatbuffers::Table::VerifyField(const flatbuffers::Verifier&, flatbuffers::voffset_t) const [with T = unsigned char; flatbuffers::voffset_t = short unsigned int]’
 2643 |   bool VerifyField(const Verifier &verifier, voffset_t field) const {
      |        ^~~~~~~~~~~
/usr/local/include/flatbuffers/flatbuffers.h:2643:8: note:   candidate expects 2 arguments, 3 provided
In file included from /usr/include/tensorflow/lite/core/api/op_resolver.h:24,
                 from /usr/include/tensorflow/lite/core/interpreter_builder.h:36,
                 from /usr/include/tensorflow/lite/interpreter_builder.h:20,
                 from /usr/include/tensorflow/lite/model.h:20,
                 from test.cpp:35:
/usr/include/tensorflow/lite/schema/schema_generated.h:4195:68: error: no matching function for call to ‘tflite::QuantizationParameters::VerifyField<int32_t>(flatbuffers::Verifier&, tflite::QuantizationParameters::FlatBuffersVTableOffset, int) const’
 4195 |            VerifyField<int32_t>(verifier, VT_QUANTIZED_DIMENSION, 4) &&
      |                                                                    ^
In file included from /usr/include/tensorflow/lite/core/interpreter_builder.h:33,
                 from /usr/include/tensorflow/lite/interpreter_builder.h:20,
                 from /usr/include/tensorflow/lite/model.h:20,
                 from test.cpp:35:
/usr/local/include/flatbuffers/flatbuffers.h:2643:8: note: candidate: ‘bool flatbuffers::Table::VerifyField(const flatbuffers::Verifier&, flatbuffers::voffset_t) const [with T = int; flatbuffers::voffset_t = short unsigned int]’
 2643 |   bool VerifyField(const Verifier &verifier, voffset_t field) const {
      |        ^~~~~~~~~~~
/usr/local/include/flatbuffers/flatbuffers.h:2643:8: note:   candidate expects 2 arguments, 3 provided
In file included from /usr/include/tensorflow/lite/core/api/op_resolver.h:24,
                 from /usr/include/tensorflow/lite/core/interpreter_builder.h:36,
                 from /usr/include/tensorflow/lite/interpreter_builder.h:20,
                 from /usr/include/tensorflow/lite/model.h:20,
                 from test.cpp:35:
/usr/include/tensorflow/lite/schema/schema_generated.h: In member function ‘bool tflite::DimensionMetadata::Verify(flatbuffers::Verifier&) const’:
/usr/include/tensorflow/lite/schema/schema_generated.h:4536:54: error: no matching function for call to ‘tflite::DimensionMetadata::VerifyField<int8_t>(flatbuffers::Verifier&, tflite::DimensionMetadata::FlatBuffersVTableOffset, int) const’
 4536 |            VerifyField<int8_t>(verifier, VT_FORMAT, 1) &&
      |                                                      ^
In file included from /usr/include/tensorflow/lite/core/interpreter_builder.h:33,
                 from /usr/include/tensorflow/lite/interpreter_builder.h:20,
                 from /usr/include/tensorflow/lite/model.h:20,
                 from test.cpp:35:
/usr/local/include/flatbuffers/flatbuffers.h:2643:8: note: candidate: ‘bool flatbuffers::Table::VerifyField(const flatbuffers::Verifier&, flatbuffers::voffset_t) const [with T = signed char; flatbuffers::voffset_t = short unsigned int]’
 2643 |   bool VerifyField(const Verifier &verifier, voffset_t field) const {
      |        ^~~~~~~~~~~
/usr/local/include/flatbuffers/flatbuffers.h:2643:8: note:   candidate expects 2 arguments, 3 provided
In file included from /usr/include/tensorflow/lite/core/api/op_resolver.h:24,
                 from /usr/include/tensorflow/lite/core/interpreter_builder.h:36,
                 from /usr/include/tensorflow/lite/interpreter_builder.h:20,
                 from /usr/include/tensorflow/lite/model.h:20,
                 from test.cpp:35:
/usr/include/tensorflow/lite/schema/schema_generated.h:4537:59: error: no matching function for call to ‘tflite::DimensionMetadata::VerifyField<int32_t>(flatbuffers::Verifier&, tflite::DimensionMetadata::FlatBuffersVTableOffset, int) const’
 4537 |            VerifyField<int32_t>(verifier, VT_DENSE_SIZE, 4) &&
      |                                                           ^
In file included from /usr/include/tensorflow/lite/core/interpreter_builder.h:33,
                 from /usr/include/tensorflow/lite/interpreter_builder.h:20,
                 from /usr/include/tensorflow/lite/model.h:20,
                 from test.cpp:35:
/usr/local/include/flatbuffers/flatbuffers.h:2643:8: note: candidate: ‘bool flatbuffers::Table::VerifyField(const flatbuffers::Verifier&, flatbuffers::voffset_t) const [with T = int; flatbuffers::voffset_t = short unsigned int]’
 2643 |   bool VerifyField(const Verifier &verifier, voffset_t field) const {
      |        ^~~~~~~~~~~
/usr/local/include/flatbuffers/flatbuffers.h:2643:8: note:   candidate expects 2 arguments, 3 provided
In file included from /usr/include/tensorflow/lite/core/api/op_resolver.h:24,
                 from /usr/include/tensorflow/lite/core/interpreter_builder.h:36,
                 from /usr/include/tensorflow/lite/interpreter_builder.h:20,
                 from /usr/include/tensorflow/lite/model.h:20,
                 from test.cpp:35:
/usr/include/tensorflow/lite/schema/schema_generated.h:4538:68: error: no matching function for call to ‘tflite::DimensionMetadata::VerifyField<uint8_t>(flatbuffers::Verifier&, tflite::DimensionMetadata::FlatBuffersVTableOffset, int) const’
 4538 |            VerifyField<uint8_t>(verifier, VT_ARRAY_SEGMENTS_TYPE, 1) &&
      |                                                                    ^
In file included from /usr/include/tensorflow/lite/core/interpreter_builder.h:33,
                 from /usr/include/tensorflow/lite/interpreter_builder.h:20,
                 from /usr/include/tensorflow/lite/model.h:20,
                 from test.cpp:35:
/usr/local/include/flatbuffers/flatbuffers.h:2643:8: note: candidate: ‘bool flatbuffers::Table::VerifyField(const flatbuffers::Verifier&, flatbuffers::voffset_t) const [with T = unsigned char; flatbuffers::voffset_t = short unsigned int]’
 2643 |   bool VerifyField(const Verifier &verifier, voffset_t field) const {
      |        ^~~~~~~~~~~
/usr/local/include/flatbuffers/flatbuffers.h:2643:8: note:   candidate expects 2 arguments, 3 provided
In file included from /usr/include/tensorflow/lite/core/api/op_resolver.h:24,
                 from /usr/include/tensorflow/lite/core/interpreter_builder.h:36,
                 from /usr/include/tensorflow/lite/interpreter_builder.h:20,
                 from /usr/include/tensorflow/lite/model.h:20,
                 from test.cpp:35:
/usr/include/tensorflow/lite/schema/schema_generated.h:4541:67: error: no matching function for call to ‘tflite::DimensionMetadata::VerifyField<uint8_t>(flatbuffers::Verifier&, tflite::DimensionMetadata::FlatBuffersVTableOffset, int) const’
 4541 |            VerifyField<uint8_t>(verifier, VT_ARRAY_INDICES_TYPE, 1) &&
      |                                                                   ^
In file included from /usr/include/tensorflow/lite/core/interpreter_builder.h:33,
                 from /usr/include/tensorflow/lite/interpreter_builder.h:20,
                 from /usr/include/tensorflow/lite/model.h:20,
                 from test.cpp:35:
/usr/local/include/flatbuffers/flatbuffers.h:2643:8: note: candidate: ‘bool flatbuffers::Table::VerifyField(const flatbuffers::Verifier&, flatbuffers::voffset_t) const [with T = unsigned char; flatbuffers::voffset_t = short unsigned int]’
 2643 |   bool VerifyField(const Verifier &verifier, voffset_t field) const {
      |        ^~~~~~~~~~~
/usr/local/include/flatbuffers/flatbuffers.h:2643:8: note:   candidate expects 2 arguments, 3 provided
In file included from /usr/include/tensorflow/lite/core/api/op_resolver.h:24,
                 from /usr/include/tensorflow/lite/core/interpreter_builder.h:36,
                 from /usr/include/tensorflow/lite/interpreter_builder.h:20,
                 from /usr/include/tensorflow/lite/model.h:20,
                 from test.cpp:35:
/usr/include/tensorflow/lite/schema/schema_generated.h: In member function ‘bool tflite::VariantSubType::Verify(flatbuffers::Verifier&) const’:
/usr/include/tensorflow/lite/schema/schema_generated.h:4753:52: error: no matching function for call to ‘tflite::VariantSubType::VerifyField<int8_t>(flatbuffers::Verifier&, tflite::VariantSubType::FlatBuffersVTableOffset, int) const’
 4753 |            VerifyField<int8_t>(verifier, VT_TYPE, 1) &&
      |                                                    ^
In file included from /usr/include/tensorflow/lite/core/interpreter_builder.h:33,
                 from /usr/include/tensorflow/lite/interpreter_builder.h:20,
                 from /usr/include/tensorflow/lite/model.h:20,
                 from test.cpp:35:
/usr/local/include/flatbuffers/flatbuffers.h:2643:8: note: candidate: ‘bool flatbuffers::Table::VerifyField(const flatbuffers::Verifier&, flatbuffers::voffset_t) const [with T = signed char; flatbuffers::voffset_t = short unsigned int]’
 2643 |   bool VerifyField(const Verifier &verifier, voffset_t field) const {
      |        ^~~~~~~~~~~
/usr/local/include/flatbuffers/flatbuffers.h:2643:8: note:   candidate expects 2 arguments, 3 provided
In file included from /usr/include/tensorflow/lite/core/api/op_resolver.h:24,
                 from /usr/include/tensorflow/lite/core/interpreter_builder.h:36,
                 from /usr/include/tensorflow/lite/interpreter_builder.h:20,
                 from /usr/include/tensorflow/lite/model.h:20,
                 from test.cpp:35:
/usr/include/tensorflow/lite/schema/schema_generated.h:4754:57: error: no matching function for call to ‘tflite::VariantSubType::VerifyField<uint8_t>(flatbuffers::Verifier&, tflite::VariantSubType::FlatBuffersVTableOffset, int) const’
 4754 |            VerifyField<uint8_t>(verifier, VT_HAS_RANK, 1) &&
      |                                                         ^
In file included from /usr/include/tensorflow/lite/core/interpreter_builder.h:33,
                 from /usr/include/tensorflow/lite/interpreter_builder.h:20,
                 from /usr/include/tensorflow/lite/model.h:20,
                 from test.cpp:35:
/usr/local/include/flatbuffers/flatbuffers.h:2643:8: note: candidate: ‘bool flatbuffers::Table::VerifyField(const flatbuffers::Verifier&, flatbuffers::voffset_t) const [with T = unsigned char; flatbuffers::voffset_t = short unsigned int]’
 2643 |   bool VerifyField(const Verifier &verifier, voffset_t field) const {
      |        ^~~~~~~~~~~
/usr/local/include/flatbuffers/flatbuffers.h:2643:8: note:   candidate expects 2 arguments, 3 provided
In file included from /usr/include/tensorflow/lite/core/api/op_resolver.h:24,
                 from /usr/include/tensorflow/lite/core/interpreter_builder.h:36,
                 from /usr/include/tensorflow/lite/interpreter_builder.h:20,
                 from /usr/include/tensorflow/lite/model.h:20,
                 from test.cpp:35:
/usr/include/tensorflow/lite/schema/schema_generated.h: In member function ‘bool tflite::Tensor::Verify(flatbuffers::Verifier&) const’:
/usr/include/tensorflow/lite/schema/schema_generated.h:4880:52: error: no matching function for call to ‘tflite::Tensor::VerifyField<int8_t>(flatbuffers::Verifier&, tflite::Tensor::FlatBuffersVTableOffset, int) const’
 4880 |            VerifyField<int8_t>(verifier, VT_TYPE, 1) &&
      |                                                    ^
In file included from /usr/include/tensorflow/lite/core/interpreter_builder.h:33,
                 from /usr/include/tensorflow/lite/interpreter_builder.h:20,
                 from /usr/include/tensorflow/lite/model.h:20,
                 from test.cpp:35:
/usr/local/include/flatbuffers/flatbuffers.h:2643:8: note: candidate: ‘bool flatbuffers::Table::VerifyField(const flatbuffers::Verifier&, flatbuffers::voffset_t) const [with T = signed char; flatbuffers::voffset_t = short unsigned int]’
 2643 |   bool VerifyField(const Verifier &verifier, voffset_t field) const {
      |        ^~~~~~~~~~~
/usr/local/include/flatbuffers/flatbuffers.h:2643:8: note:   candidate expects 2 arguments, 3 provided
In file included from /usr/include/tensorflow/lite/core/api/op_resolver.h:24,
                 from /usr/include/tensorflow/lite/core/interpreter_builder.h:36,
                 from /usr/include/tensorflow/lite/interpreter_builder.h:20,
                 from /usr/include/tensorflow/lite/model.h:20,
                 from test.cpp:35:
/usr/include/tensorflow/lite/schema/schema_generated.h:4881:56: error: no matching function for call to ‘tflite::Tensor::VerifyField<uint32_t>(flatbuffers::Verifier&, tflite::Tensor::FlatBuffersVTableOffset, int) const’
 4881 |            VerifyField<uint32_t>(verifier, VT_BUFFER, 4) &&
      |                                                        ^
In file included from /usr/include/tensorflow/lite/core/interpreter_builder.h:33,
                 from /usr/include/tensorflow/lite/interpreter_builder.h:20,
                 from /usr/include/tensorflow/lite/model.h:20,
                 from test.cpp:35:
/usr/local/include/flatbuffers/flatbuffers.h:2643:8: note: candidate: ‘bool flatbuffers::Table::VerifyField(const flatbuffers::Verifier&, flatbuffers::voffset_t) const [with T = unsigned int; flatbuffers::voffset_t = short unsigned int]’
 2643 |   bool VerifyField(const Verifier &verifier, voffset_t field) const {
      |        ^~~~~~~~~~~
/usr/local/include/flatbuffers/flatbuffers.h:2643:8: note:   candidate expects 2 arguments, 3 provided
In file included from /usr/include/tensorflow/lite/core/api/op_resolver.h:24,
                 from /usr/include/tensorflow/lite/core/interpreter_builder.h:36,
                 from /usr/include/tensorflow/lite/interpreter_builder.h:20,
                 from /usr/include/tensorflow/lite/model.h:20,
                 from test.cpp:35:
/usr/include/tensorflow/lite/schema/schema_generated.h:4886:60: error: no matching function for call to ‘tflite::Tensor::VerifyField<uint8_t>(flatbuffers::Verifier&, tflite::Tensor::FlatBuffersVTableOffset, int) const’
 4886 |            VerifyField<uint8_t>(verifier, VT_IS_VARIABLE, 1) &&
      |                                                            ^
In file included from /usr/include/tensorflow/lite/core/interpreter_builder.h:33,
                 from /usr/include/tensorflow/lite/interpreter_builder.h:20,
                 from /usr/include/tensorflow/lite/model.h:20,
                 from test.cpp:35:
/usr/local/include/flatbuffers/flatbuffers.h:2643:8: note: candidate: ‘bool flatbuffers::Table::VerifyField(const flatbuffers::Verifier&, flatbuffers::voffset_t) const [with T = unsigned char; flatbuffers::voffset_t = short unsigned int]’
 2643 |   bool VerifyField(const Verifier &verifier, voffset_t field) const {
      |        ^~~~~~~~~~~
/usr/local/include/flatbuffers/flatbuffers.h:2643:8: note:   candidate expects 2 arguments, 3 provided
In file included from /usr/include/tensorflow/lite/core/api/op_resolver.h:24,
                 from /usr/include/tensorflow/lite/core/interpreter_builder.h:36,
                 from /usr/include/tensorflow/lite/interpreter_builder.h:20,
                 from /usr/include/tensorflow/lite/model.h:20,
                 from test.cpp:35:
/usr/include/tensorflow/lite/schema/schema_generated.h:4891:57: error: no matching function for call to ‘tflite::Tensor::VerifyField<uint8_t>(flatbuffers::Verifier&, tflite::Tensor::FlatBuffersVTableOffset, int) const’
 4891 |            VerifyField<uint8_t>(verifier, VT_HAS_RANK, 1) &&
      |                                                         ^
In file included from /usr/include/tensorflow/lite/core/interpreter_builder.h:33,
                 from /usr/include/tensorflow/lite/interpreter_builder.h:20,
                 from /usr/include/tensorflow/lite/model.h:20,
                 from test.cpp:35:
/usr/local/include/flatbuffers/flatbuffers.h:2643:8: note: candidate: ‘bool flatbuffers::Table::VerifyField(const flatbuffers::Verifier&, flatbuffers::voffset_t) const [with T = unsigned char; flatbuffers::voffset_t = short unsigned int]’
 2643 |   bool VerifyField(const Verifier &verifier, voffset_t field) const {
      |        ^~~~~~~~~~~
/usr/local/include/flatbuffers/flatbuffers.h:2643:8: note:   candidate expects 2 arguments, 3 provided
In file included from /usr/include/tensorflow/lite/core/api/op_resolver.h:24,
                 from /usr/include/tensorflow/lite/core/interpreter_builder.h:36,
                 from /usr/include/tensorflow/lite/interpreter_builder.h:20,
                 from /usr/include/tensorflow/lite/model.h:20,
                 from test.cpp:35:
/usr/include/tensorflow/lite/schema/schema_generated.h: In member function ‘bool tflite::Conv2DOptions::Verify(flatbuffers::Verifier&) const’:
/usr/include/tensorflow/lite/schema/schema_generated.h:5046:55: error: no matching function for call to ‘tflite::Conv2DOptions::VerifyField<int8_t>(flatbuffers::Verifier&, tflite::Conv2DOptions::FlatBuffersVTableOffset, int) const’
 5046 |            VerifyField<int8_t>(verifier, VT_PADDING, 1) &&
      |                                                       ^
In file included from /usr/include/tensorflow/lite/core/interpreter_builder.h:33,
                 from /usr/include/tensorflow/lite/interpreter_builder.h:20,
                 from /usr/include/tensorflow/lite/model.h:20,
                 from test.cpp:35:
/usr/local/include/flatbuffers/flatbuffers.h:2643:8: note: candidate: ‘bool flatbuffers::Table::VerifyField(const flatbuffers::Verifier&, flatbuffers::voffset_t) const [with T = signed char; flatbuffers::voffset_t = short unsigned int]’
 2643 |   bool VerifyField(const Verifier &verifier, voffset_t field) const {
      |        ^~~~~~~~~~~
/usr/local/include/flatbuffers/flatbuffers.h:2643:8: note:   candidate expects 2 arguments, 3 provided
In file included from /usr/include/tensorflow/lite/core/api/op_resolver.h:24,
                 from /usr/include/tensorflow/lite/core/interpreter_builder.h:36,
                 from /usr/include/tensorflow/lite/interpreter_builder.h:20,
                 from /usr/include/tensorflow/lite/model.h:20,
                 from test.cpp:35:
/usr/include/tensorflow/lite/schema/schema_generated.h:5047:57: error: no matching function for call to ‘tflite::Conv2DOptions::VerifyField<int32_t>(flatbuffers::Verifier&, tflite::Conv2DOptions::FlatBuffersVTableOffset, int) const’
 5047 |            VerifyField<int32_t>(verifier, VT_STRIDE_W, 4) &&
      |                                                         ^
In file included from /usr/include/tensorflow/lite/core/interpreter_builder.h:33,
                 from /usr/include/tensorflow/lite/interpreter_builder.h:20,
                 from /usr/include/tensorflow/lite/model.h:20,
                 from test.cpp:35:
/usr/local/include/flatbuffers/flatbuffers.h:2643:8: note: candidate: ‘bool flatbuffers::Table::VerifyField(const flatbuffers::Verifier&, flatbuffers::voffset_t) const [with T = int; flatbuffers::voffset_t = short unsigned int]’
 2643 |   bool VerifyField(const Verifier &verifier, voffset_t field) const {
      |        ^~~~~~~~~~~
/usr/local/include/flatbuffers/flatbuffers.h:2643:8: note:   candidate expects 2 arguments, 3 provided
In file included from /usr/include/tensorflow/lite/core/api/op_resolver.h:24,
                 from /usr/include/tensorflow/lite/core/interpreter_builder.h:36,
                 from /usr/include/tensorflow/lite/interpreter_builder.h:20,
                 from /usr/include/tensorflow/lite/model.h:20,
                 from test.cpp:35:
/usr/include/tensorflow/lite/schema/schema_generated.h:5048:57: error: no matching function for call to ‘tflite::Conv2DOptions::VerifyField<int32_t>(flatbuffers::Verifier&, tflite::Conv2DOptions::FlatBuffersVTableOffset, int) const’
 5048 |            VerifyField<int32_t>(verifier, VT_STRIDE_H, 4) &&
      |                                                         ^
In file included from /usr/include/tensorflow/lite/core/interpreter_builder.h:33,
                 from /usr/include/tensorflow/lite/interpreter_builder.h:20,
                 from /usr/include/tensorflow/lite/model.h:20,
                 from test.cpp:35:
/usr/local/include/flatbuffers/flatbuffers.h:2643:8: note: candidate: ‘bool flatbuffers::Table::VerifyField(const flatbuffers::Verifier&, flatbuffers::voffset_t) const [with T = int; flatbuffers::voffset_t = short unsigned int]’
 2643 |   bool VerifyField(const Verifier &verifier, voffset_t field) const {
      |        ^~~~~~~~~~~
/usr/local/include/flatbuffers/flatbuffers.h:2643:8: note:   candidate expects 2 arguments, 3 provided
In file included from /usr/include/tensorflow/lite/core/api/op_resolver.h:24,
                 from /usr/include/tensorflow/lite/core/interpreter_builder.h:36,
                 from /usr/include/tensorflow/lite/interpreter_builder.h:20,
                 from /usr/include/tensorflow/lite/model.h:20,
                 from test.cpp:35:
/usr/include/tensorflow/lite/schema/schema_generated.h:5049:73: error: no matching function for call to ‘tflite::Conv2DOptions::VerifyField<int8_t>(flatbuffers::Verifier&, tflite::Conv2DOptions::FlatBuffersVTableOffset, int) const’
 5049 |            VerifyField<int8_t>(verifier, VT_FUSED_ACTIVATION_FUNCTION, 1) &&
      |                                                                         ^
In file included from /usr/include/tensorflow/lite/core/interpreter_builder.h:33,
                 from /usr/include/tensorflow/lite/interpreter_builder.h:20,
                 from /usr/include/tensorflow/lite/model.h:20,
                 from test.cpp:35:
/usr/local/include/flatbuffers/flatbuffers.h:2643:8: note: candidate: ‘bool flatbuffers::Table::VerifyField(const flatbuffers::Verifier&, flatbuffers::voffset_t) const [with T = signed char; flatbuffers::voffset_t = short unsigned int]’
 2643 |   bool VerifyField(const Verifier &verifier, voffset_t field) const {
      |        ^~~~~~~~~~~
/usr/local/include/flatbuffers/flatbuffers.h:2643:8: note:   candidate expects 2 arguments, 3 provided
In file included from /usr/include/tensorflow/lite/core/api/op_resolver.h:24,
                 from /usr/include/tensorflow/lite/core/interpreter_builder.h:36,
                 from /usr/include/tensorflow/lite/interpreter_builder.h:20,
                 from /usr/include/tensorflow/lite/model.h:20,
                 from test.cpp:35:
/usr/include/tensorflow/lite/schema/schema_generated.h:5050:66: error: no matching function for call to ‘tflite::Conv2DOptions::VerifyField<int32_t>(flatbuffers::Verifier&, tflite::Conv2DOptions::FlatBuffersVTableOffset, int) const’
 5050 |            VerifyField<int32_t>(verifier, VT_DILATION_W_FACTOR, 4) &&
      |                                                                  ^
In file included from /usr/include/tensorflow/lite/core/interpreter_builder.h:33,
                 from /usr/include/tensorflow/lite/interpreter_builder.h:20,
                 from /usr/include/tensorflow/lite/model.h:20,
                 from test.cpp:35:
/usr/local/include/flatbuffers/flatbuffers.h:2643:8: note: candidate: ‘bool flatbuffers::Table::VerifyField(const flatbuffers::Verifier&, flatbuffers::voffset_t) const [with T = int; flatbuffers::voffset_t = short unsigned int]’
 2643 |   bool VerifyField(const Verifier &verifier, voffset_t field) const {
      |        ^~~~~~~~~~~
/usr/local/include/flatbuffers/flatbuffers.h:2643:8: note:   candidate expects 2 arguments, 3 provided
In file included from /usr/include/tensorflow/lite/core/api/op_resolver.h:24,
                 from /usr/include/tensorflow/lite/core/interpreter_builder.h:36,
                 from /usr/include/tensorflow/lite/interpreter_builder.h:20,
                 from /usr/include/tensorflow/lite/model.h:20,
                 from test.cpp:35:
/usr/include/tensorflow/lite/schema/schema_generated.h:5051:66: error: no matching function for call to ‘tflite::Conv2DOptions::VerifyField<int32_t>(flatbuffers::Verifier&, tflite::Conv2DOptions::FlatBuffersVTableOffset, int) const’
 5051 |            VerifyField<int32_t>(verifier, VT_DILATION_H_FACTOR, 4) &&
      |                                                                  ^
In file included from /usr/include/tensorflow/lite/core/interpreter_builder.h:33,
                 from /usr/include/tensorflow/lite/interpreter_builder.h:20,
                 from /usr/include/tensorflow/lite/model.h:20,
                 from test.cpp:35:
/usr/local/include/flatbuffers/flatbuffers.h:2643:8: note: candidate: ‘bool flatbuffers::Table::VerifyField(const flatbuffers::Verifier&, flatbuffers::voffset_t) const [with T = int; flatbuffers::voffset_t = short unsigned int]’
 2643 |   bool VerifyField(const Verifier &verifier, voffset_t field) const {
      |        ^~~~~~~~~~~
/usr/local/include/flatbuffers/flatbuffers.h:2643:8: note:   candidate expects 2 arguments, 3 provided
In file included from /usr/include/tensorflow/lite/core/api/op_resolver.h:24,
                 from /usr/include/tensorflow/lite/core/interpreter_builder.h:36,
                 from /usr/include/tensorflow/lite/interpreter_builder.h:20,
                 from /usr/include/tensorflow/lite/model.h:20,
                 from test.cpp:35:
/usr/include/tensorflow/lite/schema/schema_generated.h: In member function ‘bool tflite::Conv3DOptions::Verify(flatbuffers::Verifier&) const’:
/usr/include/tensorflow/lite/schema/schema_generated.h:5163:55: error: no matching function for call to ‘tflite::Conv3DOptions::VerifyField<int8_t>(flatbuffers::Verifier&, tflite::Conv3DOptions::FlatBuffersVTableOffset, int) const’
 5163 |            VerifyField<int8_t>(verifier, VT_PADDING, 1) &&
      |                                                       ^
In file included from /usr/include/tensorflow/lite/core/interpreter_builder.h:33,
                 from /usr/include/tensorflow/lite/interpreter_builder.h:20,
                 from /usr/include/tensorflow/lite/model.h:20,
                 from test.cpp:35:
/usr/local/include/flatbuffers/flatbuffers.h:2643:8: note: candidate: ‘bool flatbuffers::Table::VerifyField(const flatbuffers::Verifier&, flatbuffers::voffset_t) const [with T = signed char; flatbuffers::voffset_t = short unsigned int]’
 2643 |   bool VerifyField(const Verifier &verifier, voffset_t field) const {
      |        ^~~~~~~~~~~
/usr/local/include/flatbuffers/flatbuffers.h:2643:8: note:   candidate expects 2 arguments, 3 provided
In file included from /usr/include/tensorflow/lite/core/api/op_resolver.h:24,
                 from /usr/include/tensorflow/lite/core/interpreter_builder.h:36,
                 from /usr/include/tensorflow/lite/interpreter_builder.h:20,
                 from /usr/include/tensorflow/lite/model.h:20,
                 from test.cpp:35:
/usr/include/tensorflow/lite/schema/schema_generated.h:5164:57: error: no matching function for call to ‘tflite::Conv3DOptions::VerifyField<int32_t>(flatbuffers::Verifier&, tflite::Conv3DOptions::FlatBuffersVTableOffset, int) const’
 5164 |            VerifyField<int32_t>(verifier, VT_STRIDE_D, 4) &&
      |                                                         ^
In file included from /usr/include/tensorflow/lite/core/interpreter_builder.h:33,
                 from /usr/include/tensorflow/lite/interpreter_builder.h:20,
                 from /usr/include/tensorflow/lite/model.h:20,
                 from test.cpp:35:
/usr/local/include/flatbuffers/flatbuffers.h:2643:8: note: candidate: ‘bool flatbuffers::Table::VerifyField(const flatbuffers::Verifier&, flatbuffers::voffset_t) const [with T = int; flatbuffers::voffset_t = short unsigned int]’
 2643 |   bool VerifyField(const Verifier &verifier, voffset_t field) const {
      |        ^~~~~~~~~~~
/usr/local/include/flatbuffers/flatbuffers.h:2643:8: note:   candidate expects 2 arguments, 3 provided
In file included from /usr/include/tensorflow/lite/core/api/op_resolver.h:24,
                 from /usr/include/tensorflow/lite/core/interpreter_builder.h:36,
                 from /usr/include/tensorflow/lite/interpreter_builder.h:20,
                 from /usr/include/tensorflow/lite/model.h:20,
                 from test.cpp:35:
/usr/include/tensorflow/lite/schema/schema_generated.h:5165:57: error: no matching function for call to ‘tflite::Conv3DOptions::VerifyField<int32_t>(flatbuffers::Verifier&, tflite::Conv3DOptions::FlatBuffersVTableOffset, int) const’
 5165 |            VerifyField<int32_t>(verifier, VT_STRIDE_W, 4) &&
      |                                                         ^
In file included from /usr/include/tensorflow/lite/core/interpreter_builder.h:33,
                 from /usr/include/tensorflow/lite/interpreter_builder.h:20,
                 from /usr/include/tensorflow/lite/model.h:20,
                 from test.cpp:35:
/usr/local/include/flatbuffers/flatbuffers.h:2643:8: note: candidate: ‘bool flatbuffers::Table::VerifyField(const flatbuffers::Verifier&, flatbuffers::voffset_t) const [with T = int; flatbuffers::voffset_t = short unsigned int]’
 2643 |   bool VerifyField(const Verifier &verifier, voffset_t field) const {
      |        ^~~~~~~~~~~
/usr/local/include/flatbuffers/flatbuffers.h:2643:8: note:   candidate expects 2 arguments, 3 provided
In file included from /usr/include/tensorflow/lite/core/api/op_resolver.h:24,
                 from /usr/include/tensorflow/lite/core/interpreter_builder.h:36,
                 from /usr/include/tensorflow/lite/interpreter_builder.h:20,
                 from /usr/include/tensorflow/lite/model.h:20,
                 from test.cpp:35:
/usr/include/tensorflow/lite/schema/schema_generated.h:5166:57: error: no matching function for call to ‘tflite::Conv3DOptions::VerifyField<int32_t>(flatbuffers::Verifier&, tflite::Conv3DOptions::FlatBuffersVTableOffset, int) const’
 5166 |            VerifyField<int32_t>(verifier, VT_STRIDE_H, 4) &&
      |                                                         ^
In file included from /usr/include/tensorflow/lite/core/interpreter_builder.h:33,
                 from /usr/include/tensorflow/lite/interpreter_builder.h:20,
                 from /usr/include/tensorflow/lite/model.h:20,
                 from test.cpp:35:
/usr/local/include/flatbuffers/flatbuffers.h:2643:8: note: candidate: ‘bool flatbuffers::Table::VerifyField(const flatbuffers::Verifier&, flatbuffers::voffset_t) const [with T = int; flatbuffers::voffset_t = short unsigned int]’
 2643 |   bool VerifyField(const Verifier &verifier, voffset_t field) const {
      |        ^~~~~~~~~~~
/usr/local/include/flatbuffers/flatbuffers.h:2643:8: note:   candidate expects 2 arguments, 3 provided
In file included from /usr/include/tensorflow/lite/core/api/op_resolver.h:24,
                 from /usr/include/tensorflow/lite/core/interpreter_builder.h:36,
                 from /usr/include/tensorflow/lite/interpreter_builder.h:20,
                 from /usr/include/tensorflow/lite/model.h:20,
                 from test.cpp:35:
/usr/include/tensorflow/lite/schema/schema_generated.h:5167:73: error: no matching function for call to ‘tflite::Conv3DOptions::VerifyField<int8_t>(flatbuffers::Verifier&, tflite::Conv3DOptions::FlatBuffersVTableOffset, int) const’
 5167 |            VerifyField<int8_t>(verifier, VT_FUSED_ACTIVATION_FUNCTION, 1) &&
      |                                                                         ^
In file included from /usr/include/tensorflow/lite/core/interpreter_builder.h:33,
                 from /usr/include/tensorflow/lite/interpreter_builder.h:20,
                 from /usr/include/tensorflow/lite/model.h:20,
                 from test.cpp:35:
/usr/local/include/flatbuffers/flatbuffers.h:2643:8: note: candidate: ‘bool flatbuffers::Table::VerifyField(const flatbuffers::Verifier&, flatbuffers::voffset_t) const [with T = signed char; flatbuffers::voffset_t = short unsigned int]’
 2643 |   bool VerifyField(const Verifier &verifier, voffset_t field) const {
      |        ^~~~~~~~~~~
/usr/local/include/flatbuffers/flatbuffers.h:2643:8: note:   candidate expects 2 arguments, 3 provided
In file included from /usr/include/tensorflow/lite/core/api/op_resolver.h:24,
                 from /usr/include/tensorflow/lite/core/interpreter_builder.h:36,
                 from /usr/include/tensorflow/lite/interpreter_builder.h:20,
                 from /usr/include/tensorflow/lite/model.h:20,
                 from test.cpp:35:
/usr/include/tensorflow/lite/schema/schema_generated.h:5168:66: error: no matching function for call to ‘tflite::Conv3DOptions::VerifyField<int32_t>(flatbuffers::Verifier&, tflite::Conv3DOptions::FlatBuffersVTableOffset, int) const’
 5168 |            VerifyField<int32_t>(verifier, VT_DILATION_D_FACTOR, 4) &&
      |                                                                  ^
In file included from /usr/include/tensorflow/lite/core/interpreter_builder.h:33,
                 from /usr/include/tensorflow/lite/interpreter_builder.h:20,
                 from /usr/include/tensorflow/lite/model.h:20,
                 from test.cpp:35:
/usr/local/include/flatbuffers/flatbuffers.h:2643:8: note: candidate: ‘bool flatbuffers::Table::VerifyField(const flatbuffers::Verifier&, flatbuffers::voffset_t) const [with T = int; flatbuffers::voffset_t = short unsigned int]’
 2643 |   bool VerifyField(const Verifier &verifier, voffset_t field) const {
      |        ^~~~~~~~~~~
/usr/local/include/flatbuffers/flatbuffers.h:2643:8: note:   candidate expects 2 arguments, 3 provided
In file included from /usr/include/tensorflow/lite/core/api/op_resolver.h:24,
                 from /usr/include/tensorflow/lite/core/interpreter_builder.h:36,
                 from /usr/include/tensorflow/lite/interpreter_builder.h:20,
                 from /usr/include/tensorflow/lite/model.h:20,
                 from test.cpp:35:
/usr/include/tensorflow/lite/schema/schema_generated.h:5169:66: error: no matching function for call to ‘tflite::Conv3DOptions::VerifyField<int32_t>(flatbuffers::Verifier&, tflite::Conv3DOptions::FlatBuffersVTableOffset, int) const’
 5169 |            VerifyField<int32_t>(verifier, VT_DILATION_W_FACTOR, 4) &&
      |                                                                  ^
In file included from /usr/include/tensorflow/lite/core/interpreter_builder.h:33,
                 from /usr/include/tensorflow/lite/interpreter_builder.h:20,
                 from /usr/include/tensorflow/lite/model.h:20,
                 from test.cpp:35:
/usr/local/include/flatbuffers/flatbuffers.h:2643:8: note: candidate: ‘bool flatbuffers::Table::VerifyField(const flatbuffers::Verifier&, flatbuffers::voffset_t) const [with T = int; flatbuffers::voffset_t = short unsigned int]’
 2643 |   bool VerifyField(const Verifier &verifier, voffset_t field) const {
      |        ^~~~~~~~~~~
/usr/local/include/flatbuffers/flatbuffers.h:2643:8: note:   candidate expects 2 arguments, 3 provided
In file included from /usr/include/tensorflow/lite/core/api/op_resolver.h:24,
                 from /usr/include/tensorflow/lite/core/interpreter_builder.h:36,
                 from /usr/include/tensorflow/lite/interpreter_builder.h:20,
                 from /usr/include/tensorflow/lite/model.h:20,
                 from test.cpp:35:
/usr/include/tensorflow/lite/schema/schema_generated.h:5170:66: error: no matching function for call to ‘tflite::Conv3DOptions::VerifyField<int32_t>(flatbuffers::Verifier&, tflite::Conv3DOptions::FlatBuffersVTableOffset, int) const’
 5170 |            VerifyField<int32_t>(verifier, VT_DILATION_H_FACTOR, 4) &&
      |                                                                  ^
In file included from /usr/include/tensorflow/lite/core/interpreter_builder.h:33,
                 from /usr/include/tensorflow/lite/interpreter_builder.h:20,
                 from /usr/include/tensorflow/lite/model.h:20,
                 from test.cpp:35:
/usr/local/include/flatbuffers/flatbuffers.h:2643:8: note: candidate: ‘bool flatbuffers::Table::VerifyField(const flatbuffers::Verifier&, flatbuffers::voffset_t) const [with T = int; flatbuffers::voffset_t = short unsigned int]’
 2643 |   bool VerifyField(const Verifier &verifier, voffset_t field) const {
      |        ^~~~~~~~~~~
/usr/local/include/flatbuffers/flatbuffers.h:2643:8: note:   candidate expects 2 arguments, 3 provided
In file included from /usr/include/tensorflow/lite/core/api/op_resolver.h:24,
                 from /usr/include/tensorflow/lite/core/interpreter_builder.h:36,
                 from /usr/include/tensorflow/lite/interpreter_builder.h:20,
                 from /usr/include/tensorflow/lite/model.h:20,
                 from test.cpp:35:
/usr/include/tensorflow/lite/schema/schema_generated.h: In member function ‘bool tflite::Pool2DOptions::Verify(flatbuffers::Verifier&) const’:
/usr/include/tensorflow/lite/schema/schema_generated.h:5282:55: error: no matching function for call to ‘tflite::Pool2DOptions::VerifyField<int8_t>(flatbuffers::Verifier&, tflite::Pool2DOptions::FlatBuffersVTableOffset, int) const’
 5282 |            VerifyField<int8_t>(verifier, VT_PADDING, 1) &&
      |                                                       ^
In file included from /usr/include/tensorflow/lite/core/interpreter_builder.h:33,
                 from /usr/include/tensorflow/lite/interpreter_builder.h:20,
                 from /usr/include/tensorflow/lite/model.h:20,
                 from test.cpp:35:
/usr/local/include/flatbuffers/flatbuffers.h:2643:8: note: candidate: ‘bool flatbuffers::Table::VerifyField(const flatbuffers::Verifier&, flatbuffers::voffset_t) const [with T = signed char; flatbuffers::voffset_t = short unsigned int]’
 2643 |   bool VerifyField(const Verifier &verifier, voffset_t field) const {
      |        ^~~~~~~~~~~
/usr/local/include/flatbuffers/flatbuffers.h:2643:8: note:   candidate expects 2 arguments, 3 provided
In file included from /usr/include/tensorflow/lite/core/api/op_resolver.h:24,
                 from /usr/include/tensorflow/lite/core/interpreter_builder.h:36,
                 from /usr/include/tensorflow/lite/interpreter_builder.h:20,
                 from /usr/include/tensorflow/lite/model.h:20,
                 from test.cpp:35:
/usr/include/tensorflow/lite/schema/schema_generated.h:5283:57: error: no matching function for call to ‘tflite::Pool2DOptions::VerifyField<int32_t>(flatbuffers::Verifier&, tflite::Pool2DOptions::FlatBuffersVTableOffset, int) const’
 5283 |            VerifyField<int32_t>(verifier, VT_STRIDE_W, 4) &&
      |                                                         ^
In file included from /usr/include/tensorflow/lite/core/interpreter_builder.h:33,
                 from /usr/include/tensorflow/lite/interpreter_builder.h:20,
                 from /usr/include/tensorflow/lite/model.h:20,
                 from test.cpp:35:
/usr/local/include/flatbuffers/flatbuffers.h:2643:8: note: candidate: ‘bool flatbuffers::Table::VerifyField(const flatbuffers::Verifier&, flatbuffers::voffset_t) const [with T = int; flatbuffers::voffset_t = short unsigned int]’
 2643 |   bool VerifyField(const Verifier &verifier, voffset_t field) const {
      |        ^~~~~~~~~~~
/usr/local/include/flatbuffers/flatbuffers.h:2643:8: note:   candidate expects 2 arguments, 3 provided
In file included from /usr/include/tensorflow/lite/core/api/op_resolver.h:24,
                 from /usr/include/tensorflow/lite/core/interpreter_builder.h:36,
                 from /usr/include/tensorflow/lite/interpreter_builder.h:20,
                 from /usr/include/tensorflow/lite/model.h:20,
                 from test.cpp:35:
/usr/include/tensorflow/lite/schema/schema_generated.h:5284:57: error: no matching function for call to ‘tflite::Pool2DOptions::VerifyField<int32_t>(flatbuffers::Verifier&, tflite::Pool2DOptions::FlatBuffersVTableOffset, int) const’
 5284 |            VerifyField<int32_t>(verifier, VT_STRIDE_H, 4) &&
      |                                                         ^
In file included from /usr/include/tensorflow/lite/core/interpreter_builder.h:33,
                 from /usr/include/tensorflow/lite/interpreter_builder.h:20,
                 from /usr/include/tensorflow/lite/model.h:20,
                 from test.cpp:35:
/usr/local/include/flatbuffers/flatbuffers.h:2643:8: note: candidate: ‘bool flatbuffers::Table::VerifyField(const flatbuffers::Verifier&, flatbuffers::voffset_t) const [with T = int; flatbuffers::voffset_t = short unsigned int]’
 2643 |   bool VerifyField(const Verifier &verifier, voffset_t field) const {
      |        ^~~~~~~~~~~
/usr/local/include/flatbuffers/flatbuffers.h:2643:8: note:   candidate expects 2 arguments, 3 provided
In file included from /usr/include/tensorflow/lite/core/api/op_resolver.h:24,
                 from /usr/include/tensorflow/lite/core/interpreter_builder.h:36,
                 from /usr/include/tensorflow/lite/interpreter_builder.h:20,
                 from /usr/include/tensorflow/lite/model.h:20,
                 from test.cpp:35:
/usr/include/tensorflow/lite/schema/schema_generated.h:5285:61: error: no matching function for call to ‘tflite::Pool2DOptions::VerifyField<int32_t>(flatbuffers::Verifier&, tflite::Pool2DOptions::FlatBuffersVTableOffset, int) const’
 5285 |            VerifyField<int32_t>(verifier, VT_FILTER_WIDTH, 4) &&
      |                                                             ^
In file included from /usr/include/tensorflow/lite/core/interpreter_builder.h:33,
                 from /usr/include/tensorflow/lite/interpreter_builder.h:20,
                 from /usr/include/tensorflow/lite/model.h:20,
                 from test.cpp:35:
/usr/local/include/flatbuffers/flatbuffers.h:2643:8: note: candidate: ‘bool flatbuffers::Table::VerifyField(const flatbuffers::Verifier&, flatbuffers::voffset_t) const [with T = int; flatbuffers::voffset_t = short unsigned int]’
 2643 |   bool VerifyField(const Verifier &verifier, voffset_t field) const {
      |        ^~~~~~~~~~~
/usr/local/include/flatbuffers/flatbuffers.h:2643:8: note:   candidate expects 2 arguments, 3 provided
In file included from /usr/include/tensorflow/lite/core/api/op_resolver.h:24,
                 from /usr/include/tensorflow/lite/core/interpreter_builder.h:36,
                 from /usr/include/tensorflow/lite/interpreter_builder.h:20,
                 from /usr/include/tensorflow/lite/model.h:20,
                 from test.cpp:35:
/usr/include/tensorflow/lite/schema/schema_generated.h:5286:62: error: no matching function for call to ‘tflite::Pool2DOptions::VerifyField<int32_t>(flatbuffers::Verifier&, tflite::Pool2DOptions::FlatBuffersVTableOffset, int) const’
 5286 |            VerifyField<int32_t>(verifier, VT_FILTER_HEIGHT, 4) &&
      |                                                              ^
In file included from /usr/include/tensorflow/lite/core/interpreter_builder.h:33,
                 from /usr/include/tensorflow/lite/interpreter_builder.h:20,
                 from /usr/include/tensorflow/lite/model.h:20,
                 from test.cpp:35:
/usr/local/include/flatbuffers/flatbuffers.h:2643:8: note: candidate: ‘bool flatbuffers::Table::VerifyField(const flatbuffers::Verifier&, flatbuffers::voffset_t) const [with T = int; flatbuffers::voffset_t = short unsigned int]’
 2643 |   bool VerifyField(const Verifier &verifier, voffset_t field) const {
      |        ^~~~~~~~~~~
/usr/local/include/flatbuffers/flatbuffers.h:2643:8: note:   candidate expects 2 arguments, 3 provided
In file included from /usr/include/tensorflow/lite/core/api/op_resolver.h:24,
                 from /usr/include/tensorflow/lite/core/interpreter_builder.h:36,
                 from /usr/include/tensorflow/lite/interpreter_builder.h:20,
                 from /usr/include/tensorflow/lite/model.h:20,
                 from test.cpp:35:
/usr/include/tensorflow/lite/schema/schema_generated.h:5287:73: error: no matching function for call to ‘tflite::Pool2DOptions::VerifyField<int8_t>(flatbuffers::Verifier&, tflite::Pool2DOptions::FlatBuffersVTableOffset, int) const’
 5287 |            VerifyField<int8_t>(verifier, VT_FUSED_ACTIVATION_FUNCTION, 1) &&
      |                                                                         ^
In file included from /usr/include/tensorflow/lite/core/interpreter_builder.h:33,
                 from /usr/include/tensorflow/lite/interpreter_builder.h:20,
                 from /usr/include/tensorflow/lite/model.h:20,
                 from test.cpp:35:
/usr/local/include/flatbuffers/flatbuffers.h:2643:8: note: candidate: ‘bool flatbuffers::Table::VerifyField(const flatbuffers::Verifier&, flatbuffers::voffset_t) const [with T = signed char; flatbuffers::voffset_t = short unsigned int]’
 2643 |   bool VerifyField(const Verifier &verifier, voffset_t field) const {
      |        ^~~~~~~~~~~
/usr/local/include/flatbuffers/flatbuffers.h:2643:8: note:   candidate expects 2 arguments, 3 provided
In file included from /usr/include/tensorflow/lite/core/api/op_resolver.h:24,
                 from /usr/include/tensorflow/lite/core/interpreter_builder.h:36,
                 from /usr/include/tensorflow/lite/interpreter_builder.h:20,
                 from /usr/include/tensorflow/lite/model.h:20,
                 from test.cpp:35:
/usr/include/tensorflow/lite/schema/schema_generated.h: In member function ‘bool tflite::DepthwiseConv2DOptions::Verify(flatbuffers::Verifier&) const’:
/usr/include/tensorflow/lite/schema/schema_generated.h:5394:55: error: no matching function for call to ‘tflite::DepthwiseConv2DOptions::VerifyField<int8_t>(flatbuffers::Verifier&, tflite::DepthwiseConv2DOptions::FlatBuffersVTableOffset, int) const’
 5394 |            VerifyField<int8_t>(verifier, VT_PADDING, 1) &&
      |                                                       ^
In file included from /usr/include/tensorflow/lite/core/interpreter_builder.h:33,
                 from /usr/include/tensorflow/lite/interpreter_builder.h:20,
                 from /usr/include/tensorflow/lite/model.h:20,
                 from test.cpp:35:
/usr/local/include/flatbuffers/flatbuffers.h:2643:8: note: candidate: ‘bool flatbuffers::Table::VerifyField(const flatbuffers::Verifier&, flatbuffers::voffset_t) const [with T = signed char; flatbuffers::voffset_t = short unsigned int]’
 2643 |   bool VerifyField(const Verifier &verifier, voffset_t field) const {
      |        ^~~~~~~~~~~
/usr/local/include/flatbuffers/flatbuffers.h:2643:8: note:   candidate expects 2 arguments, 3 provided
In file included from /usr/include/tensorflow/lite/core/api/op_resolver.h:24,
                 from /usr/include/tensorflow/lite/core/interpreter_builder.h:36,
                 from /usr/include/tensorflow/lite/interpreter_builder.h:20,
                 from /usr/include/tensorflow/lite/model.h:20,
                 from test.cpp:35:
/usr/include/tensorflow/lite/schema/schema_generated.h:5395:57: error: no matching function for call to ‘tflite::DepthwiseConv2DOptions::VerifyField<int32_t>(flatbuffers::Verifier&, tflite::DepthwiseConv2DOptions::FlatBuffersVTableOffset, int) const’
 5395 |            VerifyField<int32_t>(verifier, VT_STRIDE_W, 4) &&
      |                                                         ^
In file included from /usr/include/tensorflow/lite/core/interpreter_builder.h:33,
                 from /usr/include/tensorflow/lite/interpreter_builder.h:20,
                 from /usr/include/tensorflow/lite/model.h:20,
                 from test.cpp:35:
/usr/local/include/flatbuffers/flatbuffers.h:2643:8: note: candidate: ‘bool flatbuffers::Table::VerifyField(const flatbuffers::Verifier&, flatbuffers::voffset_t) const [with T = int; flatbuffers::voffset_t = short unsigned int]’
 2643 |   bool VerifyField(const Verifier &verifier, voffset_t field) const {
      |        ^~~~~~~~~~~
/usr/local/include/flatbuffers/flatbuffers.h:2643:8: note:   candidate expects 2 arguments, 3 provided
In file included from /usr/include/tensorflow/lite/core/api/op_resolver.h:24,
                 from /usr/include/tensorflow/lite/core/interpreter_builder.h:36,
                 from /usr/include/tensorflow/lite/interpreter_builder.h:20,
                 from /usr/include/tensorflow/lite/model.h:20,
                 from test.cpp:35:
/usr/include/tensorflow/lite/schema/schema_generated.h:5396:57: error: no matching function for call to ‘tflite::DepthwiseConv2DOptions::VerifyField<int32_t>(flatbuffers::Verifier&, tflite::DepthwiseConv2DOptions::FlatBuffersVTableOffset, int) const’
 5396 |            VerifyField<int32_t>(verifier, VT_STRIDE_H, 4) &&
      |                                                         ^
In file included from /usr/include/tensorflow/lite/core/interpreter_builder.h:33,
                 from /usr/include/tensorflow/lite/interpreter_builder.h:20,
                 from /usr/include/tensorflow/lite/model.h:20,
                 from test.cpp:35:
/usr/local/include/flatbuffers/flatbuffers.h:2643:8: note: candidate: ‘bool flatbuffers::Table::VerifyField(const flatbuffers::Verifier&, flatbuffers::voffset_t) const [with T = int; flatbuffers::voffset_t = short unsigned int]’
 2643 |   bool VerifyField(const Verifier &verifier, voffset_t field) const {
      |        ^~~~~~~~~~~
/usr/local/include/flatbuffers/flatbuffers.h:2643:8: note:   candidate expects 2 arguments, 3 provided
In file included from /usr/include/tensorflow/lite/core/api/op_resolver.h:24,
                 from /usr/include/tensorflow/lite/core/interpreter_builder.h:36,
                 from /usr/include/tensorflow/lite/interpreter_builder.h:20,
                 from /usr/include/tensorflow/lite/model.h:20,
                 from test.cpp:35:
/usr/include/tensorflow/lite/schema/schema_generated.h:5397:65: error: no matching function for call to ‘tflite::DepthwiseConv2DOptions::VerifyField<int32_t>(flatbuffers::Verifier&, tflite::DepthwiseConv2DOptions::FlatBuffersVTableOffset, int) const’
 5397 |            VerifyField<int32_t>(verifier, VT_DEPTH_MULTIPLIER, 4) &&
      |                                                                 ^
In file included from /usr/include/tensorflow/lite/core/interpreter_builder.h:33,
                 from /usr/include/tensorflow/lite/interpreter_builder.h:20,
                 from /usr/include/tensorflow/lite/model.h:20,
                 from test.cpp:35:
/usr/local/include/flatbuffers/flatbuffers.h:2643:8: note: candidate: ‘bool flatbuffers::Table::VerifyField(const flatbuffers::Verifier&, flatbuffers::voffset_t) const [with T = int; flatbuffers::voffset_t = short unsigned int]’
 2643 |   bool VerifyField(const Verifier &verifier, voffset_t field) const {
      |        ^~~~~~~~~~~
/usr/local/include/flatbuffers/flatbuffers.h:2643:8: note:   candidate expects 2 arguments, 3 provided
In file included from /usr/include/tensorflow/lite/core/api/op_resolver.h:24,
                 from /usr/include/tensorflow/lite/core/interpreter_builder.h:36,
                 from /usr/include/tensorflow/lite/interpreter_builder.h:20,
                 from /usr/include/tensorflow/lite/model.h:20,
                 from test.cpp:35:
/usr/include/tensorflow/lite/schema/schema_generated.h:5398:73: error: no matching function for call to ‘tflite::DepthwiseConv2DOptions::VerifyField<int8_t>(flatbuffers::Verifier&, tflite::DepthwiseConv2DOptions::FlatBuffersVTableOffset, int) const’
 5398 |            VerifyField<int8_t>(verifier, VT_FUSED_ACTIVATION_FUNCTION, 1) &&
      |                                                                         ^
In file included from /usr/include/tensorflow/lite/core/interpreter_builder.h:33,
                 from /usr/include/tensorflow/lite/interpreter_builder.h:20,
                 from /usr/include/tensorflow/lite/model.h:20,
                 from test.cpp:35:
/usr/local/include/flatbuffers/flatbuffers.h:2643:8: note: candidate: ‘bool flatbuffers::Table::VerifyField(const flatbuffers::Verifier&, flatbuffers::voffset_t) const [with T = signed char; flatbuffers::voffset_t = short unsigned int]’
 2643 |   bool VerifyField(const Verifier &verifier, voffset_t field) const {
      |        ^~~~~~~~~~~
/usr/local/include/flatbuffers/flatbuffers.h:2643:8: note:   candidate expects 2 arguments, 3 provided
In file included from /usr/include/tensorflow/lite/core/api/op_resolver.h:24,
                 from /usr/include/tensorflow/lite/core/interpreter_builder.h:36,
                 from /usr/include/tensorflow/lite/interpreter_builder.h:20,
                 from /usr/include/tensorflow/lite/model.h:20,
                 from test.cpp:35:
/usr/include/tensorflow/lite/schema/schema_generated.h:5399:66: error: no matching function for call to ‘tflite::DepthwiseConv2DOptions::VerifyField<int32_t>(flatbuffers::Verifier&, tflite::DepthwiseConv2DOptions::FlatBuffersVTableOffset, int) const’
 5399 |            VerifyField<int32_t>(verifier, VT_DILATION_W_FACTOR, 4) &&
      |                                                                  ^
In file included from /usr/include/tensorflow/lite/core/interpreter_builder.h:33,
                 from /usr/include/tensorflow/lite/interpreter_builder.h:20,
                 from /usr/include/tensorflow/lite/model.h:20,
                 from test.cpp:35:
/usr/local/include/flatbuffers/flatbuffers.h:2643:8: note: candidate: ‘bool flatbuffers::Table::VerifyField(const flatbuffers::Verifier&, flatbuffers::voffset_t) const [with T = int; flatbuffers::voffset_t = short unsigned int]’
 2643 |   bool VerifyField(const Verifier &verifier, voffset_t field) const {
      |        ^~~~~~~~~~~
/usr/local/include/flatbuffers/flatbuffers.h:2643:8: note:   candidate expects 2 arguments, 3 provided
In file included from /usr/include/tensorflow/lite/core/api/op_resolver.h:24,
                 from /usr/include/tensorflow/lite/core/interpreter_builder.h:36,
                 from /usr/include/tensorflow/lite/interpreter_builder.h:20,
                 from /usr/include/tensorflow/lite/model.h:20,
                 from test.cpp:35:
/usr/include/tensorflow/lite/schema/schema_generated.h:5400:66: error: no matching function for call to ‘tflite::DepthwiseConv2DOptions::VerifyField<int32_t>(flatbuffers::Verifier&, tflite::DepthwiseConv2DOptions::FlatBuffersVTableOffset, int) const’
 5400 |            VerifyField<int32_t>(verifier, VT_DILATION_H_FACTOR, 4) &&
      |                                                                  ^
In file included from /usr/include/tensorflow/lite/core/interpreter_builder.h:33,
                 from /usr/include/tensorflow/lite/interpreter_builder.h:20,
                 from /usr/include/tensorflow/lite/model.h:20,
                 from test.cpp:35:
/usr/local/include/flatbuffers/flatbuffers.h:2643:8: note: candidate: ‘bool flatbuffers::Table::VerifyField(const flatbuffers::Verifier&, flatbuffers::voffset_t) const [with T = int; flatbuffers::voffset_t = short unsigned int]’
 2643 |   bool VerifyField(const Verifier &verifier, voffset_t field) const {
      |        ^~~~~~~~~~~
/usr/local/include/flatbuffers/flatbuffers.h:2643:8: note:   candidate expects 2 arguments, 3 provided
In file included from /usr/include/tensorflow/lite/core/api/op_resolver.h:24,
                 from /usr/include/tensorflow/lite/core/interpreter_builder.h:36,
                 from /usr/include/tensorflow/lite/interpreter_builder.h:20,
                 from /usr/include/tensorflow/lite/model.h:20,
                 from test.cpp:35:
/usr/include/tensorflow/lite/schema/schema_generated.h: In member function ‘bool tflite::ConcatEmbeddingsOptions::Verify(flatbuffers::Verifier&) const’:
/usr/include/tensorflow/lite/schema/schema_generated.h:5492:61: error: no matching function for call to ‘tflite::ConcatEmbeddingsOptions::VerifyField<int32_t>(flatbuffers::Verifier&, tflite::ConcatEmbeddingsOptions::FlatBuffersVTableOffset, int) const’
 5492 |            VerifyField<int32_t>(verifier, VT_NUM_CHANNELS, 4) &&
      |                                                             ^
In file included from /usr/include/tensorflow/lite/core/interpreter_builder.h:33,
                 from /usr/include/tensorflow/lite/interpreter_builder.h:20,
                 from /usr/include/tensorflow/lite/model.h:20,
                 from test.cpp:35:
/usr/local/include/flatbuffers/flatbuffers.h:2643:8: note: candidate: ‘bool flatbuffers::Table::VerifyField(const flatbuffers::Verifier&, flatbuffers::voffset_t) const [with T = int; flatbuffers::voffset_t = short unsigned int]’
 2643 |   bool VerifyField(const Verifier &verifier, voffset_t field) const {
      |        ^~~~~~~~~~~
/usr/local/include/flatbuffers/flatbuffers.h:2643:8: note:   candidate expects 2 arguments, 3 provided
In file included from /usr/include/tensorflow/lite/core/api/op_resolver.h:24,
                 from /usr/include/tensorflow/lite/core/interpreter_builder.h:36,
                 from /usr/include/tensorflow/lite/interpreter_builder.h:20,
                 from /usr/include/tensorflow/lite/model.h:20,
                 from test.cpp:35:
/usr/include/tensorflow/lite/schema/schema_generated.h: In member function ‘bool tflite::LSHProjectionOptions::Verify(flatbuffers::Verifier&) const’:
/usr/include/tensorflow/lite/schema/schema_generated.h:5572:52: error: no matching function for call to ‘tflite::LSHProjectionOptions::VerifyField<int8_t>(flatbuffers::Verifier&, tflite::LSHProjectionOptions::FlatBuffersVTableOffset, int) const’
 5572 |            VerifyField<int8_t>(verifier, VT_TYPE, 1) &&
      |                                                    ^
In file included from /usr/include/tensorflow/lite/core/interpreter_builder.h:33,
                 from /usr/include/tensorflow/lite/interpreter_builder.h:20,
                 from /usr/include/tensorflow/lite/model.h:20,
                 from test.cpp:35:
/usr/local/include/flatbuffers/flatbuffers.h:2643:8: note: candidate: ‘bool flatbuffers::Table::VerifyField(const flatbuffers::Verifier&, flatbuffers::voffset_t) const [with T = signed char; flatbuffers::voffset_t = short unsigned int]’
 2643 |   bool VerifyField(const Verifier &verifier, voffset_t field) const {
      |        ^~~~~~~~~~~
/usr/local/include/flatbuffers/flatbuffers.h:2643:8: note:   candidate expects 2 arguments, 3 provided
In file included from /usr/include/tensorflow/lite/core/api/op_resolver.h:24,
                 from /usr/include/tensorflow/lite/core/interpreter_builder.h:36,
                 from /usr/include/tensorflow/lite/interpreter_builder.h:20,
                 from /usr/include/tensorflow/lite/model.h:20,
                 from test.cpp:35:
/usr/include/tensorflow/lite/schema/schema_generated.h: In member function ‘bool tflite::SVDFOptions::Verify(flatbuffers::Verifier&) const’:
/usr/include/tensorflow/lite/schema/schema_generated.h:5634:53: error: no matching function for call to ‘tflite::SVDFOptions::VerifyField<int32_t>(flatbuffers::Verifier&, tflite::SVDFOptions::FlatBuffersVTableOffset, int) const’
 5634 |            VerifyField<int32_t>(verifier, VT_RANK, 4) &&
      |                                                     ^
In file included from /usr/include/tensorflow/lite/core/interpreter_builder.h:33,
                 from /usr/include/tensorflow/lite/interpreter_builder.h:20,
                 from /usr/include/tensorflow/lite/model.h:20,
                 from test.cpp:35:
/usr/local/include/flatbuffers/flatbuffers.h:2643:8: note: candidate: ‘bool flatbuffers::Table::VerifyField(const flatbuffers::Verifier&, flatbuffers::voffset_t) const [with T = int; flatbuffers::voffset_t = short unsigned int]’
 2643 |   bool VerifyField(const Verifier &verifier, voffset_t field) const {
      |        ^~~~~~~~~~~
/usr/local/include/flatbuffers/flatbuffers.h:2643:8: note:   candidate expects 2 arguments, 3 provided
In file included from /usr/include/tensorflow/lite/core/api/op_resolver.h:24,
                 from /usr/include/tensorflow/lite/core/interpreter_builder.h:36,
                 from /usr/include/tensorflow/lite/interpreter_builder.h:20,
                 from /usr/include/tensorflow/lite/model.h:20,
                 from test.cpp:35:
/usr/include/tensorflow/lite/schema/schema_generated.h:5635:73: error: no matching function for call to ‘tflite::SVDFOptions::VerifyField<int8_t>(flatbuffers::Verifier&, tflite::SVDFOptions::FlatBuffersVTableOffset, int) const’
 5635 |            VerifyField<int8_t>(verifier, VT_FUSED_ACTIVATION_FUNCTION, 1) &&
      |                                                                         ^
In file included from /usr/include/tensorflow/lite/core/interpreter_builder.h:33,
                 from /usr/include/tensorflow/lite/interpreter_builder.h:20,
                 from /usr/include/tensorflow/lite/model.h:20,
                 from test.cpp:35:
/usr/local/include/flatbuffers/flatbuffers.h:2643:8: note: candidate: ‘bool flatbuffers::Table::VerifyField(const flatbuffers::Verifier&, flatbuffers::voffset_t) const [with T = signed char; flatbuffers::voffset_t = short unsigned int]’
 2643 |   bool VerifyField(const Verifier &verifier, voffset_t field) const {
      |        ^~~~~~~~~~~
/usr/local/include/flatbuffers/flatbuffers.h:2643:8: note:   candidate expects 2 arguments, 3 provided
In file included from /usr/include/tensorflow/lite/core/api/op_resolver.h:24,
                 from /usr/include/tensorflow/lite/core/interpreter_builder.h:36,
                 from /usr/include/tensorflow/lite/interpreter_builder.h:20,
                 from /usr/include/tensorflow/lite/model.h:20,
                 from test.cpp:35:
/usr/include/tensorflow/lite/schema/schema_generated.h:5636:75: error: no matching function for call to ‘tflite::SVDFOptions::VerifyField<uint8_t>(flatbuffers::Verifier&, tflite::SVDFOptions::FlatBuffersVTableOffset, int) const’
 5636 |            VerifyField<uint8_t>(verifier, VT_ASYMMETRIC_QUANTIZE_INPUTS, 1) &&
      |                                                                           ^
In file included from /usr/include/tensorflow/lite/core/interpreter_builder.h:33,
                 from /usr/include/tensorflow/lite/interpreter_builder.h:20,
                 from /usr/include/tensorflow/lite/model.h:20,
                 from test.cpp:35:
/usr/local/include/flatbuffers/flatbuffers.h:2643:8: note: candidate: ‘bool flatbuffers::Table::VerifyField(const flatbuffers::Verifier&, flatbuffers::voffset_t) const [with T = unsigned char; flatbuffers::voffset_t = short unsigned int]’
 2643 |   bool VerifyField(const Verifier &verifier, voffset_t field) const {
      |        ^~~~~~~~~~~
/usr/local/include/flatbuffers/flatbuffers.h:2643:8: note:   candidate expects 2 arguments, 3 provided
In file included from /usr/include/tensorflow/lite/core/api/op_resolver.h:24,
                 from /usr/include/tensorflow/lite/core/interpreter_builder.h:36,
                 from /usr/include/tensorflow/lite/interpreter_builder.h:20,
                 from /usr/include/tensorflow/lite/model.h:20,
                 from test.cpp:35:
/usr/include/tensorflow/lite/schema/schema_generated.h: In member function ‘bool tflite::RNNOptions::Verify(flatbuffers::Verifier&) const’:
/usr/include/tensorflow/lite/schema/schema_generated.h:5703:73: error: no matching function for call to ‘tflite::RNNOptions::VerifyField<int8_t>(flatbuffers::Verifier&, tflite::RNNOptions::FlatBuffersVTableOffset, int) const’
 5703 |            VerifyField<int8_t>(verifier, VT_FUSED_ACTIVATION_FUNCTION, 1) &&
      |                                                                         ^
In file included from /usr/include/tensorflow/lite/core/interpreter_builder.h:33,
                 from /usr/include/tensorflow/lite/interpreter_builder.h:20,
                 from /usr/include/tensorflow/lite/model.h:20,
                 from test.cpp:35:
/usr/local/include/flatbuffers/flatbuffers.h:2643:8: note: candidate: ‘bool flatbuffers::Table::VerifyField(const flatbuffers::Verifier&, flatbuffers::voffset_t) const [with T = signed char; flatbuffers::voffset_t = short unsigned int]’
 2643 |   bool VerifyField(const Verifier &verifier, voffset_t field) const {
      |        ^~~~~~~~~~~
/usr/local/include/flatbuffers/flatbuffers.h:2643:8: note:   candidate expects 2 arguments, 3 provided
In file included from /usr/include/tensorflow/lite/core/api/op_resolver.h:24,
                 from /usr/include/tensorflow/lite/core/interpreter_builder.h:36,
                 from /usr/include/tensorflow/lite/interpreter_builder.h:20,
                 from /usr/include/tensorflow/lite/model.h:20,
                 from test.cpp:35:
/usr/include/tensorflow/lite/schema/schema_generated.h:5704:75: error: no matching function for call to ‘tflite::RNNOptions::VerifyField<uint8_t>(flatbuffers::Verifier&, tflite::RNNOptions::FlatBuffersVTableOffset, int) const’
 5704 |            VerifyField<uint8_t>(verifier, VT_ASYMMETRIC_QUANTIZE_INPUTS, 1) &&
      |                                                                           ^
In file included from /usr/include/tensorflow/lite/core/interpreter_builder.h:33,
                 from /usr/include/tensorflow/lite/interpreter_builder.h:20,
                 from /usr/include/tensorflow/lite/model.h:20,
                 from test.cpp:35:
/usr/local/include/flatbuffers/flatbuffers.h:2643:8: note: candidate: ‘bool flatbuffers::Table::VerifyField(const flatbuffers::Verifier&, flatbuffers::voffset_t) const [with T = unsigned char; flatbuffers::voffset_t = short unsigned int]’
 2643 |   bool VerifyField(const Verifier &verifier, voffset_t field) const {
      |        ^~~~~~~~~~~
/usr/local/include/flatbuffers/flatbuffers.h:2643:8: note:   candidate expects 2 arguments, 3 provided
In file included from /usr/include/tensorflow/lite/core/api/op_resolver.h:24,
                 from /usr/include/tensorflow/lite/core/interpreter_builder.h:36,
                 from /usr/include/tensorflow/lite/interpreter_builder.h:20,
                 from /usr/include/tensorflow/lite/model.h:20,
                 from test.cpp:35:
/usr/include/tensorflow/lite/schema/schema_generated.h: In member function ‘bool tflite::SequenceRNNOptions::Verify(flatbuffers::Verifier&) const’:
/usr/include/tensorflow/lite/schema/schema_generated.h:5771:59: error: no matching function for call to ‘tflite::SequenceRNNOptions::VerifyField<uint8_t>(flatbuffers::Verifier&, tflite::SequenceRNNOptions::FlatBuffersVTableOffset, int) const’
 5771 |            VerifyField<uint8_t>(verifier, VT_TIME_MAJOR, 1) &&
      |                                                           ^
In file included from /usr/include/tensorflow/lite/core/interpreter_builder.h:33,
                 from /usr/include/tensorflow/lite/interpreter_builder.h:20,
                 from /usr/include/tensorflow/lite/model.h:20,
                 from test.cpp:35:
/usr/local/include/flatbuffers/flatbuffers.h:2643:8: note: candidate: ‘bool flatbuffers::Table::VerifyField(const flatbuffers::Verifier&, flatbuffers::voffset_t) const [with T = unsigned char; flatbuffers::voffset_t = short unsigned int]’
 2643 |   bool VerifyField(const Verifier &verifier, voffset_t field) const {
      |        ^~~~~~~~~~~
/usr/local/include/flatbuffers/flatbuffers.h:2643:8: note:   candidate expects 2 arguments, 3 provided
In file included from /usr/include/tensorflow/lite/core/api/op_resolver.h:24,
                 from /usr/include/tensorflow/lite/core/interpreter_builder.h:36,
                 from /usr/include/tensorflow/lite/interpreter_builder.h:20,
                 from /usr/include/tensorflow/lite/model.h:20,
                 from test.cpp:35:
/usr/include/tensorflow/lite/schema/schema_generated.h:5772:73: error: no matching function for call to ‘tflite::SequenceRNNOptions::VerifyField<int8_t>(flatbuffers::Verifier&, tflite::SequenceRNNOptions::FlatBuffersVTableOffset, int) const’
 5772 |            VerifyField<int8_t>(verifier, VT_FUSED_ACTIVATION_FUNCTION, 1) &&
      |                                                                         ^
In file included from /usr/include/tensorflow/lite/core/interpreter_builder.h:33,
                 from /usr/include/tensorflow/lite/interpreter_builder.h:20,
                 from /usr/include/tensorflow/lite/model.h:20,
                 from test.cpp:35:
/usr/local/include/flatbuffers/flatbuffers.h:2643:8: note: candidate: ‘bool flatbuffers::Table::VerifyField(const flatbuffers::Verifier&, flatbuffers::voffset_t) const [with T = signed char; flatbuffers::voffset_t = short unsigned int]’
 2643 |   bool VerifyField(const Verifier &verifier, voffset_t field) const {
      |        ^~~~~~~~~~~
/usr/local/include/flatbuffers/flatbuffers.h:2643:8: note:   candidate expects 2 arguments, 3 provided
In file included from /usr/include/tensorflow/lite/core/api/op_resolver.h:24,
                 from /usr/include/tensorflow/lite/core/interpreter_builder.h:36,
                 from /usr/include/tensorflow/lite/interpreter_builder.h:20,
                 from /usr/include/tensorflow/lite/model.h:20,
                 from test.cpp:35:
/usr/include/tensorflow/lite/schema/schema_generated.h:5773:75: error: no matching function for call to ‘tflite::SequenceRNNOptions::VerifyField<uint8_t>(flatbuffers::Verifier&, tflite::SequenceRNNOptions::FlatBuffersVTableOffset, int) const’
 5773 |            VerifyField<uint8_t>(verifier, VT_ASYMMETRIC_QUANTIZE_INPUTS, 1) &&
      |                                                                           ^
In file included from /usr/include/tensorflow/lite/core/interpreter_builder.h:33,
                 from /usr/include/tensorflow/lite/interpreter_builder.h:20,
                 from /usr/include/tensorflow/lite/model.h:20,
                 from test.cpp:35:
/usr/local/include/flatbuffers/flatbuffers.h:2643:8: note: candidate: ‘bool flatbuffers::Table::VerifyField(const flatbuffers::Verifier&, flatbuffers::voffset_t) const [with T = unsigned char; flatbuffers::voffset_t = short unsigned int]’
 2643 |   bool VerifyField(const Verifier &verifier, voffset_t field) const {
      |        ^~~~~~~~~~~
/usr/local/include/flatbuffers/flatbuffers.h:2643:8: note:   candidate expects 2 arguments, 3 provided
In file included from /usr/include/tensorflow/lite/core/api/op_resolver.h:24,
                 from /usr/include/tensorflow/lite/core/interpreter_builder.h:36,
                 from /usr/include/tensorflow/lite/interpreter_builder.h:20,
                 from /usr/include/tensorflow/lite/model.h:20,
                 from test.cpp:35:
/usr/include/tensorflow/lite/schema/schema_generated.h: In member function ‘bool tflite::BidirectionalSequenceRNNOptions::Verify(flatbuffers::Verifier&) const’:
/usr/include/tensorflow/lite/schema/schema_generated.h:5850:59: error: no matching function for call to ‘tflite::BidirectionalSequenceRNNOptions::VerifyField<uint8_t>(flatbuffers::Verifier&, tflite::BidirectionalSequenceRNNOptions::FlatBuffersVTableOffset, int) const’
 5850 |            VerifyField<uint8_t>(verifier, VT_TIME_MAJOR, 1) &&
      |                                                           ^
In file included from /usr/include/tensorflow/lite/core/interpreter_builder.h:33,
                 from /usr/include/tensorflow/lite/interpreter_builder.h:20,
                 from /usr/include/tensorflow/lite/model.h:20,
                 from test.cpp:35:
/usr/local/include/flatbuffers/flatbuffers.h:2643:8: note: candidate: ‘bool flatbuffers::Table::VerifyField(const flatbuffers::Verifier&, flatbuffers::voffset_t) const [with T = unsigned char; flatbuffers::voffset_t = short unsigned int]’
 2643 |   bool VerifyField(const Verifier &verifier, voffset_t field) const {
      |        ^~~~~~~~~~~
/usr/local/include/flatbuffers/flatbuffers.h:2643:8: note:   candidate expects 2 arguments, 3 provided
In file included from /usr/include/tensorflow/lite/core/api/op_resolver.h:24,
                 from /usr/include/tensorflow/lite/core/interpreter_builder.h:36,
                 from /usr/include/tensorflow/lite/interpreter_builder.h:20,
                 from /usr/include/tensorflow/lite/model.h:20,
                 from test.cpp:35:
/usr/include/tensorflow/lite/schema/schema_generated.h:5851:73: error: no matching function for call to ‘tflite::BidirectionalSequenceRNNOptions::VerifyField<int8_t>(flatbuffers::Verifier&, tflite::BidirectionalSequenceRNNOptions::FlatBuffersVTableOffset, int) const’
 5851 |            VerifyField<int8_t>(verifier, VT_FUSED_ACTIVATION_FUNCTION, 1) &&
      |                                                                         ^
In file included from /usr/include/tensorflow/lite/core/interpreter_builder.h:33,
                 from /usr/include/tensorflow/lite/interpreter_builder.h:20,
                 from /usr/include/tensorflow/lite/model.h:20,
                 from test.cpp:35:
/usr/local/include/flatbuffers/flatbuffers.h:2643:8: note: candidate: ‘bool flatbuffers::Table::VerifyField(const flatbuffers::Verifier&, flatbuffers::voffset_t) const [with T = signed char; flatbuffers::voffset_t = short unsigned int]’
 2643 |   bool VerifyField(const Verifier &verifier, voffset_t field) const {
      |        ^~~~~~~~~~~
/usr/local/include/flatbuffers/flatbuffers.h:2643:8: note:   candidate expects 2 arguments, 3 provided
In file included from /usr/include/tensorflow/lite/core/api/op_resolver.h:24,
                 from /usr/include/tensorflow/lite/core/interpreter_builder.h:36,
                 from /usr/include/tensorflow/lite/interpreter_builder.h:20,
                 from /usr/include/tensorflow/lite/model.h:20,
                 from test.cpp:35:
/usr/include/tensorflow/lite/schema/schema_generated.h:5852:62: error: no matching function for call to ‘tflite::BidirectionalSequenceRNNOptions::VerifyField<uint8_t>(flatbuffers::Verifier&, tflite::BidirectionalSequenceRNNOptions::FlatBuffersVTableOffset, int) const’
 5852 |            VerifyField<uint8_t>(verifier, VT_MERGE_OUTPUTS, 1) &&
      |                                                              ^
In file included from /usr/include/tensorflow/lite/core/interpreter_builder.h:33,
                 from /usr/include/tensorflow/lite/interpreter_builder.h:20,
                 from /usr/include/tensorflow/lite/model.h:20,
                 from test.cpp:35:
/usr/local/include/flatbuffers/flatbuffers.h:2643:8: note: candidate: ‘bool flatbuffers::Table::VerifyField(const flatbuffers::Verifier&, flatbuffers::voffset_t) const [with T = unsigned char; flatbuffers::voffset_t = short unsigned int]’
 2643 |   bool VerifyField(const Verifier &verifier, voffset_t field) const {
      |        ^~~~~~~~~~~
/usr/local/include/flatbuffers/flatbuffers.h:2643:8: note:   candidate expects 2 arguments, 3 provided
In file included from /usr/include/tensorflow/lite/core/api/op_resolver.h:24,
                 from /usr/include/tensorflow/lite/core/interpreter_builder.h:36,
                 from /usr/include/tensorflow/lite/interpreter_builder.h:20,
                 from /usr/include/tensorflow/lite/model.h:20,
                 from test.cpp:35:
/usr/include/tensorflow/lite/schema/schema_generated.h:5853:75: error: no matching function for call to ‘tflite::BidirectionalSequenceRNNOptions::VerifyField<uint8_t>(flatbuffers::Verifier&, tflite::BidirectionalSequenceRNNOptions::FlatBuffersVTableOffset, int) const’
 5853 |            VerifyField<uint8_t>(verifier, VT_ASYMMETRIC_QUANTIZE_INPUTS, 1) &&
      |                                                                           ^
In file included from /usr/include/tensorflow/lite/core/interpreter_builder.h:33,
                 from /usr/include/tensorflow/lite/interpreter_builder.h:20,
                 from /usr/include/tensorflow/lite/model.h:20,
                 from test.cpp:35:
/usr/local/include/flatbuffers/flatbuffers.h:2643:8: note: candidate: ‘bool flatbuffers::Table::VerifyField(const flatbuffers::Verifier&, flatbuffers::voffset_t) const [with T = unsigned char; flatbuffers::voffset_t = short unsigned int]’
 2643 |   bool VerifyField(const Verifier &verifier, voffset_t field) const {
      |        ^~~~~~~~~~~
/usr/local/include/flatbuffers/flatbuffers.h:2643:8: note:   candidate expects 2 arguments, 3 provided
In file included from /usr/include/tensorflow/lite/core/api/op_resolver.h:24,
                 from /usr/include/tensorflow/lite/core/interpreter_builder.h:36,
                 from /usr/include/tensorflow/lite/interpreter_builder.h:20,
                 from /usr/include/tensorflow/lite/model.h:20,
                 from test.cpp:35:
/usr/include/tensorflow/lite/schema/schema_generated.h: In member function ‘bool tflite::FullyConnectedOptions::Verify(flatbuffers::Verifier&) const’:
/usr/include/tensorflow/lite/schema/schema_generated.h:5935:73: error: no matching function for call to ‘tflite::FullyConnectedOptions::VerifyField<int8_t>(flatbuffers::Verifier&, tflite::FullyConnectedOptions::FlatBuffersVTableOffset, int) const’
 5935 |            VerifyField<int8_t>(verifier, VT_FUSED_ACTIVATION_FUNCTION, 1) &&
      |                                                                         ^
In file included from /usr/include/tensorflow/lite/core/interpreter_builder.h:33,
                 from /usr/include/tensorflow/lite/interpreter_builder.h:20,
                 from /usr/include/tensorflow/lite/model.h:20,
                 from test.cpp:35:
/usr/local/include/flatbuffers/flatbuffers.h:2643:8: note: candidate: ‘bool flatbuffers::Table::VerifyField(const flatbuffers::Verifier&, flatbuffers::voffset_t) const [with T = signed char; flatbuffers::voffset_t = short unsigned int]’
 2643 |   bool VerifyField(const Verifier &verifier, voffset_t field) const {
      |        ^~~~~~~~~~~
/usr/local/include/flatbuffers/flatbuffers.h:2643:8: note:   candidate expects 2 arguments, 3 provided
In file included from /usr/include/tensorflow/lite/core/api/op_resolver.h:24,
                 from /usr/include/tensorflow/lite/core/interpreter_builder.h:36,
                 from /usr/include/tensorflow/lite/interpreter_builder.h:20,
                 from /usr/include/tensorflow/lite/model.h:20,
                 from test.cpp:35:
/usr/include/tensorflow/lite/schema/schema_generated.h:5936:62: error: no matching function for call to ‘tflite::FullyConnectedOptions::VerifyField<int8_t>(flatbuffers::Verifier&, tflite::FullyConnectedOptions::FlatBuffersVTableOffset, int) const’
 5936 |            VerifyField<int8_t>(verifier, VT_WEIGHTS_FORMAT, 1) &&
      |                                                              ^
In file included from /usr/include/tensorflow/lite/core/interpreter_builder.h:33,
                 from /usr/include/tensorflow/lite/interpreter_builder.h:20,
                 from /usr/include/tensorflow/lite/model.h:20,
                 from test.cpp:35:
/usr/local/include/flatbuffers/flatbuffers.h:2643:8: note: candidate: ‘bool flatbuffers::Table::VerifyField(const flatbuffers::Verifier&, flatbuffers::voffset_t) const [with T = signed char; flatbuffers::voffset_t = short unsigned int]’
 2643 |   bool VerifyField(const Verifier &verifier, voffset_t field) const {
      |        ^~~~~~~~~~~
/usr/local/include/flatbuffers/flatbuffers.h:2643:8: note:   candidate expects 2 arguments, 3 provided
In file included from /usr/include/tensorflow/lite/core/api/op_resolver.h:24,
                 from /usr/include/tensorflow/lite/core/interpreter_builder.h:36,
                 from /usr/include/tensorflow/lite/interpreter_builder.h:20,
                 from /usr/include/tensorflow/lite/model.h:20,
                 from test.cpp:35:
/usr/include/tensorflow/lite/schema/schema_generated.h:5937:62: error: no matching function for call to ‘tflite::FullyConnectedOptions::VerifyField<uint8_t>(flatbuffers::Verifier&, tflite::FullyConnectedOptions::FlatBuffersVTableOffset, int) const’
 5937 |            VerifyField<uint8_t>(verifier, VT_KEEP_NUM_DIMS, 1) &&
      |                                                              ^
In file included from /usr/include/tensorflow/lite/core/interpreter_builder.h:33,
                 from /usr/include/tensorflow/lite/interpreter_builder.h:20,
                 from /usr/include/tensorflow/lite/model.h:20,
                 from test.cpp:35:
/usr/local/include/flatbuffers/flatbuffers.h:2643:8: note: candidate: ‘bool flatbuffers::Table::VerifyField(const flatbuffers::Verifier&, flatbuffers::voffset_t) const [with T = unsigned char; flatbuffers::voffset_t = short unsigned int]’
 2643 |   bool VerifyField(const Verifier &verifier, voffset_t field) const {
      |        ^~~~~~~~~~~
/usr/local/include/flatbuffers/flatbuffers.h:2643:8: note:   candidate expects 2 arguments, 3 provided
In file included from /usr/include/tensorflow/lite/core/api/op_resolver.h:24,
                 from /usr/include/tensorflow/lite/core/interpreter_builder.h:36,
                 from /usr/include/tensorflow/lite/interpreter_builder.h:20,
                 from /usr/include/tensorflow/lite/model.h:20,
                 from test.cpp:35:
/usr/include/tensorflow/lite/schema/schema_generated.h:5938:75: error: no matching function for call to ‘tflite::FullyConnectedOptions::VerifyField<uint8_t>(flatbuffers::Verifier&, tflite::FullyConnectedOptions::FlatBuffersVTableOffset, int) const’
 5938 |            VerifyField<uint8_t>(verifier, VT_ASYMMETRIC_QUANTIZE_INPUTS, 1) &&
      |                                                                           ^
In file included from /usr/include/tensorflow/lite/core/interpreter_builder.h:33,
                 from /usr/include/tensorflow/lite/interpreter_builder.h:20,
                 from /usr/include/tensorflow/lite/model.h:20,
                 from test.cpp:35:
/usr/local/include/flatbuffers/flatbuffers.h:2643:8: note: candidate: ‘bool flatbuffers::Table::VerifyField(const flatbuffers::Verifier&, flatbuffers::voffset_t) const [with T = unsigned char; flatbuffers::voffset_t = short unsigned int]’
 2643 |   bool VerifyField(const Verifier &verifier, voffset_t field) const {
      |        ^~~~~~~~~~~
/usr/local/include/flatbuffers/flatbuffers.h:2643:8: note:   candidate expects 2 arguments, 3 provided
In file included from /usr/include/tensorflow/lite/core/api/op_resolver.h:24,
                 from /usr/include/tensorflow/lite/core/interpreter_builder.h:36,
                 from /usr/include/tensorflow/lite/interpreter_builder.h:20,
                 from /usr/include/tensorflow/lite/model.h:20,
                 from test.cpp:35:
/usr/include/tensorflow/lite/schema/schema_generated.h: In member function ‘bool tflite::SoftmaxOptions::Verify(flatbuffers::Verifier&) const’:
/usr/include/tensorflow/lite/schema/schema_generated.h:6005:51: error: no matching function for call to ‘tflite::SoftmaxOptions::VerifyField<float>(flatbuffers::Verifier&, tflite::SoftmaxOptions::FlatBuffersVTableOffset, int) const’
 6005 |            VerifyField<float>(verifier, VT_BETA, 4) &&
      |                                                   ^
In file included from /usr/include/tensorflow/lite/core/interpreter_builder.h:33,
                 from /usr/include/tensorflow/lite/interpreter_builder.h:20,
                 from /usr/include/tensorflow/lite/model.h:20,
                 from test.cpp:35:
/usr/local/include/flatbuffers/flatbuffers.h:2643:8: note: candidate: ‘bool flatbuffers::Table::VerifyField(const flatbuffers::Verifier&, flatbuffers::voffset_t) const [with T = float; flatbuffers::voffset_t = short unsigned int]’
 2643 |   bool VerifyField(const Verifier &verifier, voffset_t field) const {
      |        ^~~~~~~~~~~
/usr/local/include/flatbuffers/flatbuffers.h:2643:8: note:   candidate expects 2 arguments, 3 provided
In file included from /usr/include/tensorflow/lite/core/api/op_resolver.h:24,
                 from /usr/include/tensorflow/lite/core/interpreter_builder.h:36,
                 from /usr/include/tensorflow/lite/interpreter_builder.h:20,
                 from /usr/include/tensorflow/lite/model.h:20,
                 from test.cpp:35:
/usr/include/tensorflow/lite/schema/schema_generated.h: In member function ‘bool tflite::ConcatenationOptions::Verify(flatbuffers::Verifier&) const’:
/usr/include/tensorflow/lite/schema/schema_generated.h:6062:53: error: no matching function for call to ‘tflite::ConcatenationOptions::VerifyField<int32_t>(flatbuffers::Verifier&, tflite::ConcatenationOptions::FlatBuffersVTableOffset, int) const’
 6062 |            VerifyField<int32_t>(verifier, VT_AXIS, 4) &&
      |                                                     ^
In file included from /usr/include/tensorflow/lite/core/interpreter_builder.h:33,
                 from /usr/include/tensorflow/lite/interpreter_builder.h:20,
                 from /usr/include/tensorflow/lite/model.h:20,
                 from test.cpp:35:
/usr/local/include/flatbuffers/flatbuffers.h:2643:8: note: candidate: ‘bool flatbuffers::Table::VerifyField(const flatbuffers::Verifier&, flatbuffers::voffset_t) const [with T = int; flatbuffers::voffset_t = short unsigned int]’
 2643 |   bool VerifyField(const Verifier &verifier, voffset_t field) const {
      |        ^~~~~~~~~~~
/usr/local/include/flatbuffers/flatbuffers.h:2643:8: note:   candidate expects 2 arguments, 3 provided
In file included from /usr/include/tensorflow/lite/core/api/op_resolver.h:24,
                 from /usr/include/tensorflow/lite/core/interpreter_builder.h:36,
                 from /usr/include/tensorflow/lite/interpreter_builder.h:20,
                 from /usr/include/tensorflow/lite/model.h:20,
                 from test.cpp:35:
/usr/include/tensorflow/lite/schema/schema_generated.h:6063:73: error: no matching function for call to ‘tflite::ConcatenationOptions::VerifyField<int8_t>(flatbuffers::Verifier&, tflite::ConcatenationOptions::FlatBuffersVTableOffset, int) const’
 6063 |            VerifyField<int8_t>(verifier, VT_FUSED_ACTIVATION_FUNCTION, 1) &&
      |                                                                         ^
In file included from /usr/include/tensorflow/lite/core/interpreter_builder.h:33,
                 from /usr/include/tensorflow/lite/interpreter_builder.h:20,
                 from /usr/include/tensorflow/lite/model.h:20,
                 from test.cpp:35:
/usr/local/include/flatbuffers/flatbuffers.h:2643:8: note: candidate: ‘bool flatbuffers::Table::VerifyField(const flatbuffers::Verifier&, flatbuffers::voffset_t) const [with T = signed char; flatbuffers::voffset_t = short unsigned int]’
 2643 |   bool VerifyField(const Verifier &verifier, voffset_t field) const {
      |        ^~~~~~~~~~~
/usr/local/include/flatbuffers/flatbuffers.h:2643:8: note:   candidate expects 2 arguments, 3 provided
In file included from /usr/include/tensorflow/lite/core/api/op_resolver.h:24,
                 from /usr/include/tensorflow/lite/core/interpreter_builder.h:36,
                 from /usr/include/tensorflow/lite/interpreter_builder.h:20,
                 from /usr/include/tensorflow/lite/model.h:20,
                 from test.cpp:35:
/usr/include/tensorflow/lite/schema/schema_generated.h: In member function ‘bool tflite::AddOptions::Verify(flatbuffers::Verifier&) const’:
/usr/include/tensorflow/lite/schema/schema_generated.h:6125:73: error: no matching function for call to ‘tflite::AddOptions::VerifyField<int8_t>(flatbuffers::Verifier&, tflite::AddOptions::FlatBuffersVTableOffset, int) const’
 6125 |            VerifyField<int8_t>(verifier, VT_FUSED_ACTIVATION_FUNCTION, 1) &&
      |                                                                         ^
In file included from /usr/include/tensorflow/lite/core/interpreter_builder.h:33,
                 from /usr/include/tensorflow/lite/interpreter_builder.h:20,
                 from /usr/include/tensorflow/lite/model.h:20,
                 from test.cpp:35:
/usr/local/include/flatbuffers/flatbuffers.h:2643:8: note: candidate: ‘bool flatbuffers::Table::VerifyField(const flatbuffers::Verifier&, flatbuffers::voffset_t) const [with T = signed char; flatbuffers::voffset_t = short unsigned int]’
 2643 |   bool VerifyField(const Verifier &verifier, voffset_t field) const {
      |        ^~~~~~~~~~~
/usr/local/include/flatbuffers/flatbuffers.h:2643:8: note:   candidate expects 2 arguments, 3 provided
In file included from /usr/include/tensorflow/lite/core/api/op_resolver.h:24,
                 from /usr/include/tensorflow/lite/core/interpreter_builder.h:36,
                 from /usr/include/tensorflow/lite/interpreter_builder.h:20,
                 from /usr/include/tensorflow/lite/model.h:20,
                 from test.cpp:35:
/usr/include/tensorflow/lite/schema/schema_generated.h:6126:64: error: no matching function for call to ‘tflite::AddOptions::VerifyField<uint8_t>(flatbuffers::Verifier&, tflite::AddOptions::FlatBuffersVTableOffset, int) const’
 6126 |            VerifyField<uint8_t>(verifier, VT_POT_SCALE_INT16, 1) &&
      |                                                                ^
In file included from /usr/include/tensorflow/lite/core/interpreter_builder.h:33,
                 from /usr/include/tensorflow/lite/interpreter_builder.h:20,
                 from /usr/include/tensorflow/lite/model.h:20,
                 from test.cpp:35:
/usr/local/include/flatbuffers/flatbuffers.h:2643:8: note: candidate: ‘bool flatbuffers::Table::VerifyField(const flatbuffers::Verifier&, flatbuffers::voffset_t) const [with T = unsigned char; flatbuffers::voffset_t = short unsigned int]’
 2643 |   bool VerifyField(const Verifier &verifier, voffset_t field) const {
      |        ^~~~~~~~~~~
/usr/local/include/flatbuffers/flatbuffers.h:2643:8: note:   candidate expects 2 arguments, 3 provided
In file included from /usr/include/tensorflow/lite/core/api/op_resolver.h:24,
                 from /usr/include/tensorflow/lite/core/interpreter_builder.h:36,
                 from /usr/include/tensorflow/lite/interpreter_builder.h:20,
                 from /usr/include/tensorflow/lite/model.h:20,
                 from test.cpp:35:
/usr/include/tensorflow/lite/schema/schema_generated.h: In member function ‘bool tflite::MulOptions::Verify(flatbuffers::Verifier&) const’:
/usr/include/tensorflow/lite/schema/schema_generated.h:6183:73: error: no matching function for call to ‘tflite::MulOptions::VerifyField<int8_t>(flatbuffers::Verifier&, tflite::MulOptions::FlatBuffersVTableOffset, int) const’
 6183 |            VerifyField<int8_t>(verifier, VT_FUSED_ACTIVATION_FUNCTION, 1) &&
      |                                                                         ^
In file included from /usr/include/tensorflow/lite/core/interpreter_builder.h:33,
                 from /usr/include/tensorflow/lite/interpreter_builder.h:20,
                 from /usr/include/tensorflow/lite/model.h:20,
                 from test.cpp:35:
/usr/local/include/flatbuffers/flatbuffers.h:2643:8: note: candidate: ‘bool flatbuffers::Table::VerifyField(const flatbuffers::Verifier&, flatbuffers::voffset_t) const [with T = signed char; flatbuffers::voffset_t = short unsigned int]’
 2643 |   bool VerifyField(const Verifier &verifier, voffset_t field) const {
      |        ^~~~~~~~~~~
/usr/local/include/flatbuffers/flatbuffers.h:2643:8: note:   candidate expects 2 arguments, 3 provided
In file included from /usr/include/tensorflow/lite/core/api/op_resolver.h:24,
                 from /usr/include/tensorflow/lite/core/interpreter_builder.h:36,
                 from /usr/include/tensorflow/lite/interpreter_builder.h:20,
                 from /usr/include/tensorflow/lite/model.h:20,
                 from test.cpp:35:
/usr/include/tensorflow/lite/schema/schema_generated.h: In member function ‘bool tflite::L2NormOptions::Verify(flatbuffers::Verifier&) const’:
/usr/include/tensorflow/lite/schema/schema_generated.h:6235:73: error: no matching function for call to ‘tflite::L2NormOptions::VerifyField<int8_t>(flatbuffers::Verifier&, tflite::L2NormOptions::FlatBuffersVTableOffset, int) const’
 6235 |            VerifyField<int8_t>(verifier, VT_FUSED_ACTIVATION_FUNCTION, 1) &&
      |                                                                         ^
In file included from /usr/include/tensorflow/lite/core/interpreter_builder.h:33,
                 from /usr/include/tensorflow/lite/interpreter_builder.h:20,
                 from /usr/include/tensorflow/lite/model.h:20,
                 from test.cpp:35:
/usr/local/include/flatbuffers/flatbuffers.h:2643:8: note: candidate: ‘bool flatbuffers::Table::VerifyField(const flatbuffers::Verifier&, flatbuffers::voffset_t) const [with T = signed char; flatbuffers::voffset_t = short unsigned int]’
 2643 |   bool VerifyField(const Verifier &verifier, voffset_t field) const {
      |        ^~~~~~~~~~~
/usr/local/include/flatbuffers/flatbuffers.h:2643:8: note:   candidate expects 2 arguments, 3 provided
In file included from /usr/include/tensorflow/lite/core/api/op_resolver.h:24,
                 from /usr/include/tensorflow/lite/core/interpreter_builder.h:36,
                 from /usr/include/tensorflow/lite/interpreter_builder.h:20,
                 from /usr/include/tensorflow/lite/model.h:20,
                 from test.cpp:35:
/usr/include/tensorflow/lite/schema/schema_generated.h: In member function ‘bool tflite::LocalResponseNormalizationOptions::Verify(flatbuffers::Verifier&) const’:
/usr/include/tensorflow/lite/schema/schema_generated.h:6302:55: error: no matching function for call to ‘tflite::LocalResponseNormalizationOptions::VerifyField<int32_t>(flatbuffers::Verifier&, tflite::LocalResponseNormalizationOptions::FlatBuffersVTableOffset, int) const’
 6302 |            VerifyField<int32_t>(verifier, VT_RADIUS, 4) &&
      |                                                       ^
In file included from /usr/include/tensorflow/lite/core/interpreter_builder.h:33,
                 from /usr/include/tensorflow/lite/interpreter_builder.h:20,
                 from /usr/include/tensorflow/lite/model.h:20,
                 from test.cpp:35:
/usr/local/include/flatbuffers/flatbuffers.h:2643:8: note: candidate: ‘bool flatbuffers::Table::VerifyField(const flatbuffers::Verifier&, flatbuffers::voffset_t) const [with T = int; flatbuffers::voffset_t = short unsigned int]’
 2643 |   bool VerifyField(const Verifier &verifier, voffset_t field) const {
      |        ^~~~~~~~~~~
/usr/local/include/flatbuffers/flatbuffers.h:2643:8: note:   candidate expects 2 arguments, 3 provided
In file included from /usr/include/tensorflow/lite/core/api/op_resolver.h:24,
                 from /usr/include/tensorflow/lite/core/interpreter_builder.h:36,
                 from /usr/include/tensorflow/lite/interpreter_builder.h:20,
                 from /usr/include/tensorflow/lite/model.h:20,
                 from test.cpp:35:
/usr/include/tensorflow/lite/schema/schema_generated.h:6303:51: error: no matching function for call to ‘tflite::LocalResponseNormalizationOptions::VerifyField<float>(flatbuffers::Verifier&, tflite::LocalResponseNormalizationOptions::FlatBuffersVTableOffset, int) const’
 6303 |            VerifyField<float>(verifier, VT_BIAS, 4) &&
      |                                                   ^
In file included from /usr/include/tensorflow/lite/core/interpreter_builder.h:33,
                 from /usr/include/tensorflow/lite/interpreter_builder.h:20,
                 from /usr/include/tensorflow/lite/model.h:20,
                 from test.cpp:35:
/usr/local/include/flatbuffers/flatbuffers.h:2643:8: note: candidate: ‘bool flatbuffers::Table::VerifyField(const flatbuffers::Verifier&, flatbuffers::voffset_t) const [with T = float; flatbuffers::voffset_t = short unsigned int]’
 2643 |   bool VerifyField(const Verifier &verifier, voffset_t field) const {
      |        ^~~~~~~~~~~
/usr/local/include/flatbuffers/flatbuffers.h:2643:8: note:   candidate expects 2 arguments, 3 provided
In file included from /usr/include/tensorflow/lite/core/api/op_resolver.h:24,
                 from /usr/include/tensorflow/lite/core/interpreter_builder.h:36,
                 from /usr/include/tensorflow/lite/interpreter_builder.h:20,
                 from /usr/include/tensorflow/lite/model.h:20,
                 from test.cpp:35:
/usr/include/tensorflow/lite/schema/schema_generated.h:6304:52: error: no matching function for call to ‘tflite::LocalResponseNormalizationOptions::VerifyField<float>(flatbuffers::Verifier&, tflite::LocalResponseNormalizationOptions::FlatBuffersVTableOffset, int) const’
 6304 |            VerifyField<float>(verifier, VT_ALPHA, 4) &&
      |                                                    ^
In file included from /usr/include/tensorflow/lite/core/interpreter_builder.h:33,
                 from /usr/include/tensorflow/lite/interpreter_builder.h:20,
                 from /usr/include/tensorflow/lite/model.h:20,
                 from test.cpp:35:
/usr/local/include/flatbuffers/flatbuffers.h:2643:8: note: candidate: ‘bool flatbuffers::Table::VerifyField(const flatbuffers::Verifier&, flatbuffers::voffset_t) const [with T = float; flatbuffers::voffset_t = short unsigned int]’
 2643 |   bool VerifyField(const Verifier &verifier, voffset_t field) const {
      |        ^~~~~~~~~~~
/usr/local/include/flatbuffers/flatbuffers.h:2643:8: note:   candidate expects 2 arguments, 3 provided
In file included from /usr/include/tensorflow/lite/core/api/op_resolver.h:24,
                 from /usr/include/tensorflow/lite/core/interpreter_builder.h:36,
                 from /usr/include/tensorflow/lite/interpreter_builder.h:20,
                 from /usr/include/tensorflow/lite/model.h:20,
                 from test.cpp:35:
/usr/include/tensorflow/lite/schema/schema_generated.h:6305:51: error: no matching function for call to ‘tflite::LocalResponseNormalizationOptions::VerifyField<float>(flatbuffers::Verifier&, tflite::LocalResponseNormalizationOptions::FlatBuffersVTableOffset, int) const’
 6305 |            VerifyField<float>(verifier, VT_BETA, 4) &&
      |                                                   ^
In file included from /usr/include/tensorflow/lite/core/interpreter_builder.h:33,
                 from /usr/include/tensorflow/lite/interpreter_builder.h:20,
                 from /usr/include/tensorflow/lite/model.h:20,
                 from test.cpp:35:
/usr/local/include/flatbuffers/flatbuffers.h:2643:8: note: candidate: ‘bool flatbuffers::Table::VerifyField(const flatbuffers::Verifier&, flatbuffers::voffset_t) const [with T = float; flatbuffers::voffset_t = short unsigned int]’
 2643 |   bool VerifyField(const Verifier &verifier, voffset_t field) const {
      |        ^~~~~~~~~~~
/usr/local/include/flatbuffers/flatbuffers.h:2643:8: note:   candidate expects 2 arguments, 3 provided
In file included from /usr/include/tensorflow/lite/core/api/op_resolver.h:24,
                 from /usr/include/tensorflow/lite/core/interpreter_builder.h:36,
                 from /usr/include/tensorflow/lite/interpreter_builder.h:20,
                 from /usr/include/tensorflow/lite/model.h:20,
                 from test.cpp:35:
/usr/include/tensorflow/lite/schema/schema_generated.h: In member function ‘bool tflite::LSTMOptions::Verify(flatbuffers::Verifier&) const’:
/usr/include/tensorflow/lite/schema/schema_generated.h:6392:73: error: no matching function for call to ‘tflite::LSTMOptions::VerifyField<int8_t>(flatbuffers::Verifier&, tflite::LSTMOptions::FlatBuffersVTableOffset, int) const’
 6392 |            VerifyField<int8_t>(verifier, VT_FUSED_ACTIVATION_FUNCTION, 1) &&
      |                                                                         ^
In file included from /usr/include/tensorflow/lite/core/interpreter_builder.h:33,
                 from /usr/include/tensorflow/lite/interpreter_builder.h:20,
                 from /usr/include/tensorflow/lite/model.h:20,
                 from test.cpp:35:
/usr/local/include/flatbuffers/flatbuffers.h:2643:8: note: candidate: ‘bool flatbuffers::Table::VerifyField(const flatbuffers::Verifier&, flatbuffers::voffset_t) const [with T = signed char; flatbuffers::voffset_t = short unsigned int]’
 2643 |   bool VerifyField(const Verifier &verifier, voffset_t field) const {
      |        ^~~~~~~~~~~
/usr/local/include/flatbuffers/flatbuffers.h:2643:8: note:   candidate expects 2 arguments, 3 provided
In file included from /usr/include/tensorflow/lite/core/api/op_resolver.h:24,
                 from /usr/include/tensorflow/lite/core/interpreter_builder.h:36,
                 from /usr/include/tensorflow/lite/interpreter_builder.h:20,
                 from /usr/include/tensorflow/lite/model.h:20,
                 from test.cpp:35:
/usr/include/tensorflow/lite/schema/schema_generated.h:6393:56: error: no matching function for call to ‘tflite::LSTMOptions::VerifyField<float>(flatbuffers::Verifier&, tflite::LSTMOptions::FlatBuffersVTableOffset, int) const’
 6393 |            VerifyField<float>(verifier, VT_CELL_CLIP, 4) &&
      |                                                        ^
In file included from /usr/include/tensorflow/lite/core/interpreter_builder.h:33,
                 from /usr/include/tensorflow/lite/interpreter_builder.h:20,
                 from /usr/include/tensorflow/lite/model.h:20,
                 from test.cpp:35:
/usr/local/include/flatbuffers/flatbuffers.h:2643:8: note: candidate: ‘bool flatbuffers::Table::VerifyField(const flatbuffers::Verifier&, flatbuffers::voffset_t) const [with T = float; flatbuffers::voffset_t = short unsigned int]’
 2643 |   bool VerifyField(const Verifier &verifier, voffset_t field) const {
      |        ^~~~~~~~~~~
/usr/local/include/flatbuffers/flatbuffers.h:2643:8: note:   candidate expects 2 arguments, 3 provided
In file included from /usr/include/tensorflow/lite/core/api/op_resolver.h:24,
                 from /usr/include/tensorflow/lite/core/interpreter_builder.h:36,
                 from /usr/include/tensorflow/lite/interpreter_builder.h:20,
                 from /usr/include/tensorflow/lite/model.h:20,
                 from test.cpp:35:
/usr/include/tensorflow/lite/schema/schema_generated.h:6394:56: error: no matching function for call to ‘tflite::LSTMOptions::VerifyField<float>(flatbuffers::Verifier&, tflite::LSTMOptions::FlatBuffersVTableOffset, int) const’
 6394 |            VerifyField<float>(verifier, VT_PROJ_CLIP, 4) &&
      |                                                        ^
In file included from /usr/include/tensorflow/lite/core/interpreter_builder.h:33,
                 from /usr/include/tensorflow/lite/interpreter_builder.h:20,
                 from /usr/include/tensorflow/lite/model.h:20,
                 from test.cpp:35:
/usr/local/include/flatbuffers/flatbuffers.h:2643:8: note: candidate: ‘bool flatbuffers::Table::VerifyField(const flatbuffers::Verifier&, flatbuffers::voffset_t) const [with T = float; flatbuffers::voffset_t = short unsigned int]’
 2643 |   bool VerifyField(const Verifier &verifier, voffset_t field) const {
      |        ^~~~~~~~~~~
/usr/local/include/flatbuffers/flatbuffers.h:2643:8: note:   candidate expects 2 arguments, 3 provided
In file included from /usr/include/tensorflow/lite/core/api/op_resolver.h:24,
                 from /usr/include/tensorflow/lite/core/interpreter_builder.h:36,
                 from /usr/include/tensorflow/lite/interpreter_builder.h:20,
                 from /usr/include/tensorflow/lite/model.h:20,
                 from test.cpp:35:
/usr/include/tensorflow/lite/schema/schema_generated.h:6395:59: error: no matching function for call to ‘tflite::LSTMOptions::VerifyField<int8_t>(flatbuffers::Verifier&, tflite::LSTMOptions::FlatBuffersVTableOffset, int) const’
 6395 |            VerifyField<int8_t>(verifier, VT_KERNEL_TYPE, 1) &&
      |                                                           ^
In file included from /usr/include/tensorflow/lite/core/interpreter_builder.h:33,
                 from /usr/include/tensorflow/lite/interpreter_builder.h:20,
                 from /usr/include/tensorflow/lite/model.h:20,
                 from test.cpp:35:
/usr/local/include/flatbuffers/flatbuffers.h:2643:8: note: candidate: ‘bool flatbuffers::Table::VerifyField(const flatbuffers::Verifier&, flatbuffers::voffset_t) const [with T = signed char; flatbuffers::voffset_t = short unsigned int]’
 2643 |   bool VerifyField(const Verifier &verifier, voffset_t field) const {
      |        ^~~~~~~~~~~
/usr/local/include/flatbuffers/flatbuffers.h:2643:8: note:   candidate expects 2 arguments, 3 provided
In file included from /usr/include/tensorflow/lite/core/api/op_resolver.h:24,
                 from /usr/include/tensorflow/lite/core/interpreter_builder.h:36,
                 from /usr/include/tensorflow/lite/interpreter_builder.h:20,
                 from /usr/include/tensorflow/lite/model.h:20,
                 from test.cpp:35:
/usr/include/tensorflow/lite/schema/schema_generated.h:6396:75: error: no matching function for call to ‘tflite::LSTMOptions::VerifyField<uint8_t>(flatbuffers::Verifier&, tflite::LSTMOptions::FlatBuffersVTableOffset, int) const’
 6396 |            VerifyField<uint8_t>(verifier, VT_ASYMMETRIC_QUANTIZE_INPUTS, 1) &&
      |                                                                           ^
In file included from /usr/include/tensorflow/lite/core/interpreter_builder.h:33,
                 from /usr/include/tensorflow/lite/interpreter_builder.h:20,
                 from /usr/include/tensorflow/lite/model.h:20,
                 from test.cpp:35:
/usr/local/include/flatbuffers/flatbuffers.h:2643:8: note: candidate: ‘bool flatbuffers::Table::VerifyField(const flatbuffers::Verifier&, flatbuffers::voffset_t) const [with T = unsigned char; flatbuffers::voffset_t = short unsigned int]’
 2643 |   bool VerifyField(const Verifier &verifier, voffset_t field) const {
      |        ^~~~~~~~~~~
/usr/local/include/flatbuffers/flatbuffers.h:2643:8: note:   candidate expects 2 arguments, 3 provided
In file included from /usr/include/tensorflow/lite/core/api/op_resolver.h:24,
                 from /usr/include/tensorflow/lite/core/interpreter_builder.h:36,
                 from /usr/include/tensorflow/lite/interpreter_builder.h:20,
                 from /usr/include/tensorflow/lite/model.h:20,
                 from test.cpp:35:
/usr/include/tensorflow/lite/schema/schema_generated.h: In member function ‘bool tflite::UnidirectionalSequenceLSTMOptions::Verify(flatbuffers::Verifier&) const’:
/usr/include/tensorflow/lite/schema/schema_generated.h:6493:73: error: no matching function for call to ‘tflite::UnidirectionalSequenceLSTMOptions::VerifyField<int8_t>(flatbuffers::Verifier&, tflite::UnidirectionalSequenceLSTMOptions::FlatBuffersVTableOffset, int) const’
 6493 |            VerifyField<int8_t>(verifier, VT_FUSED_ACTIVATION_FUNCTION, 1) &&
      |                                                                         ^
In file included from /usr/include/tensorflow/lite/core/interpreter_builder.h:33,
                 from /usr/include/tensorflow/lite/interpreter_builder.h:20,
                 from /usr/include/tensorflow/lite/model.h:20,
                 from test.cpp:35:
/usr/local/include/flatbuffers/flatbuffers.h:2643:8: note: candidate: ‘bool flatbuffers::Table::VerifyField(const flatbuffers::Verifier&, flatbuffers::voffset_t) const [with T = signed char; flatbuffers::voffset_t = short unsigned int]’
 2643 |   bool VerifyField(const Verifier &verifier, voffset_t field) const {
      |        ^~~~~~~~~~~
/usr/local/include/flatbuffers/flatbuffers.h:2643:8: note:   candidate expects 2 arguments, 3 provided
In file included from /usr/include/tensorflow/lite/core/api/op_resolver.h:24,
                 from /usr/include/tensorflow/lite/core/interpreter_builder.h:36,
                 from /usr/include/tensorflow/lite/interpreter_builder.h:20,
                 from /usr/include/tensorflow/lite/model.h:20,
                 from test.cpp:35:
/usr/include/tensorflow/lite/schema/schema_generated.h:6494:56: error: no matching function for call to ‘tflite::UnidirectionalSequenceLSTMOptions::VerifyField<float>(flatbuffers::Verifier&, tflite::UnidirectionalSequenceLSTMOptions::FlatBuffersVTableOffset, int) const’
 6494 |            VerifyField<float>(verifier, VT_CELL_CLIP, 4) &&
      |                                                        ^
In file included from /usr/include/tensorflow/lite/core/interpreter_builder.h:33,
                 from /usr/include/tensorflow/lite/interpreter_builder.h:20,
                 from /usr/include/tensorflow/lite/model.h:20,
                 from test.cpp:35:
/usr/local/include/flatbuffers/flatbuffers.h:2643:8: note: candidate: ‘bool flatbuffers::Table::VerifyField(const flatbuffers::Verifier&, flatbuffers::voffset_t) const [with T = float; flatbuffers::voffset_t = short unsigned int]’
 2643 |   bool VerifyField(const Verifier &verifier, voffset_t field) const {
      |        ^~~~~~~~~~~
/usr/local/include/flatbuffers/flatbuffers.h:2643:8: note:   candidate expects 2 arguments, 3 provided
In file included from /usr/include/tensorflow/lite/core/api/op_resolver.h:24,
                 from /usr/include/tensorflow/lite/core/interpreter_builder.h:36,
                 from /usr/include/tensorflow/lite/interpreter_builder.h:20,
                 from /usr/include/tensorflow/lite/model.h:20,
                 from test.cpp:35:
/usr/include/tensorflow/lite/schema/schema_generated.h:6495:56: error: no matching function for call to ‘tflite::UnidirectionalSequenceLSTMOptions::VerifyField<float>(flatbuffers::Verifier&, tflite::UnidirectionalSequenceLSTMOptions::FlatBuffersVTableOffset, int) const’
 6495 |            VerifyField<float>(verifier, VT_PROJ_CLIP, 4) &&
      |                                                        ^
In file included from /usr/include/tensorflow/lite/core/interpreter_builder.h:33,
                 from /usr/include/tensorflow/lite/interpreter_builder.h:20,
                 from /usr/include/tensorflow/lite/model.h:20,
                 from test.cpp:35:
/usr/local/include/flatbuffers/flatbuffers.h:2643:8: note: candidate: ‘bool flatbuffers::Table::VerifyField(const flatbuffers::Verifier&, flatbuffers::voffset_t) const [with T = float; flatbuffers::voffset_t = short unsigned int]’
 2643 |   bool VerifyField(const Verifier &verifier, voffset_t field) const {
      |        ^~~~~~~~~~~
/usr/local/include/flatbuffers/flatbuffers.h:2643:8: note:   candidate expects 2 arguments, 3 provided
In file included from /usr/include/tensorflow/lite/core/api/op_resolver.h:24,
                 from /usr/include/tensorflow/lite/core/interpreter_builder.h:36,
                 from /usr/include/tensorflow/lite/interpreter_builder.h:20,
                 from /usr/include/tensorflow/lite/model.h:20,
                 from test.cpp:35:
/usr/include/tensorflow/lite/schema/schema_generated.h:6496:59: error: no matching function for call to ‘tflite::UnidirectionalSequenceLSTMOptions::VerifyField<uint8_t>(flatbuffers::Verifier&, tflite::UnidirectionalSequenceLSTMOptions::FlatBuffersVTableOffset, int) const’
 6496 |            VerifyField<uint8_t>(verifier, VT_TIME_MAJOR, 1) &&
      |                                                           ^
In file included from /usr/include/tensorflow/lite/core/interpreter_builder.h:33,
                 from /usr/include/tensorflow/lite/interpreter_builder.h:20,
                 from /usr/include/tensorflow/lite/model.h:20,
                 from test.cpp:35:
/usr/local/include/flatbuffers/flatbuffers.h:2643:8: note: candidate: ‘bool flatbuffers::Table::VerifyField(const flatbuffers::Verifier&, flatbuffers::voffset_t) const [with T = unsigned char; flatbuffers::voffset_t = short unsigned int]’
 2643 |   bool VerifyField(const Verifier &verifier, voffset_t field) const {
      |        ^~~~~~~~~~~
/usr/local/include/flatbuffers/flatbuffers.h:2643:8: note:   candidate expects 2 arguments, 3 provided
In file included from /usr/include/tensorflow/lite/core/api/op_resolver.h:24,
                 from /usr/include/tensorflow/lite/core/interpreter_builder.h:36,
                 from /usr/include/tensorflow/lite/interpreter_builder.h:20,
                 from /usr/include/tensorflow/lite/model.h:20,
                 from test.cpp:35:
/usr/include/tensorflow/lite/schema/schema_generated.h:6497:75: error: no matching function for call to ‘tflite::UnidirectionalSequenceLSTMOptions::VerifyField<uint8_t>(flatbuffers::Verifier&, tflite::UnidirectionalSequenceLSTMOptions::FlatBuffersVTableOffset, int) const’
 6497 |            VerifyField<uint8_t>(verifier, VT_ASYMMETRIC_QUANTIZE_INPUTS, 1) &&
      |                                                                           ^
In file included from /usr/include/tensorflow/lite/core/interpreter_builder.h:33,
                 from /usr/include/tensorflow/lite/interpreter_builder.h:20,
                 from /usr/include/tensorflow/lite/model.h:20,
                 from test.cpp:35:
/usr/local/include/flatbuffers/flatbuffers.h:2643:8: note: candidate: ‘bool flatbuffers::Table::VerifyField(const flatbuffers::Verifier&, flatbuffers::voffset_t) const [with T = unsigned char; flatbuffers::voffset_t = short unsigned int]’
 2643 |   bool VerifyField(const Verifier &verifier, voffset_t field) const {
      |        ^~~~~~~~~~~
/usr/local/include/flatbuffers/flatbuffers.h:2643:8: note:   candidate expects 2 arguments, 3 provided
In file included from /usr/include/tensorflow/lite/core/api/op_resolver.h:24,
                 from /usr/include/tensorflow/lite/core/interpreter_builder.h:36,
                 from /usr/include/tensorflow/lite/interpreter_builder.h:20,
                 from /usr/include/tensorflow/lite/model.h:20,
                 from test.cpp:35:
/usr/include/tensorflow/lite/schema/schema_generated.h:6498:75: error: no matching function for call to ‘tflite::UnidirectionalSequenceLSTMOptions::VerifyField<uint8_t>(flatbuffers::Verifier&, tflite::UnidirectionalSequenceLSTMOptions::FlatBuffersVTableOffset, int) const’
 6498 |            VerifyField<uint8_t>(verifier, VT_DIAGONAL_RECURRENT_TENSORS, 1) &&
      |                                                                           ^
In file included from /usr/include/tensorflow/lite/core/interpreter_builder.h:33,
                 from /usr/include/tensorflow/lite/interpreter_builder.h:20,
                 from /usr/include/tensorflow/lite/model.h:20,
                 from test.cpp:35:
/usr/local/include/flatbuffers/flatbuffers.h:2643:8: note: candidate: ‘bool flatbuffers::Table::VerifyField(const flatbuffers::Verifier&, flatbuffers::voffset_t) const [with T = unsigned char; flatbuffers::voffset_t = short unsigned int]’
 2643 |   bool VerifyField(const Verifier &verifier, voffset_t field) const {
      |        ^~~~~~~~~~~
/usr/local/include/flatbuffers/flatbuffers.h:2643:8: note:   candidate expects 2 arguments, 3 provided
In file included from /usr/include/tensorflow/lite/core/api/op_resolver.h:24,
                 from /usr/include/tensorflow/lite/core/interpreter_builder.h:36,
                 from /usr/include/tensorflow/lite/interpreter_builder.h:20,
                 from /usr/include/tensorflow/lite/model.h:20,
                 from test.cpp:35:
/usr/include/tensorflow/lite/schema/schema_generated.h: In member function ‘bool tflite::BidirectionalSequenceLSTMOptions::Verify(flatbuffers::Verifier&) const’:
/usr/include/tensorflow/lite/schema/schema_generated.h:6600:73: error: no matching function for call to ‘tflite::BidirectionalSequenceLSTMOptions::VerifyField<int8_t>(flatbuffers::Verifier&, tflite::BidirectionalSequenceLSTMOptions::FlatBuffersVTableOffset, int) const’
 6600 |            VerifyField<int8_t>(verifier, VT_FUSED_ACTIVATION_FUNCTION, 1) &&
      |                                                                         ^
In file included from /usr/include/tensorflow/lite/core/interpreter_builder.h:33,
                 from /usr/include/tensorflow/lite/interpreter_builder.h:20,
                 from /usr/include/tensorflow/lite/model.h:20,
                 from test.cpp:35:
/usr/local/include/flatbuffers/flatbuffers.h:2643:8: note: candidate: ‘bool flatbuffers::Table::VerifyField(const flatbuffers::Verifier&, flatbuffers::voffset_t) const [with T = signed char; flatbuffers::voffset_t = short unsigned int]’
 2643 |   bool VerifyField(const Verifier &verifier, voffset_t field) const {
      |        ^~~~~~~~~~~
/usr/local/include/flatbuffers/flatbuffers.h:2643:8: note:   candidate expects 2 arguments, 3 provided
In file included from /usr/include/tensorflow/lite/core/api/op_resolver.h:24,
                 from /usr/include/tensorflow/lite/core/interpreter_builder.h:36,
                 from /usr/include/tensorflow/lite/interpreter_builder.h:20,
                 from /usr/include/tensorflow/lite/model.h:20,
                 from test.cpp:35:
/usr/include/tensorflow/lite/schema/schema_generated.h:6601:56: error: no matching function for call to ‘tflite::BidirectionalSequenceLSTMOptions::VerifyField<float>(flatbuffers::Verifier&, tflite::BidirectionalSequenceLSTMOptions::FlatBuffersVTableOffset, int) const’
 6601 |            VerifyField<float>(verifier, VT_CELL_CLIP, 4) &&
      |                                                        ^
In file included from /usr/include/tensorflow/lite/core/interpreter_builder.h:33,
                 from /usr/include/tensorflow/lite/interpreter_builder.h:20,
                 from /usr/include/tensorflow/lite/model.h:20,
                 from test.cpp:35:
/usr/local/include/flatbuffers/flatbuffers.h:2643:8: note: candidate: ‘bool flatbuffers::Table::VerifyField(const flatbuffers::Verifier&, flatbuffers::voffset_t) const [with T = float; flatbuffers::voffset_t = short unsigned int]’
 2643 |   bool VerifyField(const Verifier &verifier, voffset_t field) const {
      |        ^~~~~~~~~~~
/usr/local/include/flatbuffers/flatbuffers.h:2643:8: note:   candidate expects 2 arguments, 3 provided
In file included from /usr/include/tensorflow/lite/core/api/op_resolver.h:24,
                 from /usr/include/tensorflow/lite/core/interpreter_builder.h:36,
                 from /usr/include/tensorflow/lite/interpreter_builder.h:20,
                 from /usr/include/tensorflow/lite/model.h:20,
                 from test.cpp:35:
/usr/include/tensorflow/lite/schema/schema_generated.h:6602:56: error: no matching function for call to ‘tflite::BidirectionalSequenceLSTMOptions::VerifyField<float>(flatbuffers::Verifier&, tflite::BidirectionalSequenceLSTMOptions::FlatBuffersVTableOffset, int) const’
 6602 |            VerifyField<float>(verifier, VT_PROJ_CLIP, 4) &&
      |                                                        ^
In file included from /usr/include/tensorflow/lite/core/interpreter_builder.h:33,
                 from /usr/include/tensorflow/lite/interpreter_builder.h:20,
                 from /usr/include/tensorflow/lite/model.h:20,
                 from test.cpp:35:
/usr/local/include/flatbuffers/flatbuffers.h:2643:8: note: candidate: ‘bool flatbuffers::Table::VerifyField(const flatbuffers::Verifier&, flatbuffers::voffset_t) const [with T = float; flatbuffers::voffset_t = short unsigned int]’
 2643 |   bool VerifyField(const Verifier &verifier, voffset_t field) const {
      |        ^~~~~~~~~~~
/usr/local/include/flatbuffers/flatbuffers.h:2643:8: note:   candidate expects 2 arguments, 3 provided
In file included from /usr/include/tensorflow/lite/core/api/op_resolver.h:24,
                 from /usr/include/tensorflow/lite/core/interpreter_builder.h:36,
                 from /usr/include/tensorflow/lite/interpreter_builder.h:20,
                 from /usr/include/tensorflow/lite/model.h:20,
                 from test.cpp:35:
/usr/include/tensorflow/lite/schema/schema_generated.h:6603:62: error: no matching function for call to ‘tflite::BidirectionalSequenceLSTMOptions::VerifyField<uint8_t>(flatbuffers::Verifier&, tflite::BidirectionalSequenceLSTMOptions::FlatBuffersVTableOffset, int) const’
 6603 |            VerifyField<uint8_t>(verifier, VT_MERGE_OUTPUTS, 1) &&
      |                                                              ^
In file included from /usr/include/tensorflow/lite/core/interpreter_builder.h:33,
                 from /usr/include/tensorflow/lite/interpreter_builder.h:20,
                 from /usr/include/tensorflow/lite/model.h:20,
                 from test.cpp:35:
/usr/local/include/flatbuffers/flatbuffers.h:2643:8: note: candidate: ‘bool flatbuffers::Table::VerifyField(const flatbuffers::Verifier&, flatbuffers::voffset_t) const [with T = unsigned char; flatbuffers::voffset_t = short unsigned int]’
 2643 |   bool VerifyField(const Verifier &verifier, voffset_t field) const {
      |        ^~~~~~~~~~~
/usr/local/include/flatbuffers/flatbuffers.h:2643:8: note:   candidate expects 2 arguments, 3 provided
In file included from /usr/include/tensorflow/lite/core/api/op_resolver.h:24,
                 from /usr/include/tensorflow/lite/core/interpreter_builder.h:36,
                 from /usr/include/tensorflow/lite/interpreter_builder.h:20,
                 from /usr/include/tensorflow/lite/model.h:20,
                 from test.cpp:35:
/usr/include/tensorflow/lite/schema/schema_generated.h:6604:59: error: no matching function for call to ‘tflite::BidirectionalSequenceLSTMOptions::VerifyField<uint8_t>(flatbuffers::Verifier&, tflite::BidirectionalSequenceLSTMOptions::FlatBuffersVTableOffset, int) const’
 6604 |            VerifyField<uint8_t>(verifier, VT_TIME_MAJOR, 1) &&
      |                                                           ^
In file included from /usr/include/tensorflow/lite/core/interpreter_builder.h:33,
                 from /usr/include/tensorflow/lite/interpreter_builder.h:20,
                 from /usr/include/tensorflow/lite/model.h:20,
                 from test.cpp:35:
/usr/local/include/flatbuffers/flatbuffers.h:2643:8: note: candidate: ‘bool flatbuffers::Table::VerifyField(const flatbuffers::Verifier&, flatbuffers::voffset_t) const [with T = unsigned char; flatbuffers::voffset_t = short unsigned int]’
 2643 |   bool VerifyField(const Verifier &verifier, voffset_t field) const {
      |        ^~~~~~~~~~~
/usr/local/include/flatbuffers/flatbuffers.h:2643:8: note:   candidate expects 2 arguments, 3 provided
In file included from /usr/include/tensorflow/lite/core/api/op_resolver.h:24,
                 from /usr/include/tensorflow/lite/core/interpreter_builder.h:36,
                 from /usr/include/tensorflow/lite/interpreter_builder.h:20,
                 from /usr/include/tensorflow/lite/model.h:20,
                 from test.cpp:35:
/usr/include/tensorflow/lite/schema/schema_generated.h:6605:75: error: no matching function for call to ‘tflite::BidirectionalSequenceLSTMOptions::VerifyField<uint8_t>(flatbuffers::Verifier&, tflite::BidirectionalSequenceLSTMOptions::FlatBuffersVTableOffset, int) const’
 6605 |            VerifyField<uint8_t>(verifier, VT_ASYMMETRIC_QUANTIZE_INPUTS, 1) &&
      |                                                                           ^
In file included from /usr/include/tensorflow/lite/core/interpreter_builder.h:33,
                 from /usr/include/tensorflow/lite/interpreter_builder.h:20,
                 from /usr/include/tensorflow/lite/model.h:20,
                 from test.cpp:35:
/usr/local/include/flatbuffers/flatbuffers.h:2643:8: note: candidate: ‘bool flatbuffers::Table::VerifyField(const flatbuffers::Verifier&, flatbuffers::voffset_t) const [with T = unsigned char; flatbuffers::voffset_t = short unsigned int]’
 2643 |   bool VerifyField(const Verifier &verifier, voffset_t field) const {
      |        ^~~~~~~~~~~
/usr/local/include/flatbuffers/flatbuffers.h:2643:8: note:   candidate expects 2 arguments, 3 provided
In file included from /usr/include/tensorflow/lite/core/api/op_resolver.h:24,
                 from /usr/include/tensorflow/lite/core/interpreter_builder.h:36,
                 from /usr/include/tensorflow/lite/interpreter_builder.h:20,
                 from /usr/include/tensorflow/lite/model.h:20,
                 from test.cpp:35:
/usr/include/tensorflow/lite/schema/schema_generated.h: In member function ‘bool tflite::ResizeBilinearOptions::Verify(flatbuffers::Verifier&) const’:
/usr/include/tensorflow/lite/schema/schema_generated.h:6687:62: error: no matching function for call to ‘tflite::ResizeBilinearOptions::VerifyField<uint8_t>(flatbuffers::Verifier&, tflite::ResizeBilinearOptions::FlatBuffersVTableOffset, int) const’
 6687 |            VerifyField<uint8_t>(verifier, VT_ALIGN_CORNERS, 1) &&
      |                                                              ^
In file included from /usr/include/tensorflow/lite/core/interpreter_builder.h:33,
                 from /usr/include/tensorflow/lite/interpreter_builder.h:20,
                 from /usr/include/tensorflow/lite/model.h:20,
                 from test.cpp:35:
/usr/local/include/flatbuffers/flatbuffers.h:2643:8: note: candidate: ‘bool flatbuffers::Table::VerifyField(const flatbuffers::Verifier&, flatbuffers::voffset_t) const [with T = unsigned char; flatbuffers::voffset_t = short unsigned int]’
 2643 |   bool VerifyField(const Verifier &verifier, voffset_t field) const {
      |        ^~~~~~~~~~~
/usr/local/include/flatbuffers/flatbuffers.h:2643:8: note:   candidate expects 2 arguments, 3 provided
In file included from /usr/include/tensorflow/lite/core/api/op_resolver.h:24,
                 from /usr/include/tensorflow/lite/core/interpreter_builder.h:36,
                 from /usr/include/tensorflow/lite/interpreter_builder.h:20,
                 from /usr/include/tensorflow/lite/model.h:20,
                 from test.cpp:35:
/usr/include/tensorflow/lite/schema/schema_generated.h:6688:67: error: no matching function for call to ‘tflite::ResizeBilinearOptions::VerifyField<uint8_t>(flatbuffers::Verifier&, tflite::ResizeBilinearOptions::FlatBuffersVTableOffset, int) const’
 6688 |            VerifyField<uint8_t>(verifier, VT_HALF_PIXEL_CENTERS, 1) &&
      |                                                                   ^
In file included from /usr/include/tensorflow/lite/core/interpreter_builder.h:33,
                 from /usr/include/tensorflow/lite/interpreter_builder.h:20,
                 from /usr/include/tensorflow/lite/model.h:20,
                 from test.cpp:35:
/usr/local/include/flatbuffers/flatbuffers.h:2643:8: note: candidate: ‘bool flatbuffers::Table::VerifyField(const flatbuffers::Verifier&, flatbuffers::voffset_t) const [with T = unsigned char; flatbuffers::voffset_t = short unsigned int]’
 2643 |   bool VerifyField(const Verifier &verifier, voffset_t field) const {
      |        ^~~~~~~~~~~
/usr/local/include/flatbuffers/flatbuffers.h:2643:8: note:   candidate expects 2 arguments, 3 provided
In file included from /usr/include/tensorflow/lite/core/api/op_resolver.h:24,
                 from /usr/include/tensorflow/lite/core/interpreter_builder.h:36,
                 from /usr/include/tensorflow/lite/interpreter_builder.h:20,
                 from /usr/include/tensorflow/lite/model.h:20,
                 from test.cpp:35:
/usr/include/tensorflow/lite/schema/schema_generated.h: In member function ‘bool tflite::ResizeNearestNeighborOptions::Verify(flatbuffers::Verifier&) const’:
/usr/include/tensorflow/lite/schema/schema_generated.h:6750:62: error: no matching function for call to ‘tflite::ResizeNearestNeighborOptions::VerifyField<uint8_t>(flatbuffers::Verifier&, tflite::ResizeNearestNeighborOptions::FlatBuffersVTableOffset, int) const’
 6750 |            VerifyField<uint8_t>(verifier, VT_ALIGN_CORNERS, 1) &&
      |                                                              ^
In file included from /usr/include/tensorflow/lite/core/interpreter_builder.h:33,
                 from /usr/include/tensorflow/lite/interpreter_builder.h:20,
                 from /usr/include/tensorflow/lite/model.h:20,
                 from test.cpp:35:
/usr/local/include/flatbuffers/flatbuffers.h:2643:8: note: candidate: ‘bool flatbuffers::Table::VerifyField(const flatbuffers::Verifier&, flatbuffers::voffset_t) const [with T = unsigned char; flatbuffers::voffset_t = short unsigned int]’
 2643 |   bool VerifyField(const Verifier &verifier, voffset_t field) const {
      |        ^~~~~~~~~~~
/usr/local/include/flatbuffers/flatbuffers.h:2643:8: note:   candidate expects 2 arguments, 3 provided
In file included from /usr/include/tensorflow/lite/core/api/op_resolver.h:24,
                 from /usr/include/tensorflow/lite/core/interpreter_builder.h:36,
                 from /usr/include/tensorflow/lite/interpreter_builder.h:20,
                 from /usr/include/tensorflow/lite/model.h:20,
                 from test.cpp:35:
/usr/include/tensorflow/lite/schema/schema_generated.h:6751:67: error: no matching function for call to ‘tflite::ResizeNearestNeighborOptions::VerifyField<uint8_t>(flatbuffers::Verifier&, tflite::ResizeNearestNeighborOptions::FlatBuffersVTableOffset, int) const’
 6751 |            VerifyField<uint8_t>(verifier, VT_HALF_PIXEL_CENTERS, 1) &&
      |                                                                   ^
In file included from /usr/include/tensorflow/lite/core/interpreter_builder.h:33,
                 from /usr/include/tensorflow/lite/interpreter_builder.h:20,
                 from /usr/include/tensorflow/lite/model.h:20,
                 from test.cpp:35:
/usr/local/include/flatbuffers/flatbuffers.h:2643:8: note: candidate: ‘bool flatbuffers::Table::VerifyField(const flatbuffers::Verifier&, flatbuffers::voffset_t) const [with T = unsigned char; flatbuffers::voffset_t = short unsigned int]’
 2643 |   bool VerifyField(const Verifier &verifier, voffset_t field) const {
      |        ^~~~~~~~~~~
/usr/local/include/flatbuffers/flatbuffers.h:2643:8: note:   candidate expects 2 arguments, 3 provided
In file included from /usr/include/tensorflow/lite/core/api/op_resolver.h:24,
                 from /usr/include/tensorflow/lite/core/interpreter_builder.h:36,
                 from /usr/include/tensorflow/lite/interpreter_builder.h:20,
                 from /usr/include/tensorflow/lite/model.h:20,
                 from test.cpp:35:
/usr/include/tensorflow/lite/schema/schema_generated.h: In member function ‘bool tflite::CallOptions::Verify(flatbuffers::Verifier&) const’:
/usr/include/tensorflow/lite/schema/schema_generated.h:6808:58: error: no matching function for call to ‘tflite::CallOptions::VerifyField<uint32_t>(flatbuffers::Verifier&, tflite::CallOptions::FlatBuffersVTableOffset, int) const’
 6808 |            VerifyField<uint32_t>(verifier, VT_SUBGRAPH, 4) &&
      |                                                          ^
In file included from /usr/include/tensorflow/lite/core/interpreter_builder.h:33,
                 from /usr/include/tensorflow/lite/interpreter_builder.h:20,
                 from /usr/include/tensorflow/lite/model.h:20,
                 from test.cpp:35:
/usr/local/include/flatbuffers/flatbuffers.h:2643:8: note: candidate: ‘bool flatbuffers::Table::VerifyField(const flatbuffers::Verifier&, flatbuffers::voffset_t) const [with T = unsigned int; flatbuffers::voffset_t = short unsigned int]’
 2643 |   bool VerifyField(const Verifier &verifier, voffset_t field) const {
      |        ^~~~~~~~~~~
/usr/local/include/flatbuffers/flatbuffers.h:2643:8: note:   candidate expects 2 arguments, 3 provided
In file included from /usr/include/tensorflow/lite/core/api/op_resolver.h:24,
                 from /usr/include/tensorflow/lite/core/interpreter_builder.h:36,
                 from /usr/include/tensorflow/lite/interpreter_builder.h:20,
                 from /usr/include/tensorflow/lite/model.h:20,
                 from test.cpp:35:
/usr/include/tensorflow/lite/schema/schema_generated.h: In member function ‘bool tflite::SkipGramOptions::Verify(flatbuffers::Verifier&) const’:
/usr/include/tensorflow/lite/schema/schema_generated.h:7088:59: error: no matching function for call to ‘tflite::SkipGramOptions::VerifyField<int32_t>(flatbuffers::Verifier&, tflite::SkipGramOptions::FlatBuffersVTableOffset, int) const’
 7088 |            VerifyField<int32_t>(verifier, VT_NGRAM_SIZE, 4) &&
      |                                                           ^
In file included from /usr/include/tensorflow/lite/core/interpreter_builder.h:33,
                 from /usr/include/tensorflow/lite/interpreter_builder.h:20,
                 from /usr/include/tensorflow/lite/model.h:20,
                 from test.cpp:35:
/usr/local/include/flatbuffers/flatbuffers.h:2643:8: note: candidate: ‘bool flatbuffers::Table::VerifyField(const flatbuffers::Verifier&, flatbuffers::voffset_t) const [with T = int; flatbuffers::voffset_t = short unsigned int]’
 2643 |   bool VerifyField(const Verifier &verifier, voffset_t field) const {
      |        ^~~~~~~~~~~
/usr/local/include/flatbuffers/flatbuffers.h:2643:8: note:   candidate expects 2 arguments, 3 provided
In file included from /usr/include/tensorflow/lite/core/api/op_resolver.h:24,
                 from /usr/include/tensorflow/lite/core/interpreter_builder.h:36,
                 from /usr/include/tensorflow/lite/interpreter_builder.h:20,
                 from /usr/include/tensorflow/lite/model.h:20,
                 from test.cpp:35:
/usr/include/tensorflow/lite/schema/schema_generated.h:7089:62: error: no matching function for call to ‘tflite::SkipGramOptions::VerifyField<int32_t>(flatbuffers::Verifier&, tflite::SkipGramOptions::FlatBuffersVTableOffset, int) const’
 7089 |            VerifyField<int32_t>(verifier, VT_MAX_SKIP_SIZE, 4) &&
      |                                                              ^
In file included from /usr/include/tensorflow/lite/core/interpreter_builder.h:33,
                 from /usr/include/tensorflow/lite/interpreter_builder.h:20,
                 from /usr/include/tensorflow/lite/model.h:20,
                 from test.cpp:35:
/usr/local/include/flatbuffers/flatbuffers.h:2643:8: note: candidate: ‘bool flatbuffers::Table::VerifyField(const flatbuffers::Verifier&, flatbuffers::voffset_t) const [with T = int; flatbuffers::voffset_t = short unsigned int]’
 2643 |   bool VerifyField(const Verifier &verifier, voffset_t field) const {
      |        ^~~~~~~~~~~
/usr/local/include/flatbuffers/flatbuffers.h:2643:8: note:   candidate expects 2 arguments, 3 provided
In file included from /usr/include/tensorflow/lite/core/api/op_resolver.h:24,
                 from /usr/include/tensorflow/lite/core/interpreter_builder.h:36,
                 from /usr/include/tensorflow/lite/interpreter_builder.h:20,
                 from /usr/include/tensorflow/lite/model.h:20,
                 from test.cpp:35:
/usr/include/tensorflow/lite/schema/schema_generated.h:7090:67: error: no matching function for call to ‘tflite::SkipGramOptions::VerifyField<uint8_t>(flatbuffers::Verifier&, tflite::SkipGramOptions::FlatBuffersVTableOffset, int) const’
 7090 |            VerifyField<uint8_t>(verifier, VT_INCLUDE_ALL_NGRAMS, 1) &&
      |                                                                   ^
In file included from /usr/include/tensorflow/lite/core/interpreter_builder.h:33,
                 from /usr/include/tensorflow/lite/interpreter_builder.h:20,
                 from /usr/include/tensorflow/lite/model.h:20,
                 from test.cpp:35:
/usr/local/include/flatbuffers/flatbuffers.h:2643:8: note: candidate: ‘bool flatbuffers::Table::VerifyField(const flatbuffers::Verifier&, flatbuffers::voffset_t) const [with T = unsigned char; flatbuffers::voffset_t = short unsigned int]’
 2643 |   bool VerifyField(const Verifier &verifier, voffset_t field) const {
      |        ^~~~~~~~~~~
/usr/local/include/flatbuffers/flatbuffers.h:2643:8: note:   candidate expects 2 arguments, 3 provided
In file included from /usr/include/tensorflow/lite/core/api/op_resolver.h:24,
                 from /usr/include/tensorflow/lite/core/interpreter_builder.h:36,
                 from /usr/include/tensorflow/lite/interpreter_builder.h:20,
                 from /usr/include/tensorflow/lite/model.h:20,
                 from test.cpp:35:
/usr/include/tensorflow/lite/schema/schema_generated.h: In member function ‘bool tflite::SpaceToDepthOptions::Verify(flatbuffers::Verifier&) const’:
/usr/include/tensorflow/lite/schema/schema_generated.h:7152:59: error: no matching function for call to ‘tflite::SpaceToDepthOptions::VerifyField<int32_t>(flatbuffers::Verifier&, tflite::SpaceToDepthOptions::FlatBuffersVTableOffset, int) const’
 7152 |            VerifyField<int32_t>(verifier, VT_BLOCK_SIZE, 4) &&
      |                                                           ^
In file included from /usr/include/tensorflow/lite/core/interpreter_builder.h:33,
                 from /usr/include/tensorflow/lite/interpreter_builder.h:20,
                 from /usr/include/tensorflow/lite/model.h:20,
                 from test.cpp:35:
/usr/local/include/flatbuffers/flatbuffers.h:2643:8: note: candidate: ‘bool flatbuffers::Table::VerifyField(const flatbuffers::Verifier&, flatbuffers::voffset_t) const [with T = int; flatbuffers::voffset_t = short unsigned int]’
 2643 |   bool VerifyField(const Verifier &verifier, voffset_t field) const {
      |        ^~~~~~~~~~~
/usr/local/include/flatbuffers/flatbuffers.h:2643:8: note:   candidate expects 2 arguments, 3 provided
In file included from /usr/include/tensorflow/lite/core/api/op_resolver.h:24,
                 from /usr/include/tensorflow/lite/core/interpreter_builder.h:36,
                 from /usr/include/tensorflow/lite/interpreter_builder.h:20,
                 from /usr/include/tensorflow/lite/model.h:20,
                 from test.cpp:35:
/usr/include/tensorflow/lite/schema/schema_generated.h: In member function ‘bool tflite::DepthToSpaceOptions::Verify(flatbuffers::Verifier&) const’:
/usr/include/tensorflow/lite/schema/schema_generated.h:7204:59: error: no matching function for call to ‘tflite::DepthToSpaceOptions::VerifyField<int32_t>(flatbuffers::Verifier&, tflite::DepthToSpaceOptions::FlatBuffersVTableOffset, int) const’
 7204 |            VerifyField<int32_t>(verifier, VT_BLOCK_SIZE, 4) &&
      |                                                           ^
In file included from /usr/include/tensorflow/lite/core/interpreter_builder.h:33,
                 from /usr/include/tensorflow/lite/interpreter_builder.h:20,
                 from /usr/include/tensorflow/lite/model.h:20,
                 from test.cpp:35:
/usr/local/include/flatbuffers/flatbuffers.h:2643:8: note: candidate: ‘bool flatbuffers::Table::VerifyField(const flatbuffers::Verifier&, flatbuffers::voffset_t) const [with T = int; flatbuffers::voffset_t = short unsigned int]’
 2643 |   bool VerifyField(const Verifier &verifier, voffset_t field) const {
      |        ^~~~~~~~~~~
/usr/local/include/flatbuffers/flatbuffers.h:2643:8: note:   candidate expects 2 arguments, 3 provided
In file included from /usr/include/tensorflow/lite/core/api/op_resolver.h:24,
                 from /usr/include/tensorflow/lite/core/interpreter_builder.h:36,
                 from /usr/include/tensorflow/lite/interpreter_builder.h:20,
                 from /usr/include/tensorflow/lite/model.h:20,
                 from test.cpp:35:
/usr/include/tensorflow/lite/schema/schema_generated.h: In member function ‘bool tflite::SubOptions::Verify(flatbuffers::Verifier&) const’:
/usr/include/tensorflow/lite/schema/schema_generated.h:7261:73: error: no matching function for call to ‘tflite::SubOptions::VerifyField<int8_t>(flatbuffers::Verifier&, tflite::SubOptions::FlatBuffersVTableOffset, int) const’
 7261 |            VerifyField<int8_t>(verifier, VT_FUSED_ACTIVATION_FUNCTION, 1) &&
      |                                                                         ^
In file included from /usr/include/tensorflow/lite/core/interpreter_builder.h:33,
                 from /usr/include/tensorflow/lite/interpreter_builder.h:20,
                 from /usr/include/tensorflow/lite/model.h:20,
                 from test.cpp:35:
/usr/local/include/flatbuffers/flatbuffers.h:2643:8: note: candidate: ‘bool flatbuffers::Table::VerifyField(const flatbuffers::Verifier&, flatbuffers::voffset_t) const [with T = signed char; flatbuffers::voffset_t = short unsigned int]’
 2643 |   bool VerifyField(const Verifier &verifier, voffset_t field) const {
      |        ^~~~~~~~~~~
/usr/local/include/flatbuffers/flatbuffers.h:2643:8: note:   candidate expects 2 arguments, 3 provided
In file included from /usr/include/tensorflow/lite/core/api/op_resolver.h:24,
                 from /usr/include/tensorflow/lite/core/interpreter_builder.h:36,
                 from /usr/include/tensorflow/lite/interpreter_builder.h:20,
                 from /usr/include/tensorflow/lite/model.h:20,
                 from test.cpp:35:
/usr/include/tensorflow/lite/schema/schema_generated.h:7262:64: error: no matching function for call to ‘tflite::SubOptions::VerifyField<uint8_t>(flatbuffers::Verifier&, tflite::SubOptions::FlatBuffersVTableOffset, int) const’
 7262 |            VerifyField<uint8_t>(verifier, VT_POT_SCALE_INT16, 1) &&
      |                                                                ^
In file included from /usr/include/tensorflow/lite/core/interpreter_builder.h:33,
                 from /usr/include/tensorflow/lite/interpreter_builder.h:20,
                 from /usr/include/tensorflow/lite/model.h:20,
                 from test.cpp:35:
/usr/local/include/flatbuffers/flatbuffers.h:2643:8: note: candidate: ‘bool flatbuffers::Table::VerifyField(const flatbuffers::Verifier&, flatbuffers::voffset_t) const [with T = unsigned char; flatbuffers::voffset_t = short unsigned int]’
 2643 |   bool VerifyField(const Verifier &verifier, voffset_t field) const {
      |        ^~~~~~~~~~~
/usr/local/include/flatbuffers/flatbuffers.h:2643:8: note:   candidate expects 2 arguments, 3 provided
In file included from /usr/include/tensorflow/lite/core/api/op_resolver.h:24,
                 from /usr/include/tensorflow/lite/core/interpreter_builder.h:36,
                 from /usr/include/tensorflow/lite/interpreter_builder.h:20,
                 from /usr/include/tensorflow/lite/model.h:20,
                 from test.cpp:35:
/usr/include/tensorflow/lite/schema/schema_generated.h: In member function ‘bool tflite::DivOptions::Verify(flatbuffers::Verifier&) const’:
/usr/include/tensorflow/lite/schema/schema_generated.h:7319:73: error: no matching function for call to ‘tflite::DivOptions::VerifyField<int8_t>(flatbuffers::Verifier&, tflite::DivOptions::FlatBuffersVTableOffset, int) const’
 7319 |            VerifyField<int8_t>(verifier, VT_FUSED_ACTIVATION_FUNCTION, 1) &&
      |                                                                         ^
In file included from /usr/include/tensorflow/lite/core/interpreter_builder.h:33,
                 from /usr/include/tensorflow/lite/interpreter_builder.h:20,
                 from /usr/include/tensorflow/lite/model.h:20,
                 from test.cpp:35:
/usr/local/include/flatbuffers/flatbuffers.h:2643:8: note: candidate: ‘bool flatbuffers::Table::VerifyField(const flatbuffers::Verifier&, flatbuffers::voffset_t) const [with T = signed char; flatbuffers::voffset_t = short unsigned int]’
 2643 |   bool VerifyField(const Verifier &verifier, voffset_t field) const {
      |        ^~~~~~~~~~~
/usr/local/include/flatbuffers/flatbuffers.h:2643:8: note:   candidate expects 2 arguments, 3 provided
In file included from /usr/include/tensorflow/lite/core/api/op_resolver.h:24,
                 from /usr/include/tensorflow/lite/core/interpreter_builder.h:36,
                 from /usr/include/tensorflow/lite/interpreter_builder.h:20,
                 from /usr/include/tensorflow/lite/model.h:20,
                 from test.cpp:35:
/usr/include/tensorflow/lite/schema/schema_generated.h: In member function ‘bool tflite::EmbeddingLookupSparseOptions::Verify(flatbuffers::Verifier&) const’:
/usr/include/tensorflow/lite/schema/schema_generated.h:7410:56: error: no matching function for call to ‘tflite::EmbeddingLookupSparseOptions::VerifyField<int8_t>(flatbuffers::Verifier&, tflite::EmbeddingLookupSparseOptions::FlatBuffersVTableOffset, int) const’
 7410 |            VerifyField<int8_t>(verifier, VT_COMBINER, 1) &&
      |                                                        ^
In file included from /usr/include/tensorflow/lite/core/interpreter_builder.h:33,
                 from /usr/include/tensorflow/lite/interpreter_builder.h:20,
                 from /usr/include/tensorflow/lite/model.h:20,
                 from test.cpp:35:
/usr/local/include/flatbuffers/flatbuffers.h:2643:8: note: candidate: ‘bool flatbuffers::Table::VerifyField(const flatbuffers::Verifier&, flatbuffers::voffset_t) const [with T = signed char; flatbuffers::voffset_t = short unsigned int]’
 2643 |   bool VerifyField(const Verifier &verifier, voffset_t field) const {
      |        ^~~~~~~~~~~
/usr/local/include/flatbuffers/flatbuffers.h:2643:8: note:   candidate expects 2 arguments, 3 provided
In file included from /usr/include/tensorflow/lite/core/api/op_resolver.h:24,
                 from /usr/include/tensorflow/lite/core/interpreter_builder.h:36,
                 from /usr/include/tensorflow/lite/interpreter_builder.h:20,
                 from /usr/include/tensorflow/lite/model.h:20,
                 from test.cpp:35:
/usr/include/tensorflow/lite/schema/schema_generated.h: In member function ‘bool tflite::GatherOptions::Verify(flatbuffers::Verifier&) const’:
/usr/include/tensorflow/lite/schema/schema_generated.h:7467:53: error: no matching function for call to ‘tflite::GatherOptions::VerifyField<int32_t>(flatbuffers::Verifier&, tflite::GatherOptions::FlatBuffersVTableOffset, int) const’
 7467 |            VerifyField<int32_t>(verifier, VT_AXIS, 4) &&
      |                                                     ^
In file included from /usr/include/tensorflow/lite/core/interpreter_builder.h:33,
                 from /usr/include/tensorflow/lite/interpreter_builder.h:20,
                 from /usr/include/tensorflow/lite/model.h:20,
                 from test.cpp:35:
/usr/local/include/flatbuffers/flatbuffers.h:2643:8: note: candidate: ‘bool flatbuffers::Table::VerifyField(const flatbuffers::Verifier&, flatbuffers::voffset_t) const [with T = int; flatbuffers::voffset_t = short unsigned int]’
 2643 |   bool VerifyField(const Verifier &verifier, voffset_t field) const {
      |        ^~~~~~~~~~~
/usr/local/include/flatbuffers/flatbuffers.h:2643:8: note:   candidate expects 2 arguments, 3 provided
In file included from /usr/include/tensorflow/lite/core/api/op_resolver.h:24,
                 from /usr/include/tensorflow/lite/core/interpreter_builder.h:36,
                 from /usr/include/tensorflow/lite/interpreter_builder.h:20,
                 from /usr/include/tensorflow/lite/model.h:20,
                 from test.cpp:35:
/usr/include/tensorflow/lite/schema/schema_generated.h:7468:59: error: no matching function for call to ‘tflite::GatherOptions::VerifyField<int32_t>(flatbuffers::Verifier&, tflite::GatherOptions::FlatBuffersVTableOffset, int) const’
 7468 |            VerifyField<int32_t>(verifier, VT_BATCH_DIMS, 4) &&
      |                                                           ^
In file included from /usr/include/tensorflow/lite/core/interpreter_builder.h:33,
                 from /usr/include/tensorflow/lite/interpreter_builder.h:20,
                 from /usr/include/tensorflow/lite/model.h:20,
                 from test.cpp:35:
/usr/local/include/flatbuffers/flatbuffers.h:2643:8: note: candidate: ‘bool flatbuffers::Table::VerifyField(const flatbuffers::Verifier&, flatbuffers::voffset_t) const [with T = int; flatbuffers::voffset_t = short unsigned int]’
 2643 |   bool VerifyField(const Verifier &verifier, voffset_t field) const {
      |        ^~~~~~~~~~~
/usr/local/include/flatbuffers/flatbuffers.h:2643:8: note:   candidate expects 2 arguments, 3 provided
In file included from /usr/include/tensorflow/lite/core/api/op_resolver.h:24,
                 from /usr/include/tensorflow/lite/core/interpreter_builder.h:36,
                 from /usr/include/tensorflow/lite/interpreter_builder.h:20,
                 from /usr/include/tensorflow/lite/model.h:20,
                 from test.cpp:35:
/usr/include/tensorflow/lite/schema/schema_generated.h: In member function ‘bool tflite::ReducerOptions::Verify(flatbuffers::Verifier&) const’:
/usr/include/tensorflow/lite/schema/schema_generated.h:7642:58: error: no matching function for call to ‘tflite::ReducerOptions::VerifyField<uint8_t>(flatbuffers::Verifier&, tflite::ReducerOptions::FlatBuffersVTableOffset, int) const’
 7642 |            VerifyField<uint8_t>(verifier, VT_KEEP_DIMS, 1) &&
      |                                                          ^
In file included from /usr/include/tensorflow/lite/core/interpreter_builder.h:33,
                 from /usr/include/tensorflow/lite/interpreter_builder.h:20,
                 from /usr/include/tensorflow/lite/model.h:20,
                 from test.cpp:35:
/usr/local/include/flatbuffers/flatbuffers.h:2643:8: note: candidate: ‘bool flatbuffers::Table::VerifyField(const flatbuffers::Verifier&, flatbuffers::voffset_t) const [with T = unsigned char; flatbuffers::voffset_t = short unsigned int]’
 2643 |   bool VerifyField(const Verifier &verifier, voffset_t field) const {
      |        ^~~~~~~~~~~
/usr/local/include/flatbuffers/flatbuffers.h:2643:8: note:   candidate expects 2 arguments, 3 provided
In file included from /usr/include/tensorflow/lite/core/api/op_resolver.h:24,
                 from /usr/include/tensorflow/lite/core/interpreter_builder.h:36,
                 from /usr/include/tensorflow/lite/interpreter_builder.h:20,
                 from /usr/include/tensorflow/lite/model.h:20,
                 from test.cpp:35:
/usr/include/tensorflow/lite/schema/schema_generated.h: In member function ‘bool tflite::SplitOptions::Verify(flatbuffers::Verifier&) const’:
/usr/include/tensorflow/lite/schema/schema_generated.h:7756:59: error: no matching function for call to ‘tflite::SplitOptions::VerifyField<int32_t>(flatbuffers::Verifier&, tflite::SplitOptions::FlatBuffersVTableOffset, int) const’
 7756 |            VerifyField<int32_t>(verifier, VT_NUM_SPLITS, 4) &&
      |                                                           ^
In file included from /usr/include/tensorflow/lite/core/interpreter_builder.h:33,
                 from /usr/include/tensorflow/lite/interpreter_builder.h:20,
                 from /usr/include/tensorflow/lite/model.h:20,
                 from test.cpp:35:
/usr/local/include/flatbuffers/flatbuffers.h:2643:8: note: candidate: ‘bool flatbuffers::Table::VerifyField(const flatbuffers::Verifier&, flatbuffers::voffset_t) const [with T = int; flatbuffers::voffset_t = short unsigned int]’
 2643 |   bool VerifyField(const Verifier &verifier, voffset_t field) const {
      |        ^~~~~~~~~~~
/usr/local/include/flatbuffers/flatbuffers.h:2643:8: note:   candidate expects 2 arguments, 3 provided
In file included from /usr/include/tensorflow/lite/core/api/op_resolver.h:24,
                 from /usr/include/tensorflow/lite/core/interpreter_builder.h:36,
                 from /usr/include/tensorflow/lite/interpreter_builder.h:20,
                 from /usr/include/tensorflow/lite/model.h:20,
                 from test.cpp:35:
/usr/include/tensorflow/lite/schema/schema_generated.h: In member function ‘bool tflite::SplitVOptions::Verify(flatbuffers::Verifier&) const’:
/usr/include/tensorflow/lite/schema/schema_generated.h:7808:59: error: no matching function for call to ‘tflite::SplitVOptions::VerifyField<int32_t>(flatbuffers::Verifier&, tflite::SplitVOptions::FlatBuffersVTableOffset, int) const’
 7808 |            VerifyField<int32_t>(verifier, VT_NUM_SPLITS, 4) &&
      |                                                           ^
In file included from /usr/include/tensorflow/lite/core/interpreter_builder.h:33,
                 from /usr/include/tensorflow/lite/interpreter_builder.h:20,
                 from /usr/include/tensorflow/lite/model.h:20,
                 from test.cpp:35:
/usr/local/include/flatbuffers/flatbuffers.h:2643:8: note: candidate: ‘bool flatbuffers::Table::VerifyField(const flatbuffers::Verifier&, flatbuffers::voffset_t) const [with T = int; flatbuffers::voffset_t = short unsigned int]’
 2643 |   bool VerifyField(const Verifier &verifier, voffset_t field) const {
      |        ^~~~~~~~~~~
/usr/local/include/flatbuffers/flatbuffers.h:2643:8: note:   candidate expects 2 arguments, 3 provided
In file included from /usr/include/tensorflow/lite/core/api/op_resolver.h:24,
                 from /usr/include/tensorflow/lite/core/interpreter_builder.h:36,
                 from /usr/include/tensorflow/lite/interpreter_builder.h:20,
                 from /usr/include/tensorflow/lite/model.h:20,
                 from test.cpp:35:
/usr/include/tensorflow/lite/schema/schema_generated.h: In member function ‘bool tflite::StridedSliceOptions::Verify(flatbuffers::Verifier&) const’:
/usr/include/tensorflow/lite/schema/schema_generated.h:7880:59: error: no matching function for call to ‘tflite::StridedSliceOptions::VerifyField<int32_t>(flatbuffers::Verifier&, tflite::StridedSliceOptions::FlatBuffersVTableOffset, int) const’
 7880 |            VerifyField<int32_t>(verifier, VT_BEGIN_MASK, 4) &&
      |                                                           ^
In file included from /usr/include/tensorflow/lite/core/interpreter_builder.h:33,
                 from /usr/include/tensorflow/lite/interpreter_builder.h:20,
                 from /usr/include/tensorflow/lite/model.h:20,
                 from test.cpp:35:
/usr/local/include/flatbuffers/flatbuffers.h:2643:8: note: candidate: ‘bool flatbuffers::Table::VerifyField(const flatbuffers::Verifier&, flatbuffers::voffset_t) const [with T = int; flatbuffers::voffset_t = short unsigned int]’
 2643 |   bool VerifyField(const Verifier &verifier, voffset_t field) const {
      |        ^~~~~~~~~~~
/usr/local/include/flatbuffers/flatbuffers.h:2643:8: note:   candidate expects 2 arguments, 3 provided
In file included from /usr/include/tensorflow/lite/core/api/op_resolver.h:24,
                 from /usr/include/tensorflow/lite/core/interpreter_builder.h:36,
                 from /usr/include/tensorflow/lite/interpreter_builder.h:20,
                 from /usr/include/tensorflow/lite/model.h:20,
                 from test.cpp:35:
/usr/include/tensorflow/lite/schema/schema_generated.h:7881:57: error: no matching function for call to ‘tflite::StridedSliceOptions::VerifyField<int32_t>(flatbuffers::Verifier&, tflite::StridedSliceOptions::FlatBuffersVTableOffset, int) const’
 7881 |            VerifyField<int32_t>(verifier, VT_END_MASK, 4) &&
      |                                                         ^
In file included from /usr/include/tensorflow/lite/core/interpreter_builder.h:33,
                 from /usr/include/tensorflow/lite/interpreter_builder.h:20,
                 from /usr/include/tensorflow/lite/model.h:20,
                 from test.cpp:35:
/usr/local/include/flatbuffers/flatbuffers.h:2643:8: note: candidate: ‘bool flatbuffers::Table::VerifyField(const flatbuffers::Verifier&, flatbuffers::voffset_t) const [with T = int; flatbuffers::voffset_t = short unsigned int]’
 2643 |   bool VerifyField(const Verifier &verifier, voffset_t field) const {
      |        ^~~~~~~~~~~
/usr/local/include/flatbuffers/flatbuffers.h:2643:8: note:   candidate expects 2 arguments, 3 provided
In file included from /usr/include/tensorflow/lite/core/api/op_resolver.h:24,
                 from /usr/include/tensorflow/lite/core/interpreter_builder.h:36,
                 from /usr/include/tensorflow/lite/interpreter_builder.h:20,
                 from /usr/include/tensorflow/lite/model.h:20,
                 from test.cpp:35:
/usr/include/tensorflow/lite/schema/schema_generated.h:7882:62: error: no matching function for call to ‘tflite::StridedSliceOptions::VerifyField<int32_t>(flatbuffers::Verifier&, tflite::StridedSliceOptions::FlatBuffersVTableOffset, int) const’
 7882 |            VerifyField<int32_t>(verifier, VT_ELLIPSIS_MASK, 4) &&
      |                                                              ^
In file included from /usr/include/tensorflow/lite/core/interpreter_builder.h:33,
                 from /usr/include/tensorflow/lite/interpreter_builder.h:20,
                 from /usr/include/tensorflow/lite/model.h:20,
                 from test.cpp:35:
/usr/local/include/flatbuffers/flatbuffers.h:2643:8: note: candidate: ‘bool flatbuffers::Table::VerifyField(const flatbuffers::Verifier&, flatbuffers::voffset_t) const [with T = int; flatbuffers::voffset_t = short unsigned int]’
 2643 |   bool VerifyField(const Verifier &verifier, voffset_t field) const {
      |        ^~~~~~~~~~~
/usr/local/include/flatbuffers/flatbuffers.h:2643:8: note:   candidate expects 2 arguments, 3 provided
In file included from /usr/include/tensorflow/lite/core/api/op_resolver.h:24,
                 from /usr/include/tensorflow/lite/core/interpreter_builder.h:36,
                 from /usr/include/tensorflow/lite/interpreter_builder.h:20,
                 from /usr/include/tensorflow/lite/model.h:20,
                 from test.cpp:35:
/usr/include/tensorflow/lite/schema/schema_generated.h:7883:62: error: no matching function for call to ‘tflite::StridedSliceOptions::VerifyField<int32_t>(flatbuffers::Verifier&, tflite::StridedSliceOptions::FlatBuffersVTableOffset, int) const’
 7883 |            VerifyField<int32_t>(verifier, VT_NEW_AXIS_MASK, 4) &&
      |                                                              ^
In file included from /usr/include/tensorflow/lite/core/interpreter_builder.h:33,
                 from /usr/include/tensorflow/lite/interpreter_builder.h:20,
                 from /usr/include/tensorflow/lite/model.h:20,
                 from test.cpp:35:
/usr/local/include/flatbuffers/flatbuffers.h:2643:8: note: candidate: ‘bool flatbuffers::Table::VerifyField(const flatbuffers::Verifier&, flatbuffers::voffset_t) const [with T = int; flatbuffers::voffset_t = short unsigned int]’
 2643 |   bool VerifyField(const Verifier &verifier, voffset_t field) const {
      |        ^~~~~~~~~~~
/usr/local/include/flatbuffers/flatbuffers.h:2643:8: note:   candidate expects 2 arguments, 3 provided
In file included from /usr/include/tensorflow/lite/core/api/op_resolver.h:24,
                 from /usr/include/tensorflow/lite/core/interpreter_builder.h:36,
                 from /usr/include/tensorflow/lite/interpreter_builder.h:20,
                 from /usr/include/tensorflow/lite/model.h:20,
                 from test.cpp:35:
/usr/include/tensorflow/lite/schema/schema_generated.h:7884:65: error: no matching function for call to ‘tflite::StridedSliceOptions::VerifyField<int32_t>(flatbuffers::Verifier&, tflite::StridedSliceOptions::FlatBuffersVTableOffset, int) const’
 7884 |            VerifyField<int32_t>(verifier, VT_SHRINK_AXIS_MASK, 4) &&
      |                                                                 ^
In file included from /usr/include/tensorflow/lite/core/interpreter_builder.h:33,
                 from /usr/include/tensorflow/lite/interpreter_builder.h:20,
                 from /usr/include/tensorflow/lite/model.h:20,
                 from test.cpp:35:
/usr/local/include/flatbuffers/flatbuffers.h:2643:8: note: candidate: ‘bool flatbuffers::Table::VerifyField(const flatbuffers::Verifier&, flatbuffers::voffset_t) const [with T = int; flatbuffers::voffset_t = short unsigned int]’
 2643 |   bool VerifyField(const Verifier &verifier, voffset_t field) const {
      |        ^~~~~~~~~~~
/usr/local/include/flatbuffers/flatbuffers.h:2643:8: note:   candidate expects 2 arguments, 3 provided
In file included from /usr/include/tensorflow/lite/core/api/op_resolver.h:24,
                 from /usr/include/tensorflow/lite/core/interpreter_builder.h:36,
                 from /usr/include/tensorflow/lite/interpreter_builder.h:20,
                 from /usr/include/tensorflow/lite/model.h:20,
                 from test.cpp:35:
/usr/include/tensorflow/lite/schema/schema_generated.h: In member function ‘bool tflite::CastOptions::Verify(flatbuffers::Verifier&) const’:
/usr/include/tensorflow/lite/schema/schema_generated.h:8000:60: error: no matching function for call to ‘tflite::CastOptions::VerifyField<int8_t>(flatbuffers::Verifier&, tflite::CastOptions::FlatBuffersVTableOffset, int) const’
 8000 |            VerifyField<int8_t>(verifier, VT_IN_DATA_TYPE, 1) &&
      |                                                            ^
In file included from /usr/include/tensorflow/lite/core/interpreter_builder.h:33,
                 from /usr/include/tensorflow/lite/interpreter_builder.h:20,
                 from /usr/include/tensorflow/lite/model.h:20,
                 from test.cpp:35:
/usr/local/include/flatbuffers/flatbuffers.h:2643:8: note: candidate: ‘bool flatbuffers::Table::VerifyField(const flatbuffers::Verifier&, flatbuffers::voffset_t) const [with T = signed char; flatbuffers::voffset_t = short unsigned int]’
 2643 |   bool VerifyField(const Verifier &verifier, voffset_t field) const {
      |        ^~~~~~~~~~~
/usr/local/include/flatbuffers/flatbuffers.h:2643:8: note:   candidate expects 2 arguments, 3 provided
In file included from /usr/include/tensorflow/lite/core/api/op_resolver.h:24,
                 from /usr/include/tensorflow/lite/core/interpreter_builder.h:36,
                 from /usr/include/tensorflow/lite/interpreter_builder.h:20,
                 from /usr/include/tensorflow/lite/model.h:20,
                 from test.cpp:35:
/usr/include/tensorflow/lite/schema/schema_generated.h:8001:61: error: no matching function for call to ‘tflite::CastOptions::VerifyField<int8_t>(flatbuffers::Verifier&, tflite::CastOptions::FlatBuffersVTableOffset, int) const’
 8001 |            VerifyField<int8_t>(verifier, VT_OUT_DATA_TYPE, 1) &&
      |                                                             ^
In file included from /usr/include/tensorflow/lite/core/interpreter_builder.h:33,
                 from /usr/include/tensorflow/lite/interpreter_builder.h:20,
                 from /usr/include/tensorflow/lite/model.h:20,
                 from test.cpp:35:
/usr/local/include/flatbuffers/flatbuffers.h:2643:8: note: candidate: ‘bool flatbuffers::Table::VerifyField(const flatbuffers::Verifier&, flatbuffers::voffset_t) const [with T = signed char; flatbuffers::voffset_t = short unsigned int]’
 2643 |   bool VerifyField(const Verifier &verifier, voffset_t field) const {
      |        ^~~~~~~~~~~
/usr/local/include/flatbuffers/flatbuffers.h:2643:8: note:   candidate expects 2 arguments, 3 provided
In file included from /usr/include/tensorflow/lite/core/api/op_resolver.h:24,
                 from /usr/include/tensorflow/lite/core/interpreter_builder.h:36,
                 from /usr/include/tensorflow/lite/interpreter_builder.h:20,
                 from /usr/include/tensorflow/lite/model.h:20,
                 from test.cpp:35:
/usr/include/tensorflow/lite/schema/schema_generated.h: In member function ‘bool tflite::ArgMaxOptions::Verify(flatbuffers::Verifier&) const’:
/usr/include/tensorflow/lite/schema/schema_generated.h:8175:59: error: no matching function for call to ‘tflite::ArgMaxOptions::VerifyField<int8_t>(flatbuffers::Verifier&, tflite::ArgMaxOptions::FlatBuffersVTableOffset, int) const’
 8175 |            VerifyField<int8_t>(verifier, VT_OUTPUT_TYPE, 1) &&
      |                                                           ^
In file included from /usr/include/tensorflow/lite/core/interpreter_builder.h:33,
                 from /usr/include/tensorflow/lite/interpreter_builder.h:20,
                 from /usr/include/tensorflow/lite/model.h:20,
                 from test.cpp:35:
/usr/local/include/flatbuffers/flatbuffers.h:2643:8: note: candidate: ‘bool flatbuffers::Table::VerifyField(const flatbuffers::Verifier&, flatbuffers::voffset_t) const [with T = signed char; flatbuffers::voffset_t = short unsigned int]’
 2643 |   bool VerifyField(const Verifier &verifier, voffset_t field) const {
      |        ^~~~~~~~~~~
/usr/local/include/flatbuffers/flatbuffers.h:2643:8: note:   candidate expects 2 arguments, 3 provided
In file included from /usr/include/tensorflow/lite/core/api/op_resolver.h:24,
                 from /usr/include/tensorflow/lite/core/interpreter_builder.h:36,
                 from /usr/include/tensorflow/lite/interpreter_builder.h:20,
                 from /usr/include/tensorflow/lite/model.h:20,
                 from test.cpp:35:
/usr/include/tensorflow/lite/schema/schema_generated.h: In member function ‘bool tflite::ArgMinOptions::Verify(flatbuffers::Verifier&) const’:
/usr/include/tensorflow/lite/schema/schema_generated.h:8227:59: error: no matching function for call to ‘tflite::ArgMinOptions::VerifyField<int8_t>(flatbuffers::Verifier&, tflite::ArgMinOptions::FlatBuffersVTableOffset, int) const’
 8227 |            VerifyField<int8_t>(verifier, VT_OUTPUT_TYPE, 1) &&
      |                                                           ^
In file included from /usr/include/tensorflow/lite/core/interpreter_builder.h:33,
                 from /usr/include/tensorflow/lite/interpreter_builder.h:20,
                 from /usr/include/tensorflow/lite/model.h:20,
                 from test.cpp:35:
/usr/local/include/flatbuffers/flatbuffers.h:2643:8: note: candidate: ‘bool flatbuffers::Table::VerifyField(const flatbuffers::Verifier&, flatbuffers::voffset_t) const [with T = signed char; flatbuffers::voffset_t = short unsigned int]’
 2643 |   bool VerifyField(const Verifier &verifier, voffset_t field) const {
      |        ^~~~~~~~~~~
/usr/local/include/flatbuffers/flatbuffers.h:2643:8: note:   candidate expects 2 arguments, 3 provided
In file included from /usr/include/tensorflow/lite/core/api/op_resolver.h:24,
                 from /usr/include/tensorflow/lite/core/interpreter_builder.h:36,
                 from /usr/include/tensorflow/lite/interpreter_builder.h:20,
                 from /usr/include/tensorflow/lite/model.h:20,
                 from test.cpp:35:
/usr/include/tensorflow/lite/schema/schema_generated.h: In member function ‘bool tflite::TransposeConvOptions::Verify(flatbuffers::Verifier&) const’:
/usr/include/tensorflow/lite/schema/schema_generated.h:8567:55: error: no matching function for call to ‘tflite::TransposeConvOptions::VerifyField<int8_t>(flatbuffers::Verifier&, tflite::TransposeConvOptions::FlatBuffersVTableOffset, int) const’
 8567 |            VerifyField<int8_t>(verifier, VT_PADDING, 1) &&
      |                                                       ^
In file included from /usr/include/tensorflow/lite/core/interpreter_builder.h:33,
                 from /usr/include/tensorflow/lite/interpreter_builder.h:20,
                 from /usr/include/tensorflow/lite/model.h:20,
                 from test.cpp:35:
/usr/local/include/flatbuffers/flatbuffers.h:2643:8: note: candidate: ‘bool flatbuffers::Table::VerifyField(const flatbuffers::Verifier&, flatbuffers::voffset_t) const [with T = signed char; flatbuffers::voffset_t = short unsigned int]’
 2643 |   bool VerifyField(const Verifier &verifier, voffset_t field) const {
      |        ^~~~~~~~~~~
/usr/local/include/flatbuffers/flatbuffers.h:2643:8: note:   candidate expects 2 arguments, 3 provided
In file included from /usr/include/tensorflow/lite/core/api/op_resolver.h:24,
                 from /usr/include/tensorflow/lite/core/interpreter_builder.h:36,
                 from /usr/include/tensorflow/lite/interpreter_builder.h:20,
                 from /usr/include/tensorflow/lite/model.h:20,
                 from test.cpp:35:
/usr/include/tensorflow/lite/schema/schema_generated.h:8568:57: error: no matching function for call to ‘tflite::TransposeConvOptions::VerifyField<int32_t>(flatbuffers::Verifier&, tflite::TransposeConvOptions::FlatBuffersVTableOffset, int) const’
 8568 |            VerifyField<int32_t>(verifier, VT_STRIDE_W, 4) &&
      |                                                         ^
In file included from /usr/include/tensorflow/lite/core/interpreter_builder.h:33,
                 from /usr/include/tensorflow/lite/interpreter_builder.h:20,
                 from /usr/include/tensorflow/lite/model.h:20,
                 from test.cpp:35:
/usr/local/include/flatbuffers/flatbuffers.h:2643:8: note: candidate: ‘bool flatbuffers::Table::VerifyField(const flatbuffers::Verifier&, flatbuffers::voffset_t) const [with T = int; flatbuffers::voffset_t = short unsigned int]’
 2643 |   bool VerifyField(const Verifier &verifier, voffset_t field) const {
      |        ^~~~~~~~~~~
/usr/local/include/flatbuffers/flatbuffers.h:2643:8: note:   candidate expects 2 arguments, 3 provided
In file included from /usr/include/tensorflow/lite/core/api/op_resolver.h:24,
                 from /usr/include/tensorflow/lite/core/interpreter_builder.h:36,
                 from /usr/include/tensorflow/lite/interpreter_builder.h:20,
                 from /usr/include/tensorflow/lite/model.h:20,
                 from test.cpp:35:
/usr/include/tensorflow/lite/schema/schema_generated.h:8569:57: error: no matching function for call to ‘tflite::TransposeConvOptions::VerifyField<int32_t>(flatbuffers::Verifier&, tflite::TransposeConvOptions::FlatBuffersVTableOffset, int) const’
 8569 |            VerifyField<int32_t>(verifier, VT_STRIDE_H, 4) &&
      |                                                         ^
In file included from /usr/include/tensorflow/lite/core/interpreter_builder.h:33,
                 from /usr/include/tensorflow/lite/interpreter_builder.h:20,
                 from /usr/include/tensorflow/lite/model.h:20,
                 from test.cpp:35:
/usr/local/include/flatbuffers/flatbuffers.h:2643:8: note: candidate: ‘bool flatbuffers::Table::VerifyField(const flatbuffers::Verifier&, flatbuffers::voffset_t) const [with T = int; flatbuffers::voffset_t = short unsigned int]’
 2643 |   bool VerifyField(const Verifier &verifier, voffset_t field) const {
      |        ^~~~~~~~~~~
/usr/local/include/flatbuffers/flatbuffers.h:2643:8: note:   candidate expects 2 arguments, 3 provided
In file included from /usr/include/tensorflow/lite/core/api/op_resolver.h:24,
                 from /usr/include/tensorflow/lite/core/interpreter_builder.h:36,
                 from /usr/include/tensorflow/lite/interpreter_builder.h:20,
                 from /usr/include/tensorflow/lite/model.h:20,
                 from test.cpp:35:
/usr/include/tensorflow/lite/schema/schema_generated.h:8570:73: error: no matching function for call to ‘tflite::TransposeConvOptions::VerifyField<int8_t>(flatbuffers::Verifier&, tflite::TransposeConvOptions::FlatBuffersVTableOffset, int) const’
 8570 |            VerifyField<int8_t>(verifier, VT_FUSED_ACTIVATION_FUNCTION, 1) &&
      |                                                                         ^
In file included from /usr/include/tensorflow/lite/core/interpreter_builder.h:33,
                 from /usr/include/tensorflow/lite/interpreter_builder.h:20,
                 from /usr/include/tensorflow/lite/model.h:20,
                 from test.cpp:35:
/usr/local/include/flatbuffers/flatbuffers.h:2643:8: note: candidate: ‘bool flatbuffers::Table::VerifyField(const flatbuffers::Verifier&, flatbuffers::voffset_t) const [with T = signed char; flatbuffers::voffset_t = short unsigned int]’
 2643 |   bool VerifyField(const Verifier &verifier, voffset_t field) const {
      |        ^~~~~~~~~~~
/usr/local/include/flatbuffers/flatbuffers.h:2643:8: note:   candidate expects 2 arguments, 3 provided
In file included from /usr/include/tensorflow/lite/core/api/op_resolver.h:24,
                 from /usr/include/tensorflow/lite/core/interpreter_builder.h:36,
                 from /usr/include/tensorflow/lite/interpreter_builder.h:20,
                 from /usr/include/tensorflow/lite/model.h:20,
                 from test.cpp:35:
/usr/include/tensorflow/lite/schema/schema_generated.h: In member function ‘bool tflite::SparseToDenseOptions::Verify(flatbuffers::Verifier&) const’:
/usr/include/tensorflow/lite/schema/schema_generated.h:8676:65: error: no matching function for call to ‘tflite::SparseToDenseOptions::VerifyField<uint8_t>(flatbuffers::Verifier&, tflite::SparseToDenseOptions::FlatBuffersVTableOffset, int) const’
 8676 |            VerifyField<uint8_t>(verifier, VT_VALIDATE_INDICES, 1) &&
      |                                                                 ^
In file included from /usr/include/tensorflow/lite/core/interpreter_builder.h:33,
                 from /usr/include/tensorflow/lite/interpreter_builder.h:20,
                 from /usr/include/tensorflow/lite/model.h:20,
                 from test.cpp:35:
/usr/local/include/flatbuffers/flatbuffers.h:2643:8: note: candidate: ‘bool flatbuffers::Table::VerifyField(const flatbuffers::Verifier&, flatbuffers::voffset_t) const [with T = unsigned char; flatbuffers::voffset_t = short unsigned int]’
 2643 |   bool VerifyField(const Verifier &verifier, voffset_t field) const {
      |        ^~~~~~~~~~~
/usr/local/include/flatbuffers/flatbuffers.h:2643:8: note:   candidate expects 2 arguments, 3 provided
In file included from /usr/include/tensorflow/lite/core/api/op_resolver.h:24,
                 from /usr/include/tensorflow/lite/core/interpreter_builder.h:36,
                 from /usr/include/tensorflow/lite/interpreter_builder.h:20,
                 from /usr/include/tensorflow/lite/model.h:20,
                 from test.cpp:35:
/usr/include/tensorflow/lite/schema/schema_generated.h: In member function ‘bool tflite::ShapeOptions::Verify(flatbuffers::Verifier&) const’:
/usr/include/tensorflow/lite/schema/schema_generated.h:8806:56: error: no matching function for call to ‘tflite::ShapeOptions::VerifyField<int8_t>(flatbuffers::Verifier&, tflite::ShapeOptions::FlatBuffersVTableOffset, int) const’
 8806 |            VerifyField<int8_t>(verifier, VT_OUT_TYPE, 1) &&
      |                                                        ^
In file included from /usr/include/tensorflow/lite/core/interpreter_builder.h:33,
                 from /usr/include/tensorflow/lite/interpreter_builder.h:20,
                 from /usr/include/tensorflow/lite/model.h:20,
                 from test.cpp:35:
/usr/local/include/flatbuffers/flatbuffers.h:2643:8: note: candidate: ‘bool flatbuffers::Table::VerifyField(const flatbuffers::Verifier&, flatbuffers::voffset_t) const [with T = signed char; flatbuffers::voffset_t = short unsigned int]’
 2643 |   bool VerifyField(const Verifier &verifier, voffset_t field) const {
      |        ^~~~~~~~~~~
/usr/local/include/flatbuffers/flatbuffers.h:2643:8: note:   candidate expects 2 arguments, 3 provided
In file included from /usr/include/tensorflow/lite/core/api/op_resolver.h:24,
                 from /usr/include/tensorflow/lite/core/interpreter_builder.h:36,
                 from /usr/include/tensorflow/lite/interpreter_builder.h:20,
                 from /usr/include/tensorflow/lite/model.h:20,
                 from test.cpp:35:
/usr/include/tensorflow/lite/schema/schema_generated.h: In member function ‘bool tflite::FakeQuantOptions::Verify(flatbuffers::Verifier&) const’:
/usr/include/tensorflow/lite/schema/schema_generated.h:8951:50: error: no matching function for call to ‘tflite::FakeQuantOptions::VerifyField<float>(flatbuffers::Verifier&, tflite::FakeQuantOptions::FlatBuffersVTableOffset, int) const’
 8951 |            VerifyField<float>(verifier, VT_MIN, 4) &&
      |                                                  ^
In file included from /usr/include/tensorflow/lite/core/interpreter_builder.h:33,
                 from /usr/include/tensorflow/lite/interpreter_builder.h:20,
                 from /usr/include/tensorflow/lite/model.h:20,
                 from test.cpp:35:
/usr/local/include/flatbuffers/flatbuffers.h:2643:8: note: candidate: ‘bool flatbuffers::Table::VerifyField(const flatbuffers::Verifier&, flatbuffers::voffset_t) const [with T = float; flatbuffers::voffset_t = short unsigned int]’
 2643 |   bool VerifyField(const Verifier &verifier, voffset_t field) const {
      |        ^~~~~~~~~~~
/usr/local/include/flatbuffers/flatbuffers.h:2643:8: note:   candidate expects 2 arguments, 3 provided
In file included from /usr/include/tensorflow/lite/core/api/op_resolver.h:24,
                 from /usr/include/tensorflow/lite/core/interpreter_builder.h:36,
                 from /usr/include/tensorflow/lite/interpreter_builder.h:20,
                 from /usr/include/tensorflow/lite/model.h:20,
                 from test.cpp:35:
/usr/include/tensorflow/lite/schema/schema_generated.h:8952:50: error: no matching function for call to ‘tflite::FakeQuantOptions::VerifyField<float>(flatbuffers::Verifier&, tflite::FakeQuantOptions::FlatBuffersVTableOffset, int) const’
 8952 |            VerifyField<float>(verifier, VT_MAX, 4) &&
      |                                                  ^
In file included from /usr/include/tensorflow/lite/core/interpreter_builder.h:33,
                 from /usr/include/tensorflow/lite/interpreter_builder.h:20,
                 from /usr/include/tensorflow/lite/model.h:20,
                 from test.cpp:35:
/usr/local/include/flatbuffers/flatbuffers.h:2643:8: note: candidate: ‘bool flatbuffers::Table::VerifyField(const flatbuffers::Verifier&, flatbuffers::voffset_t) const [with T = float; flatbuffers::voffset_t = short unsigned int]’
 2643 |   bool VerifyField(const Verifier &verifier, voffset_t field) const {
      |        ^~~~~~~~~~~
/usr/local/include/flatbuffers/flatbuffers.h:2643:8: note:   candidate expects 2 arguments, 3 provided
In file included from /usr/include/tensorflow/lite/core/api/op_resolver.h:24,
                 from /usr/include/tensorflow/lite/core/interpreter_builder.h:36,
                 from /usr/include/tensorflow/lite/interpreter_builder.h:20,
                 from /usr/include/tensorflow/lite/model.h:20,
                 from test.cpp:35:
/usr/include/tensorflow/lite/schema/schema_generated.h:8953:57: error: no matching function for call to ‘tflite::FakeQuantOptions::VerifyField<int32_t>(flatbuffers::Verifier&, tflite::FakeQuantOptions::FlatBuffersVTableOffset, int) const’
 8953 |            VerifyField<int32_t>(verifier, VT_NUM_BITS, 4) &&
      |                                                         ^
In file included from /usr/include/tensorflow/lite/core/interpreter_builder.h:33,
                 from /usr/include/tensorflow/lite/interpreter_builder.h:20,
                 from /usr/include/tensorflow/lite/model.h:20,
                 from test.cpp:35:
/usr/local/include/flatbuffers/flatbuffers.h:2643:8: note: candidate: ‘bool flatbuffers::Table::VerifyField(const flatbuffers::Verifier&, flatbuffers::voffset_t) const [with T = int; flatbuffers::voffset_t = short unsigned int]’
 2643 |   bool VerifyField(const Verifier &verifier, voffset_t field) const {
      |        ^~~~~~~~~~~
/usr/local/include/flatbuffers/flatbuffers.h:2643:8: note:   candidate expects 2 arguments, 3 provided
In file included from /usr/include/tensorflow/lite/core/api/op_resolver.h:24,
                 from /usr/include/tensorflow/lite/core/interpreter_builder.h:36,
                 from /usr/include/tensorflow/lite/interpreter_builder.h:20,
                 from /usr/include/tensorflow/lite/model.h:20,
                 from test.cpp:35:
/usr/include/tensorflow/lite/schema/schema_generated.h:8954:61: error: no matching function for call to ‘tflite::FakeQuantOptions::VerifyField<uint8_t>(flatbuffers::Verifier&, tflite::FakeQuantOptions::FlatBuffersVTableOffset, int) const’
 8954 |            VerifyField<uint8_t>(verifier, VT_NARROW_RANGE, 1) &&
      |                                                             ^
In file included from /usr/include/tensorflow/lite/core/interpreter_builder.h:33,
                 from /usr/include/tensorflow/lite/interpreter_builder.h:20,
                 from /usr/include/tensorflow/lite/model.h:20,
                 from test.cpp:35:
/usr/local/include/flatbuffers/flatbuffers.h:2643:8: note: candidate: ‘bool flatbuffers::Table::VerifyField(const flatbuffers::Verifier&, flatbuffers::voffset_t) const [with T = unsigned char; flatbuffers::voffset_t = short unsigned int]’
 2643 |   bool VerifyField(const Verifier &verifier, voffset_t field) const {
      |        ^~~~~~~~~~~
/usr/local/include/flatbuffers/flatbuffers.h:2643:8: note:   candidate expects 2 arguments, 3 provided
In file included from /usr/include/tensorflow/lite/core/api/op_resolver.h:24,
                 from /usr/include/tensorflow/lite/core/interpreter_builder.h:36,
                 from /usr/include/tensorflow/lite/interpreter_builder.h:20,
                 from /usr/include/tensorflow/lite/model.h:20,
                 from test.cpp:35:
/usr/include/tensorflow/lite/schema/schema_generated.h: In member function ‘bool tflite::PackOptions::Verify(flatbuffers::Verifier&) const’:
/usr/include/tensorflow/lite/schema/schema_generated.h:9026:61: error: no matching function for call to ‘tflite::PackOptions::VerifyField<int32_t>(flatbuffers::Verifier&, tflite::PackOptions::FlatBuffersVTableOffset, int) const’
 9026 |            VerifyField<int32_t>(verifier, VT_VALUES_COUNT, 4) &&
      |                                                             ^
In file included from /usr/include/tensorflow/lite/core/interpreter_builder.h:33,
                 from /usr/include/tensorflow/lite/interpreter_builder.h:20,
                 from /usr/include/tensorflow/lite/model.h:20,
                 from test.cpp:35:
/usr/local/include/flatbuffers/flatbuffers.h:2643:8: note: candidate: ‘bool flatbuffers::Table::VerifyField(const flatbuffers::Verifier&, flatbuffers::voffset_t) const [with T = int; flatbuffers::voffset_t = short unsigned int]’
 2643 |   bool VerifyField(const Verifier &verifier, voffset_t field) const {
      |        ^~~~~~~~~~~
/usr/local/include/flatbuffers/flatbuffers.h:2643:8: note:   candidate expects 2 arguments, 3 provided
In file included from /usr/include/tensorflow/lite/core/api/op_resolver.h:24,
                 from /usr/include/tensorflow/lite/core/interpreter_builder.h:36,
                 from /usr/include/tensorflow/lite/interpreter_builder.h:20,
                 from /usr/include/tensorflow/lite/model.h:20,
                 from test.cpp:35:
/usr/include/tensorflow/lite/schema/schema_generated.h:9027:53: error: no matching function for call to ‘tflite::PackOptions::VerifyField<int32_t>(flatbuffers::Verifier&, tflite::PackOptions::FlatBuffersVTableOffset, int) const’
 9027 |            VerifyField<int32_t>(verifier, VT_AXIS, 4) &&
      |                                                     ^
In file included from /usr/include/tensorflow/lite/core/interpreter_builder.h:33,
                 from /usr/include/tensorflow/lite/interpreter_builder.h:20,
                 from /usr/include/tensorflow/lite/model.h:20,
                 from test.cpp:35:
/usr/local/include/flatbuffers/flatbuffers.h:2643:8: note: candidate: ‘bool flatbuffers::Table::VerifyField(const flatbuffers::Verifier&, flatbuffers::voffset_t) const [with T = int; flatbuffers::voffset_t = short unsigned int]’
 2643 |   bool VerifyField(const Verifier &verifier, voffset_t field) const {
      |        ^~~~~~~~~~~
/usr/local/include/flatbuffers/flatbuffers.h:2643:8: note:   candidate expects 2 arguments, 3 provided
In file included from /usr/include/tensorflow/lite/core/api/op_resolver.h:24,
                 from /usr/include/tensorflow/lite/core/interpreter_builder.h:36,
                 from /usr/include/tensorflow/lite/interpreter_builder.h:20,
                 from /usr/include/tensorflow/lite/model.h:20,
                 from test.cpp:35:
/usr/include/tensorflow/lite/schema/schema_generated.h: In member function ‘bool tflite::OneHotOptions::Verify(flatbuffers::Verifier&) const’:
/usr/include/tensorflow/lite/schema/schema_generated.h:9123:53: error: no matching function for call to ‘tflite::OneHotOptions::VerifyField<int32_t>(flatbuffers::Verifier&, tflite::OneHotOptions::FlatBuffersVTableOffset, int) const’
 9123 |            VerifyField<int32_t>(verifier, VT_AXIS, 4) &&
      |                                                     ^
In file included from /usr/include/tensorflow/lite/core/interpreter_builder.h:33,
                 from /usr/include/tensorflow/lite/interpreter_builder.h:20,
                 from /usr/include/tensorflow/lite/model.h:20,
                 from test.cpp:35:
/usr/local/include/flatbuffers/flatbuffers.h:2643:8: note: candidate: ‘bool flatbuffers::Table::VerifyField(const flatbuffers::Verifier&, flatbuffers::voffset_t) const [with T = int; flatbuffers::voffset_t = short unsigned int]’
 2643 |   bool VerifyField(const Verifier &verifier, voffset_t field) const {
      |        ^~~~~~~~~~~
/usr/local/include/flatbuffers/flatbuffers.h:2643:8: note:   candidate expects 2 arguments, 3 provided
In file included from /usr/include/tensorflow/lite/core/api/op_resolver.h:24,
                 from /usr/include/tensorflow/lite/core/interpreter_builder.h:36,
                 from /usr/include/tensorflow/lite/interpreter_builder.h:20,
                 from /usr/include/tensorflow/lite/model.h:20,
                 from test.cpp:35:
/usr/include/tensorflow/lite/schema/schema_generated.h: In member function ‘bool tflite::UnpackOptions::Verify(flatbuffers::Verifier&) const’:
/usr/include/tensorflow/lite/schema/schema_generated.h:9336:52: error: no matching function for call to ‘tflite::UnpackOptions::VerifyField<int32_t>(flatbuffers::Verifier&, tflite::UnpackOptions::FlatBuffersVTableOffset, int) const’
 9336 |            VerifyField<int32_t>(verifier, VT_NUM, 4) &&
      |                                                    ^
In file included from /usr/include/tensorflow/lite/core/interpreter_builder.h:33,
                 from /usr/include/tensorflow/lite/interpreter_builder.h:20,
                 from /usr/include/tensorflow/lite/model.h:20,
                 from test.cpp:35:
/usr/local/include/flatbuffers/flatbuffers.h:2643:8: note: candidate: ‘bool flatbuffers::Table::VerifyField(const flatbuffers::Verifier&, flatbuffers::voffset_t) const [with T = int; flatbuffers::voffset_t = short unsigned int]’
 2643 |   bool VerifyField(const Verifier &verifier, voffset_t field) const {
      |        ^~~~~~~~~~~
/usr/local/include/flatbuffers/flatbuffers.h:2643:8: note:   candidate expects 2 arguments, 3 provided
In file included from /usr/include/tensorflow/lite/core/api/op_resolver.h:24,
                 from /usr/include/tensorflow/lite/core/interpreter_builder.h:36,
                 from /usr/include/tensorflow/lite/interpreter_builder.h:20,
                 from /usr/include/tensorflow/lite/model.h:20,
                 from test.cpp:35:
/usr/include/tensorflow/lite/schema/schema_generated.h:9337:53: error: no matching function for call to ‘tflite::UnpackOptions::VerifyField<int32_t>(flatbuffers::Verifier&, tflite::UnpackOptions::FlatBuffersVTableOffset, int) const’
 9337 |            VerifyField<int32_t>(verifier, VT_AXIS, 4) &&
      |                                                     ^
In file included from /usr/include/tensorflow/lite/core/interpreter_builder.h:33,
                 from /usr/include/tensorflow/lite/interpreter_builder.h:20,
                 from /usr/include/tensorflow/lite/model.h:20,
                 from test.cpp:35:
/usr/local/include/flatbuffers/flatbuffers.h:2643:8: note: candidate: ‘bool flatbuffers::Table::VerifyField(const flatbuffers::Verifier&, flatbuffers::voffset_t) const [with T = int; flatbuffers::voffset_t = short unsigned int]’
 2643 |   bool VerifyField(const Verifier &verifier, voffset_t field) const {
      |        ^~~~~~~~~~~
/usr/local/include/flatbuffers/flatbuffers.h:2643:8: note:   candidate expects 2 arguments, 3 provided
In file included from /usr/include/tensorflow/lite/core/api/op_resolver.h:24,
                 from /usr/include/tensorflow/lite/core/interpreter_builder.h:36,
                 from /usr/include/tensorflow/lite/interpreter_builder.h:20,
                 from /usr/include/tensorflow/lite/model.h:20,
                 from test.cpp:35:
/usr/include/tensorflow/lite/schema/schema_generated.h: In member function ‘bool tflite::LeakyReluOptions::Verify(flatbuffers::Verifier&) const’:
/usr/include/tensorflow/lite/schema/schema_generated.h:9628:52: error: no matching function for call to ‘tflite::LeakyReluOptions::VerifyField<float>(flatbuffers::Verifier&, tflite::LeakyReluOptions::FlatBuffersVTableOffset, int) const’
 9628 |            VerifyField<float>(verifier, VT_ALPHA, 4) &&
      |                                                    ^
In file included from /usr/include/tensorflow/lite/core/interpreter_builder.h:33,
                 from /usr/include/tensorflow/lite/interpreter_builder.h:20,
                 from /usr/include/tensorflow/lite/model.h:20,
                 from test.cpp:35:
/usr/local/include/flatbuffers/flatbuffers.h:2643:8: note: candidate: ‘bool flatbuffers::Table::VerifyField(const flatbuffers::Verifier&, flatbuffers::voffset_t) const [with T = float; flatbuffers::voffset_t = short unsigned int]’
 2643 |   bool VerifyField(const Verifier &verifier, voffset_t field) const {
      |        ^~~~~~~~~~~
/usr/local/include/flatbuffers/flatbuffers.h:2643:8: note:   candidate expects 2 arguments, 3 provided
In file included from /usr/include/tensorflow/lite/core/api/op_resolver.h:24,
                 from /usr/include/tensorflow/lite/core/interpreter_builder.h:36,
                 from /usr/include/tensorflow/lite/interpreter_builder.h:20,
                 from /usr/include/tensorflow/lite/model.h:20,
                 from test.cpp:35:
/usr/include/tensorflow/lite/schema/schema_generated.h: In member function ‘bool tflite::MirrorPadOptions::Verify(flatbuffers::Verifier&) const’:
/usr/include/tensorflow/lite/schema/schema_generated.h:9719:52: error: no matching function for call to ‘tflite::MirrorPadOptions::VerifyField<int8_t>(flatbuffers::Verifier&, tflite::MirrorPadOptions::FlatBuffersVTableOffset, int) const’
 9719 |            VerifyField<int8_t>(verifier, VT_MODE, 1) &&
      |                                                    ^
In file included from /usr/include/tensorflow/lite/core/interpreter_builder.h:33,
                 from /usr/include/tensorflow/lite/interpreter_builder.h:20,
                 from /usr/include/tensorflow/lite/model.h:20,
                 from test.cpp:35:
/usr/local/include/flatbuffers/flatbuffers.h:2643:8: note: candidate: ‘bool flatbuffers::Table::VerifyField(const flatbuffers::Verifier&, flatbuffers::voffset_t) const [with T = signed char; flatbuffers::voffset_t = short unsigned int]’
 2643 |   bool VerifyField(const Verifier &verifier, voffset_t field) const {
      |        ^~~~~~~~~~~
/usr/local/include/flatbuffers/flatbuffers.h:2643:8: note:   candidate expects 2 arguments, 3 provided
In file included from /usr/include/tensorflow/lite/core/api/op_resolver.h:24,
                 from /usr/include/tensorflow/lite/core/interpreter_builder.h:36,
                 from /usr/include/tensorflow/lite/interpreter_builder.h:20,
                 from /usr/include/tensorflow/lite/model.h:20,
                 from test.cpp:35:
/usr/include/tensorflow/lite/schema/schema_generated.h: In member function ‘bool tflite::UniqueOptions::Verify(flatbuffers::Verifier&) const’:
/usr/include/tensorflow/lite/schema/schema_generated.h:9771:60: error: no matching function for call to ‘tflite::UniqueOptions::VerifyField<int8_t>(flatbuffers::Verifier&, tflite::UniqueOptions::FlatBuffersVTableOffset, int) const’
 9771 |            VerifyField<int8_t>(verifier, VT_IDX_OUT_TYPE, 1) &&
      |                                                            ^
In file included from /usr/include/tensorflow/lite/core/interpreter_builder.h:33,
                 from /usr/include/tensorflow/lite/interpreter_builder.h:20,
                 from /usr/include/tensorflow/lite/model.h:20,
                 from test.cpp:35:
/usr/local/include/flatbuffers/flatbuffers.h:2643:8: note: candidate: ‘bool flatbuffers::Table::VerifyField(const flatbuffers::Verifier&, flatbuffers::voffset_t) const [with T = signed char; flatbuffers::voffset_t = short unsigned int]’
 2643 |   bool VerifyField(const Verifier &verifier, voffset_t field) const {
      |        ^~~~~~~~~~~
/usr/local/include/flatbuffers/flatbuffers.h:2643:8: note:   candidate expects 2 arguments, 3 provided
In file included from /usr/include/tensorflow/lite/core/api/op_resolver.h:24,
                 from /usr/include/tensorflow/lite/core/interpreter_builder.h:36,
                 from /usr/include/tensorflow/lite/interpreter_builder.h:20,
                 from /usr/include/tensorflow/lite/model.h:20,
                 from test.cpp:35:
/usr/include/tensorflow/lite/schema/schema_generated.h: In member function ‘bool tflite::ReverseSequenceOptions::Verify(flatbuffers::Verifier&) const’:
/usr/include/tensorflow/lite/schema/schema_generated.h:9984:56: error: no matching function for call to ‘tflite::ReverseSequenceOptions::VerifyField<int32_t>(flatbuffers::Verifier&, tflite::ReverseSequenceOptions::FlatBuffersVTableOffset, int) const’
 9984 |            VerifyField<int32_t>(verifier, VT_SEQ_DIM, 4) &&
      |                                                        ^
In file included from /usr/include/tensorflow/lite/core/interpreter_builder.h:33,
                 from /usr/include/tensorflow/lite/interpreter_builder.h:20,
                 from /usr/include/tensorflow/lite/model.h:20,
                 from test.cpp:35:
/usr/local/include/flatbuffers/flatbuffers.h:2643:8: note: candidate: ‘bool flatbuffers::Table::VerifyField(const flatbuffers::Verifier&, flatbuffers::voffset_t) const [with T = int; flatbuffers::voffset_t = short unsigned int]’
 2643 |   bool VerifyField(const Verifier &verifier, voffset_t field) const {
      |        ^~~~~~~~~~~
/usr/local/include/flatbuffers/flatbuffers.h:2643:8: note:   candidate expects 2 arguments, 3 provided
In file included from /usr/include/tensorflow/lite/core/api/op_resolver.h:24,
                 from /usr/include/tensorflow/lite/core/interpreter_builder.h:36,
                 from /usr/include/tensorflow/lite/interpreter_builder.h:20,
                 from /usr/include/tensorflow/lite/model.h:20,
                 from test.cpp:35:
/usr/include/tensorflow/lite/schema/schema_generated.h:9985:58: error: no matching function for call to ‘tflite::ReverseSequenceOptions::VerifyField<int32_t>(flatbuffers::Verifier&, tflite::ReverseSequenceOptions::FlatBuffersVTableOffset, int) const’
 9985 |            VerifyField<int32_t>(verifier, VT_BATCH_DIM, 4) &&
      |                                                          ^
In file included from /usr/include/tensorflow/lite/core/interpreter_builder.h:33,
                 from /usr/include/tensorflow/lite/interpreter_builder.h:20,
                 from /usr/include/tensorflow/lite/model.h:20,
                 from test.cpp:35:
/usr/local/include/flatbuffers/flatbuffers.h:2643:8: note: candidate: ‘bool flatbuffers::Table::VerifyField(const flatbuffers::Verifier&, flatbuffers::voffset_t) const [with T = int; flatbuffers::voffset_t = short unsigned int]’
 2643 |   bool VerifyField(const Verifier &verifier, voffset_t field) const {
      |        ^~~~~~~~~~~
/usr/local/include/flatbuffers/flatbuffers.h:2643:8: note:   candidate expects 2 arguments, 3 provided
In file included from /usr/include/tensorflow/lite/core/api/op_resolver.h:24,
                 from /usr/include/tensorflow/lite/core/interpreter_builder.h:36,
                 from /usr/include/tensorflow/lite/interpreter_builder.h:20,
                 from /usr/include/tensorflow/lite/model.h:20,
                 from test.cpp:35:
/usr/include/tensorflow/lite/schema/schema_generated.h: In member function ‘bool tflite::IfOptions::Verify(flatbuffers::Verifier&) const’:
/usr/include/tensorflow/lite/schema/schema_generated.h:10164:68: error: no matching function for call to ‘tflite::IfOptions::VerifyField<int32_t>(flatbuffers::Verifier&, tflite::IfOptions::FlatBuffersVTableOffset, int) const’
10164 |            VerifyField<int32_t>(verifier, VT_THEN_SUBGRAPH_INDEX, 4) &&
      |                                                                    ^
In file included from /usr/include/tensorflow/lite/core/interpreter_builder.h:33,
                 from /usr/include/tensorflow/lite/interpreter_builder.h:20,
                 from /usr/include/tensorflow/lite/model.h:20,
                 from test.cpp:35:
/usr/local/include/flatbuffers/flatbuffers.h:2643:8: note: candidate: ‘bool flatbuffers::Table::VerifyField(const flatbuffers::Verifier&, flatbuffers::voffset_t) const [with T = int; flatbuffers::voffset_t = short unsigned int]’
 2643 |   bool VerifyField(const Verifier &verifier, voffset_t field) const {
      |        ^~~~~~~~~~~
/usr/local/include/flatbuffers/flatbuffers.h:2643:8: note:   candidate expects 2 arguments, 3 provided
In file included from /usr/include/tensorflow/lite/core/api/op_resolver.h:24,
                 from /usr/include/tensorflow/lite/core/interpreter_builder.h:36,
                 from /usr/include/tensorflow/lite/interpreter_builder.h:20,
                 from /usr/include/tensorflow/lite/model.h:20,
                 from test.cpp:35:
/usr/include/tensorflow/lite/schema/schema_generated.h:10165:68: error: no matching function for call to ‘tflite::IfOptions::VerifyField<int32_t>(flatbuffers::Verifier&, tflite::IfOptions::FlatBuffersVTableOffset, int) const’
10165 |            VerifyField<int32_t>(verifier, VT_ELSE_SUBGRAPH_INDEX, 4) &&
      |                                                                    ^
In file included from /usr/include/tensorflow/lite/core/interpreter_builder.h:33,
                 from /usr/include/tensorflow/lite/interpreter_builder.h:20,
                 from /usr/include/tensorflow/lite/model.h:20,
                 from test.cpp:35:
/usr/local/include/flatbuffers/flatbuffers.h:2643:8: note: candidate: ‘bool flatbuffers::Table::VerifyField(const flatbuffers::Verifier&, flatbuffers::voffset_t) const [with T = int; flatbuffers::voffset_t = short unsigned int]’
 2643 |   bool VerifyField(const Verifier &verifier, voffset_t field) const {
      |        ^~~~~~~~~~~
/usr/local/include/flatbuffers/flatbuffers.h:2643:8: note:   candidate expects 2 arguments, 3 provided
In file included from /usr/include/tensorflow/lite/core/api/op_resolver.h:24,
                 from /usr/include/tensorflow/lite/core/interpreter_builder.h:36,
                 from /usr/include/tensorflow/lite/interpreter_builder.h:20,
                 from /usr/include/tensorflow/lite/model.h:20,
                 from test.cpp:35:
/usr/include/tensorflow/lite/schema/schema_generated.h: In member function ‘bool tflite::CallOnceOptions::Verify(flatbuffers::Verifier&) const’:
/usr/include/tensorflow/lite/schema/schema_generated.h:10222:68: error: no matching function for call to ‘tflite::CallOnceOptions::VerifyField<int32_t>(flatbuffers::Verifier&, tflite::CallOnceOptions::FlatBuffersVTableOffset, int) const’
10222 |            VerifyField<int32_t>(verifier, VT_INIT_SUBGRAPH_INDEX, 4) &&
      |                                                                    ^
In file included from /usr/include/tensorflow/lite/core/interpreter_builder.h:33,
                 from /usr/include/tensorflow/lite/interpreter_builder.h:20,
                 from /usr/include/tensorflow/lite/model.h:20,
                 from test.cpp:35:
/usr/local/include/flatbuffers/flatbuffers.h:2643:8: note: candidate: ‘bool flatbuffers::Table::VerifyField(const flatbuffers::Verifier&, flatbuffers::voffset_t) const [with T = int; flatbuffers::voffset_t = short unsigned int]’
 2643 |   bool VerifyField(const Verifier &verifier, voffset_t field) const {
      |        ^~~~~~~~~~~
/usr/local/include/flatbuffers/flatbuffers.h:2643:8: note:   candidate expects 2 arguments, 3 provided
In file included from /usr/include/tensorflow/lite/core/api/op_resolver.h:24,
                 from /usr/include/tensorflow/lite/core/interpreter_builder.h:36,
                 from /usr/include/tensorflow/lite/interpreter_builder.h:20,
                 from /usr/include/tensorflow/lite/model.h:20,
                 from test.cpp:35:
/usr/include/tensorflow/lite/schema/schema_generated.h: In member function ‘bool tflite::WhileOptions::Verify(flatbuffers::Verifier&) const’:
/usr/include/tensorflow/lite/schema/schema_generated.h:10279:68: error: no matching function for call to ‘tflite::WhileOptions::VerifyField<int32_t>(flatbuffers::Verifier&, tflite::WhileOptions::FlatBuffersVTableOffset, int) const’
10279 |            VerifyField<int32_t>(verifier, VT_COND_SUBGRAPH_INDEX, 4) &&
      |                                                                    ^
In file included from /usr/include/tensorflow/lite/core/interpreter_builder.h:33,
                 from /usr/include/tensorflow/lite/interpreter_builder.h:20,
                 from /usr/include/tensorflow/lite/model.h:20,
                 from test.cpp:35:
/usr/local/include/flatbuffers/flatbuffers.h:2643:8: note: candidate: ‘bool flatbuffers::Table::VerifyField(const flatbuffers::Verifier&, flatbuffers::voffset_t) const [with T = int; flatbuffers::voffset_t = short unsigned int]’
 2643 |   bool VerifyField(const Verifier &verifier, voffset_t field) const {
      |        ^~~~~~~~~~~
/usr/local/include/flatbuffers/flatbuffers.h:2643:8: note:   candidate expects 2 arguments, 3 provided
In file included from /usr/include/tensorflow/lite/core/api/op_resolver.h:24,
                 from /usr/include/tensorflow/lite/core/interpreter_builder.h:36,
                 from /usr/include/tensorflow/lite/interpreter_builder.h:20,
                 from /usr/include/tensorflow/lite/model.h:20,
                 from test.cpp:35:
/usr/include/tensorflow/lite/schema/schema_generated.h:10280:68: error: no matching function for call to ‘tflite::WhileOptions::VerifyField<int32_t>(flatbuffers::Verifier&, tflite::WhileOptions::FlatBuffersVTableOffset, int) const’
10280 |            VerifyField<int32_t>(verifier, VT_BODY_SUBGRAPH_INDEX, 4) &&
      |                                                                    ^
In file included from /usr/include/tensorflow/lite/core/interpreter_builder.h:33,
                 from /usr/include/tensorflow/lite/interpreter_builder.h:20,
                 from /usr/include/tensorflow/lite/model.h:20,
                 from test.cpp:35:
/usr/local/include/flatbuffers/flatbuffers.h:2643:8: note: candidate: ‘bool flatbuffers::Table::VerifyField(const flatbuffers::Verifier&, flatbuffers::voffset_t) const [with T = int; flatbuffers::voffset_t = short unsigned int]’
 2643 |   bool VerifyField(const Verifier &verifier, voffset_t field) const {
      |        ^~~~~~~~~~~
/usr/local/include/flatbuffers/flatbuffers.h:2643:8: note:   candidate expects 2 arguments, 3 provided
In file included from /usr/include/tensorflow/lite/core/api/op_resolver.h:24,
                 from /usr/include/tensorflow/lite/core/interpreter_builder.h:36,
                 from /usr/include/tensorflow/lite/interpreter_builder.h:20,
                 from /usr/include/tensorflow/lite/model.h:20,
                 from test.cpp:35:
/usr/include/tensorflow/lite/schema/schema_generated.h: In member function ‘bool tflite::BatchMatMulOptions::Verify(flatbuffers::Verifier&) const’:
/usr/include/tensorflow/lite/schema/schema_generated.h:10581:54: error: no matching function for call to ‘tflite::BatchMatMulOptions::VerifyField<uint8_t>(flatbuffers::Verifier&, tflite::BatchMatMulOptions::FlatBuffersVTableOffset, int) const’
10581 |            VerifyField<uint8_t>(verifier, VT_ADJ_X, 1) &&
      |                                                      ^
In file included from /usr/include/tensorflow/lite/core/interpreter_builder.h:33,
                 from /usr/include/tensorflow/lite/interpreter_builder.h:20,
                 from /usr/include/tensorflow/lite/model.h:20,
                 from test.cpp:35:
/usr/local/include/flatbuffers/flatbuffers.h:2643:8: note: candidate: ‘bool flatbuffers::Table::VerifyField(const flatbuffers::Verifier&, flatbuffers::voffset_t) const [with T = unsigned char; flatbuffers::voffset_t = short unsigned int]’
 2643 |   bool VerifyField(const Verifier &verifier, voffset_t field) const {
      |        ^~~~~~~~~~~
/usr/local/include/flatbuffers/flatbuffers.h:2643:8: note:   candidate expects 2 arguments, 3 provided
In file included from /usr/include/tensorflow/lite/core/api/op_resolver.h:24,
                 from /usr/include/tensorflow/lite/core/interpreter_builder.h:36,
                 from /usr/include/tensorflow/lite/interpreter_builder.h:20,
                 from /usr/include/tensorflow/lite/model.h:20,
                 from test.cpp:35:
/usr/include/tensorflow/lite/schema/schema_generated.h:10582:54: error: no matching function for call to ‘tflite::BatchMatMulOptions::VerifyField<uint8_t>(flatbuffers::Verifier&, tflite::BatchMatMulOptions::FlatBuffersVTableOffset, int) const’
10582 |            VerifyField<uint8_t>(verifier, VT_ADJ_Y, 1) &&
      |                                                      ^
In file included from /usr/include/tensorflow/lite/core/interpreter_builder.h:33,
                 from /usr/include/tensorflow/lite/interpreter_builder.h:20,
                 from /usr/include/tensorflow/lite/model.h:20,
                 from test.cpp:35:
/usr/local/include/flatbuffers/flatbuffers.h:2643:8: note: candidate: ‘bool flatbuffers::Table::VerifyField(const flatbuffers::Verifier&, flatbuffers::voffset_t) const [with T = unsigned char; flatbuffers::voffset_t = short unsigned int]’
 2643 |   bool VerifyField(const Verifier &verifier, voffset_t field) const {
      |        ^~~~~~~~~~~
/usr/local/include/flatbuffers/flatbuffers.h:2643:8: note:   candidate expects 2 arguments, 3 provided
In file included from /usr/include/tensorflow/lite/core/api/op_resolver.h:24,
                 from /usr/include/tensorflow/lite/core/interpreter_builder.h:36,
                 from /usr/include/tensorflow/lite/interpreter_builder.h:20,
                 from /usr/include/tensorflow/lite/model.h:20,
                 from test.cpp:35:
/usr/include/tensorflow/lite/schema/schema_generated.h:10583:75: error: no matching function for call to ‘tflite::BatchMatMulOptions::VerifyField<uint8_t>(flatbuffers::Verifier&, tflite::BatchMatMulOptions::FlatBuffersVTableOffset, int) const’
10583 |            VerifyField<uint8_t>(verifier, VT_ASYMMETRIC_QUANTIZE_INPUTS, 1) &&
      |                                                                           ^
In file included from /usr/include/tensorflow/lite/core/interpreter_builder.h:33,
                 from /usr/include/tensorflow/lite/interpreter_builder.h:20,
                 from /usr/include/tensorflow/lite/model.h:20,
                 from test.cpp:35:
/usr/local/include/flatbuffers/flatbuffers.h:2643:8: note: candidate: ‘bool flatbuffers::Table::VerifyField(const flatbuffers::Verifier&, flatbuffers::voffset_t) const [with T = unsigned char; flatbuffers::voffset_t = short unsigned int]’
 2643 |   bool VerifyField(const Verifier &verifier, voffset_t field) const {
      |        ^~~~~~~~~~~
/usr/local/include/flatbuffers/flatbuffers.h:2643:8: note:   candidate expects 2 arguments, 3 provided
In file included from /usr/include/tensorflow/lite/core/api/op_resolver.h:24,
                 from /usr/include/tensorflow/lite/core/interpreter_builder.h:36,
                 from /usr/include/tensorflow/lite/interpreter_builder.h:20,
                 from /usr/include/tensorflow/lite/model.h:20,
                 from test.cpp:35:
/usr/include/tensorflow/lite/schema/schema_generated.h: In member function ‘bool tflite::CumsumOptions::Verify(flatbuffers::Verifier&) const’:
/usr/include/tensorflow/lite/schema/schema_generated.h:10650:58: error: no matching function for call to ‘tflite::CumsumOptions::VerifyField<uint8_t>(flatbuffers::Verifier&, tflite::CumsumOptions::FlatBuffersVTableOffset, int) const’
10650 |            VerifyField<uint8_t>(verifier, VT_EXCLUSIVE, 1) &&
      |                                                          ^
In file included from /usr/include/tensorflow/lite/core/interpreter_builder.h:33,
                 from /usr/include/tensorflow/lite/interpreter_builder.h:20,
                 from /usr/include/tensorflow/lite/model.h:20,
                 from test.cpp:35:
/usr/local/include/flatbuffers/flatbuffers.h:2643:8: note: candidate: ‘bool flatbuffers::Table::VerifyField(const flatbuffers::Verifier&, flatbuffers::voffset_t) const [with T = unsigned char; flatbuffers::voffset_t = short unsigned int]’
 2643 |   bool VerifyField(const Verifier &verifier, voffset_t field) const {
      |        ^~~~~~~~~~~
/usr/local/include/flatbuffers/flatbuffers.h:2643:8: note:   candidate expects 2 arguments, 3 provided
In file included from /usr/include/tensorflow/lite/core/api/op_resolver.h:24,
                 from /usr/include/tensorflow/lite/core/interpreter_builder.h:36,
                 from /usr/include/tensorflow/lite/interpreter_builder.h:20,
                 from /usr/include/tensorflow/lite/model.h:20,
                 from test.cpp:35:
/usr/include/tensorflow/lite/schema/schema_generated.h:10651:56: error: no matching function for call to ‘tflite::CumsumOptions::VerifyField<uint8_t>(flatbuffers::Verifier&, tflite::CumsumOptions::FlatBuffersVTableOffset, int) const’
10651 |            VerifyField<uint8_t>(verifier, VT_REVERSE, 1) &&
      |                                                        ^
In file included from /usr/include/tensorflow/lite/core/interpreter_builder.h:33,
                 from /usr/include/tensorflow/lite/interpreter_builder.h:20,
                 from /usr/include/tensorflow/lite/model.h:20,
                 from test.cpp:35:
/usr/local/include/flatbuffers/flatbuffers.h:2643:8: note: candidate: ‘bool flatbuffers::Table::VerifyField(const flatbuffers::Verifier&, flatbuffers::voffset_t) const [with T = unsigned char; flatbuffers::voffset_t = short unsigned int]’
 2643 |   bool VerifyField(const Verifier &verifier, voffset_t field) const {
      |        ^~~~~~~~~~~
/usr/local/include/flatbuffers/flatbuffers.h:2643:8: note:   candidate expects 2 arguments, 3 provided
In file included from /usr/include/tensorflow/lite/core/api/op_resolver.h:24,
                 from /usr/include/tensorflow/lite/core/interpreter_builder.h:36,
                 from /usr/include/tensorflow/lite/interpreter_builder.h:20,
                 from /usr/include/tensorflow/lite/model.h:20,
                 from test.cpp:35:
/usr/include/tensorflow/lite/schema/schema_generated.h: In member function ‘bool tflite::HashtableOptions::Verify(flatbuffers::Verifier&) const’:
/usr/include/tensorflow/lite/schema/schema_generated.h:10796:57: error: no matching function for call to ‘tflite::HashtableOptions::VerifyField<int32_t>(flatbuffers::Verifier&, tflite::HashtableOptions::FlatBuffersVTableOffset, int) const’
10796 |            VerifyField<int32_t>(verifier, VT_TABLE_ID, 4) &&
      |                                                         ^
In file included from /usr/include/tensorflow/lite/core/interpreter_builder.h:33,
                 from /usr/include/tensorflow/lite/interpreter_builder.h:20,
                 from /usr/include/tensorflow/lite/model.h:20,
                 from test.cpp:35:
/usr/local/include/flatbuffers/flatbuffers.h:2643:8: note: candidate: ‘bool flatbuffers::Table::VerifyField(const flatbuffers::Verifier&, flatbuffers::voffset_t) const [with T = int; flatbuffers::voffset_t = short unsigned int]’
 2643 |   bool VerifyField(const Verifier &verifier, voffset_t field) const {
      |        ^~~~~~~~~~~
/usr/local/include/flatbuffers/flatbuffers.h:2643:8: note:   candidate expects 2 arguments, 3 provided
In file included from /usr/include/tensorflow/lite/core/api/op_resolver.h:24,
                 from /usr/include/tensorflow/lite/core/interpreter_builder.h:36,
                 from /usr/include/tensorflow/lite/interpreter_builder.h:20,
                 from /usr/include/tensorflow/lite/model.h:20,
                 from test.cpp:35:
/usr/include/tensorflow/lite/schema/schema_generated.h:10797:57: error: no matching function for call to ‘tflite::HashtableOptions::VerifyField<int8_t>(flatbuffers::Verifier&, tflite::HashtableOptions::FlatBuffersVTableOffset, int) const’
10797 |            VerifyField<int8_t>(verifier, VT_KEY_DTYPE, 1) &&
      |                                                         ^
In file included from /usr/include/tensorflow/lite/core/interpreter_builder.h:33,
                 from /usr/include/tensorflow/lite/interpreter_builder.h:20,
                 from /usr/include/tensorflow/lite/model.h:20,
                 from test.cpp:35:
/usr/local/include/flatbuffers/flatbuffers.h:2643:8: note: candidate: ‘bool flatbuffers::Table::VerifyField(const flatbuffers::Verifier&, flatbuffers::voffset_t) const [with T = signed char; flatbuffers::voffset_t = short unsigned int]’
 2643 |   bool VerifyField(const Verifier &verifier, voffset_t field) const {
      |        ^~~~~~~~~~~
/usr/local/include/flatbuffers/flatbuffers.h:2643:8: note:   candidate expects 2 arguments, 3 provided
In file included from /usr/include/tensorflow/lite/core/api/op_resolver.h:24,
                 from /usr/include/tensorflow/lite/core/interpreter_builder.h:36,
                 from /usr/include/tensorflow/lite/interpreter_builder.h:20,
                 from /usr/include/tensorflow/lite/model.h:20,
                 from test.cpp:35:
/usr/include/tensorflow/lite/schema/schema_generated.h:10798:59: error: no matching function for call to ‘tflite::HashtableOptions::VerifyField<int8_t>(flatbuffers::Verifier&, tflite::HashtableOptions::FlatBuffersVTableOffset, int) const’
10798 |            VerifyField<int8_t>(verifier, VT_VALUE_DTYPE, 1) &&
      |                                                           ^
In file included from /usr/include/tensorflow/lite/core/interpreter_builder.h:33,
                 from /usr/include/tensorflow/lite/interpreter_builder.h:20,
                 from /usr/include/tensorflow/lite/model.h:20,
                 from test.cpp:35:
/usr/local/include/flatbuffers/flatbuffers.h:2643:8: note: candidate: ‘bool flatbuffers::Table::VerifyField(const flatbuffers::Verifier&, flatbuffers::voffset_t) const [with T = signed char; flatbuffers::voffset_t = short unsigned int]’
 2643 |   bool VerifyField(const Verifier &verifier, voffset_t field) const {
      |        ^~~~~~~~~~~
/usr/local/include/flatbuffers/flatbuffers.h:2643:8: note:   candidate expects 2 arguments, 3 provided
In file included from /usr/include/tensorflow/lite/core/api/op_resolver.h:24,
                 from /usr/include/tensorflow/lite/core/interpreter_builder.h:36,
                 from /usr/include/tensorflow/lite/interpreter_builder.h:20,
                 from /usr/include/tensorflow/lite/model.h:20,
                 from test.cpp:35:
/usr/include/tensorflow/lite/schema/schema_generated.h: In member function ‘bool tflite::RandomOptions::Verify(flatbuffers::Verifier&) const’:
/usr/include/tensorflow/lite/schema/schema_generated.h:11137:53: error: no matching function for call to ‘tflite::RandomOptions::VerifyField<int64_t>(flatbuffers::Verifier&, tflite::RandomOptions::FlatBuffersVTableOffset, int) const’
11137 |            VerifyField<int64_t>(verifier, VT_SEED, 8) &&
      |                                                     ^
In file included from /usr/include/tensorflow/lite/core/interpreter_builder.h:33,
                 from /usr/include/tensorflow/lite/interpreter_builder.h:20,
                 from /usr/include/tensorflow/lite/model.h:20,
                 from test.cpp:35:
/usr/local/include/flatbuffers/flatbuffers.h:2643:8: note: candidate: ‘bool flatbuffers::Table::VerifyField(const flatbuffers::Verifier&, flatbuffers::voffset_t) const [with T = long int; flatbuffers::voffset_t = short unsigned int]’
 2643 |   bool VerifyField(const Verifier &verifier, voffset_t field) const {
      |        ^~~~~~~~~~~
/usr/local/include/flatbuffers/flatbuffers.h:2643:8: note:   candidate expects 2 arguments, 3 provided
In file included from /usr/include/tensorflow/lite/core/api/op_resolver.h:24,
                 from /usr/include/tensorflow/lite/core/interpreter_builder.h:36,
                 from /usr/include/tensorflow/lite/interpreter_builder.h:20,
                 from /usr/include/tensorflow/lite/model.h:20,
                 from test.cpp:35:
/usr/include/tensorflow/lite/schema/schema_generated.h:11138:54: error: no matching function for call to ‘tflite::RandomOptions::VerifyField<int64_t>(flatbuffers::Verifier&, tflite::RandomOptions::FlatBuffersVTableOffset, int) const’
11138 |            VerifyField<int64_t>(verifier, VT_SEED2, 8) &&
      |                                                      ^
In file included from /usr/include/tensorflow/lite/core/interpreter_builder.h:33,
                 from /usr/include/tensorflow/lite/interpreter_builder.h:20,
                 from /usr/include/tensorflow/lite/model.h:20,
                 from test.cpp:35:
/usr/local/include/flatbuffers/flatbuffers.h:2643:8: note: candidate: ‘bool flatbuffers::Table::VerifyField(const flatbuffers::Verifier&, flatbuffers::voffset_t) const [with T = long int; flatbuffers::voffset_t = short unsigned int]’
 2643 |   bool VerifyField(const Verifier &verifier, voffset_t field) const {
      |        ^~~~~~~~~~~
/usr/local/include/flatbuffers/flatbuffers.h:2643:8: note:   candidate expects 2 arguments, 3 provided
In file included from /usr/include/tensorflow/lite/core/api/op_resolver.h:24,
                 from /usr/include/tensorflow/lite/core/interpreter_builder.h:36,
                 from /usr/include/tensorflow/lite/interpreter_builder.h:20,
                 from /usr/include/tensorflow/lite/model.h:20,
                 from test.cpp:35:
/usr/include/tensorflow/lite/schema/schema_generated.h: In member function ‘bool tflite::GeluOptions::Verify(flatbuffers::Verifier&) const’:
/usr/include/tensorflow/lite/schema/schema_generated.h:11257:60: error: no matching function for call to ‘tflite::GeluOptions::VerifyField<uint8_t>(flatbuffers::Verifier&, tflite::GeluOptions::FlatBuffersVTableOffset, int) const’
11257 |            VerifyField<uint8_t>(verifier, VT_APPROXIMATE, 1) &&
      |                                                            ^
In file included from /usr/include/tensorflow/lite/core/interpreter_builder.h:33,
                 from /usr/include/tensorflow/lite/interpreter_builder.h:20,
                 from /usr/include/tensorflow/lite/model.h:20,
                 from test.cpp:35:
/usr/local/include/flatbuffers/flatbuffers.h:2643:8: note: candidate: ‘bool flatbuffers::Table::VerifyField(const flatbuffers::Verifier&, flatbuffers::voffset_t) const [with T = unsigned char; flatbuffers::voffset_t = short unsigned int]’
 2643 |   bool VerifyField(const Verifier &verifier, voffset_t field) const {
      |        ^~~~~~~~~~~
/usr/local/include/flatbuffers/flatbuffers.h:2643:8: note:   candidate expects 2 arguments, 3 provided
In file included from /usr/include/tensorflow/lite/core/api/op_resolver.h:24,
                 from /usr/include/tensorflow/lite/core/interpreter_builder.h:36,
                 from /usr/include/tensorflow/lite/interpreter_builder.h:20,
                 from /usr/include/tensorflow/lite/model.h:20,
                 from test.cpp:35:
/usr/include/tensorflow/lite/schema/schema_generated.h: In member function ‘bool tflite::OperatorCode::Verify(flatbuffers::Verifier&) const’:
/usr/include/tensorflow/lite/schema/schema_generated.h:11597:71: error: no matching function for call to ‘tflite::OperatorCode::VerifyField<int8_t>(flatbuffers::Verifier&, tflite::OperatorCode::FlatBuffersVTableOffset, int) const’
11597 |            VerifyField<int8_t>(verifier, VT_DEPRECATED_BUILTIN_CODE, 1) &&
      |                                                                       ^
In file included from /usr/include/tensorflow/lite/core/interpreter_builder.h:33,
                 from /usr/include/tensorflow/lite/interpreter_builder.h:20,
                 from /usr/include/tensorflow/lite/model.h:20,
                 from test.cpp:35:
/usr/local/include/flatbuffers/flatbuffers.h:2643:8: note: candidate: ‘bool flatbuffers::Table::VerifyField(const flatbuffers::Verifier&, flatbuffers::voffset_t) const [with T = signed char; flatbuffers::voffset_t = short unsigned int]’
 2643 |   bool VerifyField(const Verifier &verifier, voffset_t field) const {
      |        ^~~~~~~~~~~
/usr/local/include/flatbuffers/flatbuffers.h:2643:8: note:   candidate expects 2 arguments, 3 provided
In file included from /usr/include/tensorflow/lite/core/api/op_resolver.h:24,
                 from /usr/include/tensorflow/lite/core/interpreter_builder.h:36,
                 from /usr/include/tensorflow/lite/interpreter_builder.h:20,
                 from /usr/include/tensorflow/lite/model.h:20,
                 from test.cpp:35:
/usr/include/tensorflow/lite/schema/schema_generated.h:11600:56: error: no matching function for call to ‘tflite::OperatorCode::VerifyField<int32_t>(flatbuffers::Verifier&, tflite::OperatorCode::FlatBuffersVTableOffset, int) const’
11600 |            VerifyField<int32_t>(verifier, VT_VERSION, 4) &&
      |                                                        ^
In file included from /usr/include/tensorflow/lite/core/interpreter_builder.h:33,
                 from /usr/include/tensorflow/lite/interpreter_builder.h:20,
                 from /usr/include/tensorflow/lite/model.h:20,
                 from test.cpp:35:
/usr/local/include/flatbuffers/flatbuffers.h:2643:8: note: candidate: ‘bool flatbuffers::Table::VerifyField(const flatbuffers::Verifier&, flatbuffers::voffset_t) const [with T = int; flatbuffers::voffset_t = short unsigned int]’
 2643 |   bool VerifyField(const Verifier &verifier, voffset_t field) const {
      |        ^~~~~~~~~~~
/usr/local/include/flatbuffers/flatbuffers.h:2643:8: note:   candidate expects 2 arguments, 3 provided
In file included from /usr/include/tensorflow/lite/core/api/op_resolver.h:24,
                 from /usr/include/tensorflow/lite/core/interpreter_builder.h:36,
                 from /usr/include/tensorflow/lite/interpreter_builder.h:20,
                 from /usr/include/tensorflow/lite/model.h:20,
                 from test.cpp:35:
/usr/include/tensorflow/lite/schema/schema_generated.h:11601:61: error: no matching function for call to ‘tflite::OperatorCode::VerifyField<int32_t>(flatbuffers::Verifier&, tflite::OperatorCode::FlatBuffersVTableOffset, int) const’
11601 |            VerifyField<int32_t>(verifier, VT_BUILTIN_CODE, 4) &&
      |                                                             ^
In file included from /usr/include/tensorflow/lite/core/interpreter_builder.h:33,
                 from /usr/include/tensorflow/lite/interpreter_builder.h:20,
                 from /usr/include/tensorflow/lite/model.h:20,
                 from test.cpp:35:
/usr/local/include/flatbuffers/flatbuffers.h:2643:8: note: candidate: ‘bool flatbuffers::Table::VerifyField(const flatbuffers::Verifier&, flatbuffers::voffset_t) const [with T = int; flatbuffers::voffset_t = short unsigned int]’
 2643 |   bool VerifyField(const Verifier &verifier, voffset_t field) const {
      |        ^~~~~~~~~~~
/usr/local/include/flatbuffers/flatbuffers.h:2643:8: note:   candidate expects 2 arguments, 3 provided
In file included from /usr/include/tensorflow/lite/core/api/op_resolver.h:24,
                 from /usr/include/tensorflow/lite/core/interpreter_builder.h:36,
                 from /usr/include/tensorflow/lite/interpreter_builder.h:20,
                 from /usr/include/tensorflow/lite/model.h:20,
                 from test.cpp:35:
/usr/include/tensorflow/lite/schema/schema_generated.h: In member function ‘bool tflite::Operator::Verify(flatbuffers::Verifier&) const’:
/usr/include/tensorflow/lite/schema/schema_generated.h:12092:62: error: no matching function for call to ‘tflite::Operator::VerifyField<uint32_t>(flatbuffers::Verifier&, tflite::Operator::FlatBuffersVTableOffset, int) const’
12092 |            VerifyField<uint32_t>(verifier, VT_OPCODE_INDEX, 4) &&
      |                                                              ^
In file included from /usr/include/tensorflow/lite/core/interpreter_builder.h:33,
                 from /usr/include/tensorflow/lite/interpreter_builder.h:20,
                 from /usr/include/tensorflow/lite/model.h:20,
                 from test.cpp:35:
/usr/local/include/flatbuffers/flatbuffers.h:2643:8: note: candidate: ‘bool flatbuffers::Table::VerifyField(const flatbuffers::Verifier&, flatbuffers::voffset_t) const [with T = unsigned int; flatbuffers::voffset_t = short unsigned int]’
 2643 |   bool VerifyField(const Verifier &verifier, voffset_t field) const {
      |        ^~~~~~~~~~~
/usr/local/include/flatbuffers/flatbuffers.h:2643:8: note:   candidate expects 2 arguments, 3 provided
In file included from /usr/include/tensorflow/lite/core/api/op_resolver.h:24,
                 from /usr/include/tensorflow/lite/core/interpreter_builder.h:36,
                 from /usr/include/tensorflow/lite/interpreter_builder.h:20,
                 from /usr/include/tensorflow/lite/model.h:20,
                 from test.cpp:35:
/usr/include/tensorflow/lite/schema/schema_generated.h:12097:69: error: no matching function for call to ‘tflite::Operator::VerifyField<uint8_t>(flatbuffers::Verifier&, tflite::Operator::FlatBuffersVTableOffset, int) const’
12097 |            VerifyField<uint8_t>(verifier, VT_BUILTIN_OPTIONS_TYPE, 1) &&
      |                                                                     ^
In file included from /usr/include/tensorflow/lite/core/interpreter_builder.h:33,
                 from /usr/include/tensorflow/lite/interpreter_builder.h:20,
                 from /usr/include/tensorflow/lite/model.h:20,
                 from test.cpp:35:
/usr/local/include/flatbuffers/flatbuffers.h:2643:8: note: candidate: ‘bool flatbuffers::Table::VerifyField(const flatbuffers::Verifier&, flatbuffers::voffset_t) const [with T = unsigned char; flatbuffers::voffset_t = short unsigned int]’
 2643 |   bool VerifyField(const Verifier &verifier, voffset_t field) const {
      |        ^~~~~~~~~~~
/usr/local/include/flatbuffers/flatbuffers.h:2643:8: note:   candidate expects 2 arguments, 3 provided
In file included from /usr/include/tensorflow/lite/core/api/op_resolver.h:24,
                 from /usr/include/tensorflow/lite/core/interpreter_builder.h:36,
                 from /usr/include/tensorflow/lite/interpreter_builder.h:20,
                 from /usr/include/tensorflow/lite/model.h:20,
                 from test.cpp:35:
/usr/include/tensorflow/lite/schema/schema_generated.h:12102:69: error: no matching function for call to ‘tflite::Operator::VerifyField<int8_t>(flatbuffers::Verifier&, tflite::Operator::FlatBuffersVTableOffset, int) const’
12102 |            VerifyField<int8_t>(verifier, VT_CUSTOM_OPTIONS_FORMAT, 1) &&
      |                                                                     ^
In file included from /usr/include/tensorflow/lite/core/interpreter_builder.h:33,
                 from /usr/include/tensorflow/lite/interpreter_builder.h:20,
                 from /usr/include/tensorflow/lite/model.h:20,
                 from test.cpp:35:
/usr/local/include/flatbuffers/flatbuffers.h:2643:8: note: candidate: ‘bool flatbuffers::Table::VerifyField(const flatbuffers::Verifier&, flatbuffers::voffset_t) const [with T = signed char; flatbuffers::voffset_t = short unsigned int]’
 2643 |   bool VerifyField(const Verifier &verifier, voffset_t field) const {
      |        ^~~~~~~~~~~
/usr/local/include/flatbuffers/flatbuffers.h:2643:8: note:   candidate expects 2 arguments, 3 provided
In file included from /usr/include/tensorflow/lite/core/api/op_resolver.h:24,
                 from /usr/include/tensorflow/lite/core/interpreter_builder.h:36,
                 from /usr/include/tensorflow/lite/interpreter_builder.h:20,
                 from /usr/include/tensorflow/lite/model.h:20,
                 from test.cpp:35:
/usr/include/tensorflow/lite/schema/schema_generated.h: In member function ‘bool tflite::Metadata::Verify(flatbuffers::Verifier&) const’:
/usr/include/tensorflow/lite/schema/schema_generated.h:12917:56: error: no matching function for call to ‘tflite::Metadata::VerifyField<uint32_t>(flatbuffers::Verifier&, tflite::Metadata::FlatBuffersVTableOffset, int) const’
12917 |            VerifyField<uint32_t>(verifier, VT_BUFFER, 4) &&
      |                                                        ^
In file included from /usr/include/tensorflow/lite/core/interpreter_builder.h:33,
                 from /usr/include/tensorflow/lite/interpreter_builder.h:20,
                 from /usr/include/tensorflow/lite/model.h:20,
                 from test.cpp:35:
/usr/local/include/flatbuffers/flatbuffers.h:2643:8: note: candidate: ‘bool flatbuffers::Table::VerifyField(const flatbuffers::Verifier&, flatbuffers::voffset_t) const [with T = unsigned int; flatbuffers::voffset_t = short unsigned int]’
 2643 |   bool VerifyField(const Verifier &verifier, voffset_t field) const {
      |        ^~~~~~~~~~~
/usr/local/include/flatbuffers/flatbuffers.h:2643:8: note:   candidate expects 2 arguments, 3 provided
In file included from /usr/include/tensorflow/lite/core/api/op_resolver.h:24,
                 from /usr/include/tensorflow/lite/core/interpreter_builder.h:36,
                 from /usr/include/tensorflow/lite/interpreter_builder.h:20,
                 from /usr/include/tensorflow/lite/model.h:20,
                 from test.cpp:35:
/usr/include/tensorflow/lite/schema/schema_generated.h: In member function ‘bool tflite::TensorMap::Verify(flatbuffers::Verifier&) const’:
/usr/include/tensorflow/lite/schema/schema_generated.h:12992:62: error: no matching function for call to ‘tflite::TensorMap::VerifyField<uint32_t>(flatbuffers::Verifier&, tflite::TensorMap::FlatBuffersVTableOffset, int) const’
12992 |            VerifyField<uint32_t>(verifier, VT_TENSOR_INDEX, 4) &&
      |                                                              ^
In file included from /usr/include/tensorflow/lite/core/interpreter_builder.h:33,
                 from /usr/include/tensorflow/lite/interpreter_builder.h:20,
                 from /usr/include/tensorflow/lite/model.h:20,
                 from test.cpp:35:
/usr/local/include/flatbuffers/flatbuffers.h:2643:8: note: candidate: ‘bool flatbuffers::Table::VerifyField(const flatbuffers::Verifier&, flatbuffers::voffset_t) const [with T = unsigned int; flatbuffers::voffset_t = short unsigned int]’
 2643 |   bool VerifyField(const Verifier &verifier, voffset_t field) const {
      |        ^~~~~~~~~~~
/usr/local/include/flatbuffers/flatbuffers.h:2643:8: note:   candidate expects 2 arguments, 3 provided
In file included from /usr/include/tensorflow/lite/core/api/op_resolver.h:24,
                 from /usr/include/tensorflow/lite/core/interpreter_builder.h:36,
                 from /usr/include/tensorflow/lite/interpreter_builder.h:20,
                 from /usr/include/tensorflow/lite/model.h:20,
                 from test.cpp:35:
/usr/include/tensorflow/lite/schema/schema_generated.h: In member function ‘bool tflite::SignatureDef::Verify(flatbuffers::Verifier&) const’:
/usr/include/tensorflow/lite/schema/schema_generated.h:13087:64: error: no matching function for call to ‘tflite::SignatureDef::VerifyField<uint32_t>(flatbuffers::Verifier&, tflite::SignatureDef::FlatBuffersVTableOffset, int) const’
13087 |            VerifyField<uint32_t>(verifier, VT_SUBGRAPH_INDEX, 4) &&
      |                                                                ^
In file included from /usr/include/tensorflow/lite/core/interpreter_builder.h:33,
                 from /usr/include/tensorflow/lite/interpreter_builder.h:20,
                 from /usr/include/tensorflow/lite/model.h:20,
                 from test.cpp:35:
/usr/local/include/flatbuffers/flatbuffers.h:2643:8: note: candidate: ‘bool flatbuffers::Table::VerifyField(const flatbuffers::Verifier&, flatbuffers::voffset_t) const [with T = unsigned int; flatbuffers::voffset_t = short unsigned int]’
 2643 |   bool VerifyField(const Verifier &verifier, voffset_t field) const {
      |        ^~~~~~~~~~~
/usr/local/include/flatbuffers/flatbuffers.h:2643:8: note:   candidate expects 2 arguments, 3 provided
In file included from /usr/include/tensorflow/lite/core/api/op_resolver.h:24,
                 from /usr/include/tensorflow/lite/core/interpreter_builder.h:36,
                 from /usr/include/tensorflow/lite/interpreter_builder.h:20,
                 from /usr/include/tensorflow/lite/model.h:20,
                 from test.cpp:35:
/usr/include/tensorflow/lite/schema/schema_generated.h: In member function ‘bool tflite::Model::Verify(flatbuffers::Verifier&) const’:
/usr/include/tensorflow/lite/schema/schema_generated.h:13210:57: error: no matching function for call to ‘tflite::Model::VerifyField<uint32_t>(flatbuffers::Verifier&, tflite::Model::FlatBuffersVTableOffset, int) const’
13210 |            VerifyField<uint32_t>(verifier, VT_VERSION, 4) &&
      |                                                         ^
In file included from /usr/include/tensorflow/lite/core/interpreter_builder.h:33,
                 from /usr/include/tensorflow/lite/interpreter_builder.h:20,
                 from /usr/include/tensorflow/lite/model.h:20,
                 from test.cpp:35:
/usr/local/include/flatbuffers/flatbuffers.h:2643:8: note: candidate: ‘bool flatbuffers::Table::VerifyField(const flatbuffers::Verifier&, flatbuffers::voffset_t) const [with T = unsigned int; flatbuffers::voffset_t = short unsigned int]’
 2643 |   bool VerifyField(const Verifier &verifier, voffset_t field) const {
      |        ^~~~~~~~~~~
/usr/local/include/flatbuffers/flatbuffers.h:2643:8: note:   candidate expects 2 arguments, 3 provided
test.cpp: In function ‘cv::Mat process_2(std::string, std::string, std::vector<cv::Rect_<int> >&, std::vector<int>&, std::vector<int>&, cv::Mat*)’:
test.cpp:248:66: error: too many arguments to function ‘tflite::evaluation::TfLiteDelegatePtr tflite::evaluation::CreateNNAPIDelegate()’
  248 |   auto delegate = tflite::evaluation::CreateNNAPIDelegate(options);
      |                                                                  ^
In file included from test.cpp:44:
/usr/include/tensorflow/lite/tools/evaluation/utils.h:84:19: note: declared here
   84 | TfLiteDelegatePtr CreateNNAPIDelegate();
      |                   ^~~~~~~~~~~~~~~~~~~
test.cpp: In function ‘cv::Mat process_3(std::string, std::string, std::vector<cv::Rect_<int> >&, std::vector<int>&, std::vector<int>&, cv::Mat*)’:
test.cpp:585:57: error: ‘ext_delegate_option’ was not declared in this scope; did you mean ‘ext_delegate_ptr’?
  585 |   auto ext_delegate_ptr = TfLiteExternalDelegateCreate(&ext_delegate_option);
      |                                                         ^~~~~~~~~~~~~~~~~~~
      |                                                         ext_delegate_ptr
